SEQ 900900
PIC 000405f3 2 PROG RFF TFF
PIC 0004ee32 0 PROG RFF
PIC 00050096 1 PROG TFF
PIC 00051112 5 PROG TFF
PIC 00054f46 3 PROG
PIC 0005616a 4 PROG RFF
PIC 00057466 8 TFF
PIC 0005c1a2 6 PROG TFF
PIC 0005d40e 7 TFF
PIC 0005e68a 11 PROG RFF TFF
PIC 00063526 9 PROG TFF
PIC 0006498a 10 PROG TFF
PIC 00065d1e 14 PROG TFF
PIC 0006ab5a 12 PROG
PIC 0006bf36 13 PROG RFF
PIC 0006d252 17 PROG RFF
PIC 0007181e 15 PROG RFF TFF
PIC 00072d62 16 PROG
PIC 0007425e 20 PROG
PIC 00078ac2 18 PROG TFF
PIC 0007a326 19 PROG RFF TFF
PIC 0007c0ea 23 PROG RFF TFF
PIC 000835ee 21 PROG RFF
PIC 00085b02 22 PROG TFF
SEQ 900900
PIC 00087ad3 2 PROG TFF
PIC 000993a2 0 PROG
PIC 0009affe 1 PROG RFF
PIC 0009cb72 5 PROG RFF
PIC 000a385e 3 PROG RFF TFF
PIC 000a5682 4 PROG
PIC 000a755e 8 PROG
PIC 000b0bfa 6 PROG TFF
PIC 000b295e 7 PROG RFF TFF
PIC 000b459a 11 PROG RFF TFF
PIC 000bc93e 9 PROG RFF
PIC 000be672 10 PROG TFF
PIC 000c0296 14 PROG TFF
PIC 000c702a 12 PROG
PIC 000c8b96 13 PROG RFF
PIC 000ca66a 17 PROG RFF
PIC 000d0e96 15 PROG RFF TFF
PIC 000d2aba 16 PROG
PIC 000d440e 20 PROG
PIC 000d9fea 18 PROG TFF
PIC 000db80e 19 PROG RFF TFF
PIC 000dd0b2 23 PROG RFF TFF
PIC 000e2ad6 21 PROG RFF
PIC 000e429a 22 PROG TFF
SEQ 900900
PIC 000e59cb 2 PROG TFF
PIC 000f4752 0 PROG
PIC 000f5dce 1 PROG RFF
PIC 000f752a 5 PROG RFF
PIC 000fcdbe 3 PROG RFF TFF
PIC 000fe3aa 4 PROG
PIC 000ff88e 8 PROG
PIC 0010528a 6 PROG TFF
PIC 0010688e 7 PROG RFF TFF
PIC 00107e7a 11 PROG RFF TFF
PIC 0010d4a6 9 PROG RFF
PIC 0010eb82 10 PROG TFF
PIC 0011004e 14 PROG TFF
PIC 0011575a 12 PROG
PIC 00116bd6 13 PROG RFF
PIC 00118152 17 PROG RFF
PIC 0011dbfe 15 PROG RFF TFF
PIC 0011f262 16 PROG
PIC 001209be 20 PROG
PIC 00127d02 18 PROG TFF
PIC 0012933e 19 PROG RFF TFF
PIC 0012a8ca 23 PROG RFF TFF
PIC 0013181e 21 PROG RFF
PIC 00132fc2 22 PROG TFF
PIC 00134596 26 PROG TFF
PIC 0013a89a 24 PROG
PIC 0013be6e 25 PROG RFF
SEQ 900900
PIC 0013d747 2 PROG RFF
PIC 0014d06e 0 PROG RFF TFF
PIC 0014e79a 1 PROG
PIC 0014fe5e 5 PROG
PIC 00155d82 3 PROG TFF
PIC 001574e6 4 PROG RFF TFF
PIC 00158cda 8 PROG RFF TFF
PIC 0015e1d6 6 PROG RFF
PIC 0015f98a 7 PROG TFF
PIC 0016113e 11 PROG TFF
PIC 00166a32 9 PROG
PIC 0016831e 10 PROG RFF
PIC 00169bd2 14 PROG RFF
PIC 0016f26e 12 PROG RFF TFF
PIC 0017087a 13 PROG
PIC 0017209e 17 PROG
PIC 00177582 15 PROG TFF
PIC 00178bee 16 PROG RFF TFF
PIC 0017a312 20 PROG RFF TFF
PIC 0017f666 18 PROG RFF
PIC 00180df2 19 PROG TFF
PIC 0018241e 23 PROG TFF
PIC 001879e2 21 PROG
PIC 00189046 22 PROG RFF
PIC 0018a602 26 PROG RFF
PIC 0018f666 24 PROG RFF TFF
PIC 00190b32 25 PROG
PIC 00191ef6 29 PROG
PIC 00196f32 27 PROG TFF
PIC 00198256 28 PROG RFF TFF
PIC 00199532 32 PROG RFF TFF
PIC 0019e1c6 30 PROG RFF
PIC 0019f51a 31 PROG TFF
PIC 001a08ce 35 PROG TFF
PIC 001a575a 33 PROG
PIC 001a6c6e 34 PROG RFF
SEQ 900900
PIC 001a80ef 2 PROG TFF
PIC 001b879e 0 PROG TFF
PIC 001b9d22 1 PROG TFF
PIC 001bb4de 5 PROG RFF TFF
PIC 001c04da 3 PROG TFF
PIC 001c1686 4 PROG TFF
PIC 001c2952 8 PROG TFF
PIC 001c7416 6 PROG
PIC 001c86f2 7 PROG RFF
PIC 001c9a3e 11 PROG RFF
PIC 001ce182 9 PROG RFF TFF
PIC 001cf4de 10 PROG
PIC 001d07fa 14 PROG
PIC 001d438e 12 PROG TFF
PIC 001d5422 13 PROG RFF TFF
PIC 001d6456 17 PROG RFF TFF
PIC 001da2aa 15 PROG RFF
PIC 001db356 16 PROG TFF
PIC 001dc39a 20 PROG TFF
PIC 001e05f6 18 PROG
PIC 001e15a2 19 PROG RFF
PIC 001e24fe 23 PROG RFF
PIC 001e6542 21 PROG RFF TFF
PIC 001e75d6 22 PROG
PIC 001e85b2 26 PROG
PIC 001ec746 24 PROG TFF
PIC 001ed6aa 25 PROG RFF TFF
SEQ 900900
PIC 001ee603 2 PROG RFF TFF
PIC 001ff56a 0 PROG RFF
PIC 00200486 1 PROG TFF
PIC 00201412 5 PROG TFF
PIC 002058ce 3 PROG
PIC 0020687a 4 PROG RFF
PIC 002076be 8 PROG RFF
PIC 0020b662 6 PROG RFF TFF
PIC 0020c7e6 7 PROG
PIC 0020d94a 11 PROG
PIC 00211d66 9 PROG TFF
PIC 00212d3a 10 PROG RFF TFF
PIC 00213c5e 14 PROG RFF TFF
PIC 00218362 12 PROG RFF
PIC 002191de 13 PROG TFF
PIC 0021a15a 17 PROG TFF
PIC 0021ddbe 15 PROG
PIC 0021ec7a 16 PROG RFF
PIC 0021faf6 20 PROG RFF
PIC 002238fa 18 PROG RFF TFF
PIC 002246fe 19 PROG
PIC 002254e2 23 PROG
PIC 00229b36 21 PROG TFF
PIC 0022aac2 22 PROG RFF TFF
PIC 0022c276 26 PROG RFF TFF
PIC 0023123a 24 PROG RFF
PIC 0023227e 25 PROG TFF
SEQ 900900
PIC 0023470f 2 PROG TFF
PIC 0024956e 0 PROG
PIC 0024a7c2 1 PROG RFF
PIC 0024b826 5 PROG RFF
PIC 0024fa92 3 PROG RFF TFF
PIC 00250ace 4 PROG
PIC 00251c22 8 PROG
PIC 0025669e 6 PROG TFF
PIC 00257902 7 PROG RFF TFF
PIC 00258c4e 11 PROG RFF TFF
PIC 0025d45a 9 PROG RFF
PIC 0025e70e 10 PROG TFF
PIC 0025f732 14 PROG
PIC 00264a5e 12 PROG
PIC 002659aa 13 PROG
PIC 0026763e 17 PROG
PIC 0026baaa 15 PROG
PIC 0026d746 16 PROG
PIC 0026e9b2 18 PROG RFF
PIC 00272bbe 19 PROG TFF
SEQ 900900
PIC 00274b3f 0 PROG RFF TFF
PIC 002844ce 1 PROG
PIC 0028779a 2 PROG RFF
PIC 0028b8a6 3 PROG TFF
PIC 0028f45a 4 PROG RFF TFF
PIC 00292a4e 5 PROG
PIC 002966e2 6 PROG RFF
PIC 00299ee6 7 PROG TFF
PIC 0029e7f2 8 PROG RFF TFF
PIC 002a28ae 9 PROG
PIC 002a68ca 10 PROG RFF
PIC 002aa816 11 PROG TFF
PIC 002ade22 12 PROG RFF TFF
PIC 002b232e 13 PROG
PIC 002b58c2 14 PROG RFF
PIC 002b965e 15 PROG TFF
PIC 002bd24a 16 PROG RFF TFF
PIC 002c03ce 17 PROG
PIC 002c35d2 18 PROG RFF
PIC 002c6a2e 19 PROG TFF
PIC 002c9ffa 20 PROG RFF TFF
PIC 002cce76 21 PROG
PIC 002d004a 22 PROG
PIC 002d3196 23 PROG
PIC 002d592a 24
PIC 002d6c5e 25 PROG
PIC 002dba5a 26 PROG
PIC 002de4ae 27 PROG
PIC 002e1cd2 28
PIC 002e4db6 29
PIC 002e7992 30 PROG
PIC 002ec76e 31 PROG
SEQ 900900
PIC 002eed07 0 PROG RFF
PIC 002f62b6 1 PROG TFF
PIC 002fa772 2 PROG RFF TFF
PIC 002fc59e 3 PROG
PIC 002fde9a 4 PROG RFF
PIC 00300db6 5 PROG TFF
PIC 0030663a 6 PROG RFF TFF
PIC 0030c77e 7 PROG
PIC 00312e72 8 PROG RFF
PIC 00316f4e 9 PROG TFF
PIC 0031c13a 10 PROG RFF TFF
PIC 00320e0e 11 PROG
PIC 00323d92 12 PROG RFF
PIC 00327d2e 13 PROG TFF
PIC 0032c2f2 14 PROG RFF TFF
PIC 0032ed6e 15 PROG
PIC 00333d02 16 PROG RFF
PIC 00337c36 17 PROG TFF
PIC 0033ad0a 18 PROG RFF TFF
PIC 0033ef56 19 PROG
PIC 00341c8a 20 PROG RFF
PIC 00345926 21 PROG TFF
PIC 00348a0a 22 PROG RFF TFF
PIC 0034c5f6 25 PROG TFF
PIC 00350152 23 PROG
PIC 003514f6 24 PROG RFF
PIC 003535ba 28 PROG RFF
PIC 00359056 26 PROG RFF TFF
PIC 0035ac32 27 PROG
PIC 0035e8b6 31 PROG
PIC 0036204a 29 PROG TFF
PIC 003646e6 30 PROG RFF TFF
SEQ 900900
PIC 003669e7 2 PROG RFF TFF
PIC 0036e58e 0 PROG RFF
PIC 003705b2 1 PROG TFF
PIC 00372556 5 PROG TFF
PIC 00378a4a 3 PROG
PIC 0037a5f6 4 PROG RFF
PIC 0037c0da 8 PROG RFF
PIC 00381be6 6 PROG RFF TFF
PIC 0038337a 7 PROG
PIC 00384926 11 PROG
PIC 0038995a 9 PROG TFF
PIC 0038acb6 10 PROG RFF TFF
PIC 0038bc6a 14 PROG RFF TFF
PIC 0038fdce 12 PROG RFF
PIC 00390cc2 13 PROG TFF
PIC 00391ce6 17 PROG TFF
PIC 00395dd2 15 PROG
PIC 00396e5e 16 PROG RFF
PIC 00397ca2 20 PROG RFF
PIC 0039b786 18 PROG RFF TFF
PIC 0039c542 19 PROG
PIC 0039d28e 23 PROG
PIC 003a1c02 21 PROG TFF
PIC 003a33be 22 PROG RFF TFF
PIC 003a4fd2 24 PROG RFF
PIC 003a939e 25 PROG TFF
PIC 003ab9aa 26 PROG RFF TFF
PIC 003adcc6 27 PROG
PIC 003afeea 28 PROG RFF
SEQ 900900
PIC 003b1ecb 0 PROG TFF
PIC 003baeaa 3 PROG RFF
PIC 003be70e 1 PROG RFF TFF
PIC 003c05a2 2 PROG
PIC 003c240e 6 PROG
PIC 003c6f0a 4 PROG TFF
PIC 003c879e 5 PROG RFF TFF
PIC 003c9da2 9 PROG RFF TFF
PIC 003ce16e 7 PROG RFF
PIC 003cf11a 8 PROG TFF
PIC 003cff8e 12 PROG TFF
PIC 003d4622 10 PROG
PIC 003d55e6 11 PROG RFF
PIC 003d693a 15 PROG RFF
PIC 003db1c6 13 PROG RFF TFF
PIC 003dc6a2 14 PROG
PIC 003ddb1e 18 PROG
PIC 003e2332 16 PROG TFF
PIC 003e382e 17 PROG RFF TFF
PIC 003e4dca 21 PROG RFF TFF
PIC 003e9876 19 PROG RFF
PIC 003eaf62 20 PROG TFF
PIC 003ec056 24 PROG TFF
PIC 003f0a9a 22 PROG
PIC 003f18ee 23 PROG RFF
PIC 003f26aa 27 PROG RFF
PIC 003f6fae 25 PROG RFF TFF
PIC 003f7da2 26 PROG
PIC 003f8f2e 30 PROG
PIC 003fdc3a 28 PROG TFF
PIC 003fecb6 29 PROG RFF TFF
SEQ 900900
PIC 003ffb97 2 PROG
PIC 0040b33e 0 PROG
PIC 0040c202 1 PROG
PIC 0040d116 5 PROG RFF
PIC 0041195a 3 PROG
PIC 00412e9e 4 PROG
PIC 00413f62 8 PROG
PIC 004182fe 6 PROG TFF
PIC 00419082 7 PROG RFF TFF
PIC 00419dae 11 PROG RFF TFF
PIC 0041e532 9 PROG RFF
PIC 0041f416 10 PROG TFF
PIC 00420652 14 PROG TFF
PIC 00425626 12 PROG
PIC 00426aa2 13 PROG RFF
PIC 00427e86 17 PROG RFF
PIC 0042cf42 15 PROG RFF TFF
PIC 0042e2a6 16 PROG
PIC 0042f522 20 PROG
PIC 0043406e 18 PROG TFF
PIC 00435242 19 PROG RFF TFF
PIC 004364be 23 PROG RFF TFF
PIC 0043b0ea 21 PROG RFF
PIC 0043c276 22 PROG TFF
PIC 0043d3ca 26 PROG TFF
PIC 004420ce 24 PROG
PIC 00443692 25 PROG RFF
SEQ 900900
PIC 00444b7b 2 PROG RFF
PIC 00451442 0 PROG RFF TFF
PIC 00452e66 1 PROG
PIC 00454302 5 PROG
PIC 00458566 3 PROG TFF
PIC 00459c72 4 PROG RFF TFF
PIC 0045b206 8 PROG RFF TFF
PIC 0045f442 6 PROG RFF
PIC 004607b6 7 PROG TFF
PIC 00461cca 11 PROG TFF
PIC 00465ed6 9 PROG
PIC 00467702 10 PROG RFF
PIC 0046914e 14 PROG RFF
PIC 0046d23a 12 PROG RFF TFF
PIC 0046ee9e 13 PROG
PIC 00470762 17 PROG
PIC 00476de6 15 PROG TFF
PIC 00478bfa 16 PROG RFF TFF
PIC 0047aa6e 20 PROG RFF TFF
PIC 0047fdc2 18 PROG RFF
PIC 00481e8e 19 PROG TFF
SEQ 900900
PIC 0048414f 2 PROG TFF
PIC 00491966 0 PROG
PIC 004938ba 1 PROG RFF
PIC 004955b6 5 PROG RFF
PIC 0049ae7a 3 PROG RFF TFF
PIC 0049cc7e 4 PROG
PIC 0049ec7a 8 PROG
PIC 004a4356 6 PROG TFF
PIC 004a661a 7 PROG RFF TFF
SEQ 900900
PIC 004a88eb 2 PROG RFF TFF
PIC 004b4d3a 0 PROG RFF
PIC 004b6d0e 1 PROG TFF
PIC 004b8e02 5 PROG TFF
PIC 004bc8be 3 PROG
PIC 004bd782 4 PROG RFF
PIC 004be56e 8 PROG RFF
PIC 004c16aa 6 PROG RFF TFF
PIC 004c2576 7 PROG
PIC 004c337a 11 PROG
PIC 004c62de 9 PROG TFF
PIC 004c7012 10 PROG RFF TFF
PIC 004c7dae 14 PROG RFF TFF
PIC 004caf2a 12 PROG RFF
PIC 004cbd2e 13 PROG TFF
PIC 004ccc3a 17 PROG TFF
PIC 004cfd2e 15 PROG
PIC 004d0c3a 16 PROG RFF
PIC 004d1bc6 20 PROG RFF
PIC 004d4db2 18 PROG RFF TFF
PIC 004d79be 19 PROG
PIC 004da02a 23 PROG
PIC 004dd88e 21 PROG TFF
PIC 004dfcf2 22 PROG RFF TFF
SEQ 900900
PIC 004e35bb 2 PROG RFF TFF
PIC 004f5282 0 PROG RFF
PIC 004f62d6 1 PROG TFF
PIC 004f7502 5 PROG TFF
PIC 004fb23e 3 PROG
PIC 004fc25a 4 PROG RFF
PIC 004fd216 8 PROG RFF
PIC 005011ea 6 PROG RFF TFF
PIC 0050222e 7 PROG
PIC 00503272 11 PROG
PIC 005072fe 9 PROG TFF
PIC 00508452 10 PROG RFF TFF
PIC 0050956e 14 PROG RFF TFF
PIC 0050d452 12 PROG RFF
PIC 0050e706 13 PROG TFF
PIC 0050f9f2 17 PROG TFF
PIC 00513ae6 15 PROG
PIC 0051510a 16 PROG RFF
PIC 0051896e 20 PROG RFF
PIC 0051c88a 18 PROG RFF TFF
PIC 0051e876 19 PROG
PIC 00520f2a 23 PROG
PIC 00525666 21 PROG TFF
PIC 00526cf2 22 PROG RFF TFF
SEQ 900900
PIC 0052a5b3 2 PROG RFF TFF
PIC 0053caa2 0 PROG RFF
PIC 0053dae6 1 PROG TFF
PIC 0053ea62 5 PROG TFF
PIC 005425fe 3 PROG
PIC 005435fa 4 PROG RFF
PIC 0054467e 8 PROG RFF
PIC 00548182 6 PROG RFF TFF
PIC 0054924e 7 PROG
PIC 0054a30a 11 PROG
PIC 0054e60e 9 PROG TFF
PIC 0054f5a2 10 PROG RFF TFF
PIC 0055049e 14 PROG RFF TFF
PIC 00554b5a 12 PROG RFF
PIC 00555ade 13 PROG TFF
PIC 00556aea 17 PROG TFF
PIC 0055c4ce 15 PROG
PIC 0055d81a 16 PROG RFF
PIC 0055fbbe 20 PROG RFF
PIC 0056614a 18 PROG RFF TFF
PIC 00567bce 19 PROG
SEQ 900900
PIC 00569327 2 PROG
PIC 00584c86 0 PROG TFF
PIC 005872e2 1 PROG RFF TFF
PIC 005892c6 5 PROG RFF TFF
PIC 0058fdca 3 PROG RFF
PIC 0059217e 4 PROG TFF
PIC 0059459a 8 PROG TFF
PIC 0059acae 6 PROG
PIC 0059cd5a 7 PROG RFF
PIC 0059e9d6 11 PROG RFF
PIC 005a4f92 9 PROG RFF TFF
PIC 005a6c16 10 PROG
PIC 005a8592 14 PROG
PIC 005aebce 12 PROG TFF
PIC 005b0642 13 PROG RFF TFF
PIC 005b1f9e 17 PROG RFF TFF
PIC 005b810a 15 PROG RFF
PIC 005b8e3e 16 PROG TFF
SEQ 900900
PIC 005b9977 2 PROG TFF
PIC 005c727e 0 PROG
PIC 005c7ca2 1 PROG RFF
PIC 005c889e 5 PROG RFF
PIC 005cba1a 3 PROG RFF TFF
PIC 005cc7be 4 PROG
PIC 005cd2b2 8 PROG
PIC 005cfc0e 6 PROG TFF
PIC 005d06da 7 PROG RFF TFF
PIC 005d11be 11 PROG RFF TFF
PIC 005d3912 9 PROG RFF
PIC 005d449e 10 PROG TFF
PIC 005d4eea 14 PROG TFF
PIC 005d749e 12 PROG
PIC 005d7f7a 13 PROG RFF
PIC 005d8c96 17 PROG RFF
PIC 005db00a 15 PROG RFF TFF
PIC 005dbda6 16 PROG
PIC 005dca9a 20 PROG
PIC 005deebe 18 PROG TFF
PIC 005e0cfa 19 PROG RFF TFF
PIC 005e4566 23 PROG RFF TFF
PIC 005e6ada 21 PROG RFF
PIC 005ea26e 22 PROG TFF
PIC 005ec76a 26 PROG TFF
PIC 005effd6 24 PROG
PIC 005f249a 25 PROG RFF
SEQ 900900
PIC 005f5d63 2 PROG RFF
PIC 0060a572 0 PROG RFF TFF
PIC 0060b44e 1 PROG
PIC 0060c58a 5 PROG
PIC 0060faf6 3 PROG TFF
PIC 0061098a 4 PROG RFF TFF
PIC 006119ae 8 PROG RFF TFF
PIC 00615572 6 PROG RFF
PIC 0061672e 7 PROG TFF
PIC 0061791a 11 PROG TFF
PIC 0061b186 9 PROG
PIC 0061c45a 10 PROG RFF
PIC 0061d5fe 14 PROG RFF
PIC 0062272a 12 PROG RFF TFF
PIC 0062366e 13 PROG
PIC 00624812 17 PROG
PIC 0062a5fe 15 PROG TFF
PIC 0062b632 16 PROG RFF TFF
PIC 0062c4ee 20 PROG RFF TFF
PIC 006319c2 18 PROG RFF
PIC 00632856 19 PROG TFF
SEQ 900900
PIC 00633637 2 PROG TFF
PIC 00648f46 0 PROG
PIC 00649d6a 1 PROG RFF
PIC 0064abde 5 PROG RFF
PIC 0064e8fa 3 PROG RFF TFF
PIC 0064f6f6 4 PROG
PIC 00650842 8 PROG
PIC 00653eae 6 PROG TFF
PIC 00654cda 7 PROG RFF TFF
PIC 00655d76 11 PROG RFF TFF
PIC 006594e2 9 PROG RFF
PIC 0065a366 10 PROG TFF
PIC 0065b21a 14 PROG TFF
PIC 0065f126 12 PROG
PIC 0066003a 13 PROG RFF
PIC 00660f6e 17 PROG RFF
PIC 00664a1a 15 PROG RFF TFF
PIC 0066648e 16 PROG
PIC 00668aba 20 PROG
PIC 0066c326 18 PROG TFF
PIC 0066e86a 19 PROG RFF TFF
SEQ 900900
PIC 00672133 2 PROG RFF TFF
PIC 00687ea2 0 PROG RFF
PIC 00688dce 1 PROG TFF
PIC 00689902 5 PROG TFF
PIC 0068d42e 3 PROG
PIC 0068dfaa 4 PROG RFF
PIC 0068ebe6 8 PROG RFF
PIC 00692722 6 PROG RFF TFF
PIC 00693686 7 PROG
PIC 0069466a 11 PROG
PIC 006976b6 9 PROG TFF
PIC 0069847a 10 PROG RFF TFF
SEQ 900900
PIC 00699613 2 PROG RFF TFF
PIC 006ada7a 0 PROG RFF
PIC 006afbae 1 PROG TFF
PIC 006b1f82 5 PROG TFF
PIC 006b765e 3 PROG
PIC 006b9062 4 PROG RFF
PIC 006ba806 8 PROG RFF
PIC 006c0452 6 PROG RFF TFF
PIC 006c19ee 7 PROG
PIC 006c338a 11 PROG
PIC 006c9346 9 PROG TFF
PIC 006cadda 10 PROG RFF TFF
PIC 006cce66 14 PROG RFF TFF
PIC 006d224a 12 PROG RFF
PIC 006d3d2e 13 PROG TFF
PIC 006d514a 17 PROG TFF
PIC 006dab26 15 PROG
PIC 006dc37a 16 PROG RFF
PIC 006ddf1e 20 PROG RFF
PIC 006e3762 18 PROG RFF TFF
PIC 006e51a6 19 PROG
PIC 006e6392 23 PROG
PIC 006eccc6 21 PROG TFF
PIC 006edfb2 22 PROG RFF TFF
PIC 006ef1f6 26 PROG RFF TFF
PIC 006f53c2 24 PROG RFF
PIC 006f668e 25 PROG TFF
SEQ 900900
PIC 006f794f 2 PROG TFF
PIC 00703e6e 0 PROG
PIC 00704ef2 1 PROG RFF
PIC 00705d26 5 PROG RFF
PIC 0070b1fa 3 PROG RFF TFF
PIC 0070c67e 4 PROG
PIC 0070d3e2 8 PROG
PIC 00712916 6 PROG TFF
PIC 007137d2 7 PROG RFF TFF
PIC 0071485e 11 PROG RFF TFF
PIC 0071927a 9 PROG RFF
PIC 0071a79e 10 PROG TFF
PIC 0071b812 14 PROG TFF
PIC 0072075e 12 PROG
PIC 00721372 13 PROG RFF
PIC 00722486 17 PROG RFF
PIC 00726a72 15 PROG RFF TFF
PIC 00727db6 16 PROG
PIC 00729122 20 PROG
PIC 0072e1b6 18 PROG TFF
PIC 0072ee32 19 PROG RFF TFF
PIC 0073009e 23 PROG RFF TFF
PIC 00734bc2 21 PROG RFF
PIC 00735fa6 22 PROG TFF
PIC 0073770a 26 PROG TFF
PIC 0073c8ce 24 PROG
PIC 0073d60a 25 PROG RFF
SEQ 900900
PIC 0073e853 2 PROG RFF
PIC 0074ce42 0 PROG RFF TFF
PIC 0074e3fe 1 PROG
PIC 0074fa8a 5 PROG
PIC 0075512e 3 PROG TFF
PIC 0075635a 4 PROG RFF TFF
PIC 007573a6 8 PROG RFF TFF
PIC 0075c99a 6 PROG RFF
PIC 0075dd4e 7 PROG TFF
PIC 0075f3b2 11 PROG TFF
PIC 007645f6 9 PROG
PIC 007657a2 10 PROG RFF
PIC 0076676e 14 PROG RFF
PIC 0076c152 12 PROG RFF TFF
PIC 0076d586 13 PROG
PIC 0076ecc2 17 PROG
PIC 0077465e 15 PROG TFF
PIC 007759ca 16 PROG RFF TFF
PIC 00776b4e 20 PROG RFF TFF
PIC 0077c44a 18 PROG RFF
PIC 0077d916 19 PROG TFF
PIC 0077f082 23 PROG TFF
PIC 00784926 21 PROG
PIC 00785b92 22 PROG RFF
PIC 00786cae 26 PROG RFF
PIC 0078ca42 24 PROG RFF TFF
PIC 0078dee6 25 PROG
SEQ 900900
PIC 0078f81f 2 PROG TFF
PIC 0079d276 0 PROG TFF
PIC 0079e70a 1 PROG TFF
PIC 0079f966 5 PROG TFF
PIC 007a54aa 3 PROG TFF
PIC 007a732e 4 PROG TFF
PIC 007a9312 8 PROG RFF
PIC 007ae2d6 6 PROG RFF TFF
PIC 007afcba 7 PROG
PIC 007b12f6 11 PROG
PIC 007b6a1a 9 PROG TFF
PIC 007b8646 10 PROG RFF TFF
PIC 007ba632 14 PROG RFF TFF
PIC 007bebf6 12 PROG RFF
PIC 007c076a 13 PROG TFF
PIC 007c1fce 17 PROG TFF
PIC 007c7672 15 PROG
PIC 007c9316 16 PROG RFF
PIC 007cb302 20 PROG RFF
PIC 007d00fe 18 PROG RFF TFF
PIC 007d17b2 19 PROG
PIC 007d2b6e 23 PROG
PIC 007d7e62 21 PROG TFF
PIC 007d96c6 22 PROG RFF TFF
PIC 007dafaa 26 PROG RFF TFF
PIC 007e06be 24 PROG RFF
PIC 007e180a 25 PROG TFF
PIC 007e277e 29 PROG TFF
PIC 007e7e12 27 PROG
PIC 007e92ee 28 PROG RFF
PIC 007eac0a 32 PROG RFF
PIC 007f0196 30 PROG RFF TFF
PIC 007f122a 31 PROG
SEQ 900900
PIC 007f2573 2 PROG TFF
PIC 007ff21a 0 PROG TFF
PIC 008007b6 1 PROG TFF
PIC 00801dc2 5 PROG TFF
PIC 0080774e 3 PROG TFF
PIC 00808b2a 4 PROG TFF
PIC 00809f1e 8 PROG RFF
PIC 0080f5b2 6 PROG RFF TFF
PIC 00810c0e 7 PROG
PIC 0081240a 11 PROG
PIC 00817aae 9 PROG TFF
PIC 0081880a 10 PROG RFF TFF
PIC 008197fe 14 PROG RFF TFF
PIC 0081e22a 12 PROG RFF
PIC 0081f4c6 13 PROG TFF
PIC 00820a02 17 PROG TFF
PIC 0082598e 15 PROG
PIC 0082656a 16 PROG RFF
PIC 00827676 20 PROG RFF
PIC 0082c3da 18 PROG RFF TFF
PIC 0082dafe 19 PROG
PIC 0082e852 23 PROG
PIC 008349ce 21 PROG TFF
PIC 00835ab2 22 PROG RFF TFF
PIC 00836d5e 26 PROG RFF TFF
PIC 0083ca82 24 PROG RFF
PIC 0083dd1e 25 PROG TFF
SEQ 900900
PIC 0083ee3f 2 PROG TFF
PIC 0084c5ee 0 PROG
PIC 0084e05a 1 PROG RFF
PIC 00850096 5 PROG RFF
PIC 00854fd2 3 PROG RFF TFF
PIC 008568fe 4 PROG
PIC 00857ef2 8 PROG
PIC 0085cf16 6 PROG TFF
PIC 0085e7ea 7 PROG RFF TFF
PIC 0086010e 11 PROG RFF TFF
PIC 008657ca 9 PROG RFF
PIC 008668be 10 PROG TFF
PIC 00867e12 14 PROG TFF
PIC 0086d3b6 12 PROG
PIC 0086f03a 13 PROG RFF
PIC 00870bbe 17 PROG RFF
PIC 0087720a 15 PROG RFF TFF
PIC 008788c6 16 PROG
PIC 00879dda 20 PROG
PIC 0087fa16 18 PROG TFF
PIC 00880eea 19 PROG RFF TFF
PIC 0088244e 23 PROG RFF TFF
PIC 00887e62 21 PROG RFF
PIC 00889c86 22 PROG TFF
SEQ 900900
PIC 0088be57 2 PROG
PIC 0089918e 0 PROG
PIC 0089abf2 1 PROG
PIC 0089d166 5 PROG
PIC 008a2eea 3 PROG
PIC 008a580e 4 PROG
PIC 008a7eea 8 PROG RFF TFF
PIC 008adf36 6 PROG RFF
PIC 008af94a 7 PROG TFF
PIC 008b0f6e 11 PROG TFF
PIC 008b59d2 9 PROG
PIC 008b72ae 10 PROG RFF
PIC 008b8982 14 PROG RFF
PIC 008beaf6 12 PROG RFF TFF
PIC 008bffd2 13 PROG
PIC 008c1486 17 PROG
PIC 008c6e3a 15 PROG TFF
PIC 008c847e 16 PROG RFF TFF
PIC 008c9aba 20 PROG RFF TFF
PIC 008ceac6 18 PROG RFF
PIC 008d098a 19 PROG TFF
PIC 008d28ae 23 PROG TFF
PIC 008d749a 21 PROG
PIC 008d81ce 22 PROG RFF
PIC 008d9522 26 PROG RFF
PIC 008dcff6 24 PROG RFF TFF
PIC 008de91a 25 PROG
PIC 008df6a6 29 PROG
PIC 008e3542 27 PROG TFF
PIC 008e4ff6 28 PROG RFF TFF
SEQ 900900
PIC 008e6fdf 2 PROG RFF TFF
PIC 008f3ad6 0 PROG RFF
PIC 008f5302 1 PROG TFF
PIC 008f695e 5 PROG TFF
PIC 008fc19a 3 PROG
PIC 008fdae6 4 PROG RFF
PIC 008feee2 8 PROG RFF
PIC 009048fe 6 PROG RFF TFF
PIC 00905dea 7 PROG
PIC 0090796e 11 PROG
PIC 0090bba2 9 PROG TFF
PIC 0090d596 10 PROG RFF TFF
PIC 0090eaea 14 PROG RFF TFF
PIC 00913476 12 PROG RFF
PIC 00914c12 13 PROG TFF
PIC 00915fde 17 PROG TFF
PIC 0091b72a 15 PROG
PIC 0091cade 16 PROG RFF
PIC 0091e5ba 20 PROG RFF
PIC 00923346 18 PROG RFF TFF
PIC 00924f0a 19 PROG
PIC 00926826 23 PROG
PIC 0092ba7a 21 PROG TFF
PIC 0092d566 22 PROG RFF TFF
PIC 0092ea52 26 PROG RFF TFF
PIC 00933d56 24 PROG RFF
PIC 0093572a 25 PROG TFF
PIC 00937806 29 PROG TFF
PIC 0093c292 27 PROG
PIC 0093d6ee 28 PROG RFF
PIC 0093eaf2 32 PROG RFF
PIC 00943d86 30 PROG RFF TFF
PIC 009457ba 31 PROG
SEQ 900900
PIC 00946a33 2 PROG
PIC 009534fa 0 PROG TFF
PIC 009557fe 1 PROG RFF TFF
PIC 009588ea 5 PROG TFF
PIC 0095bae6 3 PROG RFF
PIC 0095c662 4 PROG TFF
PIC 0095cf7e 8 PROG TFF
PIC 0096147a 6 PROG TFF
PIC 0096293e 7 PROG TFF
PIC 00963792 11 PROG
PIC 0096785e 9 PROG TFF
PIC 009688ba 10 PROG RFF TFF
PIC 009699f6 14 PROG RFF TFF
PIC 0096dce2 12 PROG RFF
PIC 0096ed26 13 PROG TFF
PIC 0096feea 17 PROG TFF
PIC 0097419e 15 PROG
PIC 00975612 16 PROG RFF
PIC 00976b46 20 PROG RFF
PIC 0097b482 18 PROG RFF TFF
PIC 0097c996 19 PROG
PIC 0097de8a 23 PROG
PIC 009824be 21 PROG TFF
PIC 00983ac2 22 PROG RFF TFF
PIC 009851e6 26 PROG RFF TFF
PIC 00989922 24 PROG RFF
PIC 0098ac76 25 PROG TFF
PIC 0098bde2 29 PROG TFF
PIC 0099009e 27 PROG
PIC 009912ea 28 PROG RFF
PIC 00992436 32 PROG RFF
PIC 00996892 30 PROG RFF TFF
PIC 009978d6 31 PROG
SEQ 900900
PIC 00998aa7 2 PROG TFF
PIC 009a99ae 0 PROG TFF
PIC 009aae42 1 PROG TFF
PIC 009ac2ee 5 PROG TFF
PIC 009b0b72 3 PROG TFF
PIC 009b244e 4 PROG TFF
PIC 009b3d2a 8 PROG RFF
PIC 009b870e 6 PROG RFF TFF
PIC 009b9e9a 7 PROG
PIC 009bb506 11 PROG
PIC 009bfc4a 9 PROG TFF
PIC 009c11b6 10 PROG RFF TFF
PIC 009c2612 14 PROG RFF TFF
PIC 009c7706 12 PROG RFF
PIC 009c8b0a 13 PROG TFF
PIC 009ca0de 17 PROG TFF
PIC 009cf742 15 PROG
PIC 009d0d26 16 PROG RFF
PIC 009d23da 20 PROG RFF
PIC 009d76a6 18 PROG RFF TFF
PIC 009d8d8a 19 PROG
SEQ 900900
PIC 009da553 2 PROG
PIC 009e7d32 0 PROG TFF
PIC 009e945e 1 PROG RFF TFF
PIC 009eaaea 5 PROG RFF TFF
PIC 009efc8e 3 PROG RFF
PIC 009f137a 4 PROG TFF
PIC 009f2b6e 8 PROG TFF
PIC 009f787a 6 PROG
PIC 009f91b6 7 PROG RFF
PIC 009faa7a 11 PROG
PIC 009ffaee 9 PROG RFF TFF
PIC 00a0103a 10 PROG
PIC 00a024ee 14 PROG
PIC 00a07372 12 PROG
PIC 00a08b9e 13 PROG
PIC 00a0a382 17 PROG
PIC 00a0f81e 15 PROG
PIC 00a10f2a 16 PROG
PIC 00a123b6 20 PROG
PIC 00a18e0a 18 PROG
PIC 00a1b206 19 PROG
PIC 00a1cb02 23 PROG
PIC 00a223b6 21 PROG
PIC 00a235ca 22 PROG
SEQ 900900
PIC 00a24833 2 PROG
PIC 00a2f9b2 0 PROG
PIC 00a30c46 1 PROG
PIC 00a31dca 5 PROG
PIC 00a372d6 3 PROG
PIC 00a387f2 4 PROG
PIC 00a3a03e 8 PROG
PIC 00a3f19a 6 PROG
PIC 00a4082e 7 PROG
PIC 00a41bd2 11 PROG
PIC 00a46cb6 9 PROG
PIC 00a4841a 10 PROG
PIC 00a49a9e 14 PROG
PIC 00a4f26a 12 PROG
PIC 00a5050e 13 PROG
PIC 00a5177a 17 PROG
PIC 00a568ee 15 PROG
PIC 00a57d5a 16 PROG
PIC 00a58e9e 20 PROG
PIC 00a5d6e2 18 PROG
PIC 00a5efe6 19 PROG
PIC 00a60ea2 23 PROG
PIC 00a6577e 21 PROG
PIC 00a66ff2 22 PROG
PIC 00a6843e 26 PROG
PIC 00a6d9ba 24 PROG
PIC 00a6ef9e 25 PROG
PIC 00a70382 29 PROG
PIC 00a74fb6 27 PROG
PIC 00a76142 28 PROG
PIC 00a77276 32 PROG
PIC 00a7b6da 30 PROG
PIC 00a7ca4e 31 PROG
PIC 00a7d9c2 35 PROG
PIC 00a82276 33 PROG
PIC 00a83472 34 PROG
SEQ 900900
PIC 00a84f9b 2 PROG
PIC 00a91a42 0 PROG
PIC 00a9331e 1 PROG
PIC 00a9564a 5 PROG
PIC 00a99e2e 3 PROG
PIC 00a9b9a2 4 PROG
PIC 00a9cf4e 8 PROG
PIC 00aa2c8a 6 PROG
PIC 00aa3f9e 7 PROG
PIC 00aa540a 11 PROG
PIC 00aaabf6 9 PROG
PIC 00aac19a 10 PROG
PIC 00aad4f6 14 PROG
PIC 00ab226a 12 PROG
PIC 00ab3996 13 PROG
PIC 00ab53f2 17 PROG
PIC 00aba7be 15 PROG
PIC 00abbf22 16 PROG
PIC 00abd186 20 PROG
PIC 00ac263a 18 PROG
PIC 00ac3c06 19 PROG
PIC 00ac519a 23 PROG
PIC 00acb2a6 21 PROG
PIC 00acc4e2 22 PROG
PIC 00acd93e 26 PROG
PIC 00ad2f92 24 PROG
PIC 00ad4666 25 PROG
PIC 00ad5a22 29 PROG
PIC 00adaa06 27 PROG
PIC 00adc4d2 28 PROG
PIC 00ade136 32 PROG
PIC 00ae3672 30 PROG
PIC 00ae4cbe 31 PROG
PIC 00ae5ed2 35 PROG
PIC 00aeb446 33 PROG
PIC 00aec6ba 34 PROG
PIC 00aed7fe 38 PROG
PIC 00af2b62 36 PROG
PIC 00af3a0e 37 PROG
SEQ 900900
PIC 00af498f 2 PROG
PIC 00aff4fe 0 PROG
PIC 00b0076a 1 PROG
PIC 00b01a7e 5 PROG
PIC 00b054b2 3 PROG
PIC 00b06a56 4 PROG
PIC 00b07f4a 8 PROG
PIC 00b0adfe 6 PROG
PIC 00b0c3aa 7 PROG
PIC 00b0d5d6 11 PROG
PIC 00b1290a 9 PROG
PIC 00b136ae 10 PROG
PIC 00b14542 14 PROG
PIC 00b184a6 12 PROG
PIC 00b1966a 13 PROG
PIC 00b1a796 17 PROG
PIC 00b1de8a 15 PROG
PIC 00b1f2ae 16 PROG
PIC 00b201e2 20 PROG
PIC 00b23c1e 18 PROG
PIC 00b24bf2 19 PROG
PIC 00b25ec6 23 PROG
PIC 00b297d2 21 PROG
PIC 00b2ab66 22 PROG
PIC 00b2bb2a 26 PROG
PIC 00b2feb6 24 PROG
PIC 00b30cc2 25 PROG
PIC 00b31c86 29 PROG
PIC 00b35b82 27 PROG
PIC 00b36a5e 28 PROG
SEQ 900900
PIC 00b379ef 2 PROG
PIC 00b44d76 0 PROG
PIC 00b45fea 1 PROG
PIC 00b4844e 5 PROG
PIC 00b4d4e2 3 PROG
PIC 00b4f58e 4 PROG
PIC 00b5237a 8 PROG
PIC 00b5876e 6 PROG
PIC 00b5adc2 7 PROG
PIC 00b5c9c6 11 PROG
PIC 00b639ba 9
PIC 00b658d6 10 PROG
PIC 00b67492 14 PROG
PIC 00b6d85e 12 PROG
PIC 00b6f86a 13 PROG
PIC 00b71e7e 17 PROG
PIC 00b772ca 15 PROG
PIC 00b7927e 16 PROG
PIC 00b7b2b2 20 PROG
PIC 00b804ae 18 PROG
PIC 00b81dc2 19 PROG
PIC 00b83f6e 23 PROG
PIC 00b891fa 21 PROG
PIC 00b8b166 22 PROG
PIC 00b8c52a 26 PROG
PIC 00b91c0e 24 PROG
PIC 00b9342a 25 PROG
PIC 00b949e6 29 PROG
PIC 00b993d2 27 PROG
PIC 00b9aa8e 28 PROG
PIC 00b9c612 32 PROG
PIC 00ba12be 30 PROG
PIC 00ba2b42 31 PROG
SEQ 900900
PIC 00ba4543 2 PROG
PIC 00bac422 0
PIC 00baf366 1 PROG
PIC 00bb140a 5 PROG
PIC 00bb603e 3 PROG
PIC 00bb71e2 4 PROG
PIC 00bb7eee 8 PROG
PIC 00bbc332 6 PROG
PIC 00bbce86 7 PROG
PIC 00bbda72 11 PROG
PIC 00bc0b66 9 PROG
PIC 00bc15a2 10 PROG
PIC 00bc1ede 14 PROG
PIC 00bc646a 12 PROG
PIC 00bc7ede 13 PROG
PIC 00bc9082 17 PROG
PIC 00bccf9e 15 PROG
PIC 00bcde82 16 PROG
PIC 00bced36 20 PROG
PIC 00bd2e22 18 PROG
PIC 00bd3d7e 19 PROG
PIC 00bd4e62 23 PROG
PIC 00bd957e 21 PROG
PIC 00bda482 22 PROG
PIC 00bdb54e 26 PROG
PIC 00bdffda 24 PROG
PIC 00be1086 25 PROG
PIC 00be2052 29 PROG
PIC 00be6426 27 PROG
PIC 00be761a 28 PROG
PIC 00be858e 32 PROG
PIC 00bec9b2 30 PROG
PIC 00beda56 31 PROG
PIC 00beec9a 35 PROG
PIC 00bf3436 33 PROG
PIC 00bf45ca 34 PROG
PIC 00bf5626 38 PROG
PIC 00bfa0c2 36 PROG
PIC 00bfb166 37 PROG
PIC 00bfc312 41 PROG
PIC 00c0191e 39 PROG
PIC 00c0298a 40 PROG
SEQ 900900
PIC 00c03843 2 PROG
PIC 00c0d722 0 PROG
PIC 00c0e716 1 PROG
PIC 00c0f5c2 5 PROG
PIC 00c1474e 3 PROG
PIC 00c15732 4 PROG
PIC 00c16686 8 PROG
PIC 00c1b3f2 6 PROG
PIC 00c1c31e 7 PROG
PIC 00c1d2c2 11 PROG
PIC 00c21dce 9 PROG
PIC 00c22e12 10 PROG
PIC 00c23fb6 14 PROG
PIC 00c29052 12 PROG
PIC 00c2a0ae 13 PROG
PIC 00c2af9a 17 PROG
PIC 00c2fdc6 15 PROG
PIC 00c30e7a 16 PROG
PIC 00c3217e 20 PROG
PIC 00c367e2 18 PROG
PIC 00c37f5e 19 PROG
PIC 00c3981a 23 PROG
PIC 00c3e6b6 21 PROG
PIC 00c3fc72 22 PROG
PIC 00c40df6 26 PROG
PIC 00c46022 24 PROG
PIC 00c4733e 25 PROG
PIC 00c48662 29 PROG
PIC 00c4da5e 27 PROG
PIC 00c4eb62 28 PROG
PIC 00c4fdae 32 PROG
PIC 00c545ba 30 PROG
PIC 00c55aa6 31 PROG
SEQ 900900
PIC 00c56c87 2 PROG
PIC 00c6218e 0 PROG
PIC 00c633c2 1 PROG
PIC 00c64856 5 PROG
PIC 00c68fc2 3 PROG
PIC 00c6a4b6 4 PROG
PIC 00c6b7aa 8 PROG
PIC 00c703be 6 PROG
PIC 00c71472 7 PROG
PIC 00c725f6 11 PROG
PIC 00c7733a 9 PROG
PIC 00c7833e 10 PROG
PIC 00c79092 14 PROG
PIC 00c7d356 12 PROG
PIC 00c7e4c2 13 PROG
PIC 00c7f596 17 PROG
PIC 00c8389a 15 PROG
PIC 00c84b4e 16 PROG
PIC 00c85e92 20 PROG
PIC 00c8a146 18 PROG
PIC 00c8b25a 19 PROG
PIC 00c8bfb6 23 PROG
PIC 00c90292 21 PROG
PIC 00c9107e 22 PROG
PIC 00c91fea 26 PROG
PIC 00c96866 24 PROG
PIC 00c97722 25 PROG
PIC 00c98616 29 PROG
PIC 00c9cf8a 27 PROG
PIC 00c9e1c6 28 PROG
PIC 00c9f242 32 PROG
PIC 00ca2c8e 30 PROG
PIC 00ca3df2 31 PROG
PIC 00ca4ede 35
PIC 00caaaca 33 PROG
PIC 00cab7e6 34 PROG
SEQ 900900
PIC 00cac447 2 PROG
PIC 00cb4736 0
PIC 00cb5cc2 1 PROG
PIC 00cb6e66 5 PROG
PIC 00cbcd32 3 PROG
PIC 00cbde96 4 PROG
PIC 00cbefe2 8 PROG
PIC 00cc3286 6 PROG
PIC 00cc43a2 7 PROG
PIC 00cc5286 11 PROG
PIC 00cc72fa 9 PROG
PIC 00cc7fb6 10 PROG
PIC 00cc8d02 14 PROG
PIC 00ccb546 12 PROG
PIC 00ccc01a 13 PROG
PIC 00ccc97e 17 PROG
PIC 00cd17c2 15 PROG
PIC 00cd2626 16 PROG
PIC 00cd3b8a 20 PROG
PIC 00cd7bd6 18 PROG
PIC 00cd945a 19 PROG
PIC 00cda34e 23 PROG
PIC 00cde1f2 21 PROG
PIC 00cdf29e 22 PROG
PIC 00ce00c2 26 PROG
PIC 00ce3ce6 24 PROG
PIC 00ce4fc2 25 PROG
PIC 00ce64ce 29 PROG
PIC 00ce931a 27 PROG
PIC 00ce9f6e 28 PROG
PIC 00cea7aa 32 PROG
PIC 00cee9ae 30 PROG
PIC 00cef532 31 PROG
SEQ 900900
PIC 00cf054b 2 PROG
PIC 00cfcdfa 0 PROG
PIC 00cfe236 1 PROG
PIC 00cff44a 5 PROG
PIC 00d0304e 3 PROG
PIC 00d04362 4 PROG
PIC 00d05396 8 PROG
PIC 00d08d32 6 PROG
PIC 00d09f66 7 PROG
PIC 00d0b31a 11 PROG
PIC 00d0f55e 9 PROG
PIC 00d104ba 10 PROG
PIC 00d1127e 14 PROG
PIC 00d172aa 12 PROG
PIC 00d17f4e 13 PROG
PIC 00d18df2 17 PROG
PIC 00d1f4e6 15 PROG
PIC 00d20622 16 PROG
PIC 00d217be 20 PROG
PIC 00d26012 18 PROG
PIC 00d274f6 19 PROG
PIC 00d286aa 23 PROG
PIC 00d2c68e 21 PROG
PIC 00d2df22 22 PROG
PIC 00d2f886 26 PROG
PIC 00d33682 24 PROG
PIC 00d349ce 25 PROG
SEQ 900900
PIC 00d35907 2 PROG
PIC 00d419be 0 PROG
PIC 00d42932 1 PROG
PIC 00d439be 5 PROG
PIC 00d4871a 3 PROG
PIC 00d498c6 4 PROG
PIC 00d4a9ba 8 PROG
PIC 00d4f0ce 6 PROG
PIC 00d503ba 7 PROG
PIC 00d516ae 11 PROG
PIC 00d556fa 9 PROG
PIC 00d572a6 10 PROG
PIC 00d590ba 14 PROG
PIC 00d5d33e 12 PROG
PIC 00d5e742 13 PROG
PIC 00d5f60e 17 PROG
PIC 00d63ad2 15 PROG
PIC 00d64a36 16 PROG
PIC 00d65b02 20 PROG
PIC 00d6a9b6 18 PROG
PIC 00d6bb42 19 PROG
PIC 00d6cd26 23 PROG
PIC 00d7113a 21 PROG
PIC 00d725de 22 PROG
PIC 00d73822 26 PROG
PIC 00d774de 24 PROG
PIC 00d79112 25 PROG
PIC 00d7b1b6 29 PROG
PIC 00d7f192 27 PROG
PIC 00d8045e 28 PROG
PIC 00d8122a 32 PROG
PIC 00d85586 30 PROG
PIC 00d8659a 31 PROG
SEQ 900900
PIC 00d8762b 2
PIC 00d93dea 0 PROG
PIC 00d95f96 1 PROG
PIC 00d97bc2 5
PIC 00d9c106 3
PIC 00d9d4ea 4
PIC 00d9e676 8
PIC 00da336a 6
PIC 00da464e 7
PIC 00da595a 11
PIC 00daa3fe 9
PIC 00dab8d2 10
PIC 00dace6e 14
PIC 00db32a2 12
PIC 00db44be 13
PIC 00db57aa 17
PIC 00dbb24e 15
PIC 00dbc6aa 16
PIC 00dbd786 20
PIC 00dc32a2 18
PIC 00dc475e 19
PIC 00dc5b32 23
PIC 00dcab4e 21
PIC 00dcba5a 22
PIC 00dcc866 26
PIC 00dd1af2 24
PIC 00dd3136 25
PIC 00dd49c2 29
PIC 00dd9a16 27
PIC 00ddb082 28
SEQ 900900
PIC 00ddc47b 2
PIC 00de8e12 0
PIC 00de9ff6 1
PIC 00deb032 5
PIC 00def666 3
PIC 00df0342 4
PIC 00df11be 8
PIC 00df4eb2 6
PIC 00df5e66 7
PIC 00df6af2 11
PIC 00dfb15e 9
PIC 00dfc172 10
PIC 00dfcda6 14
PIC 00e00fe2 12
PIC 00e01f36 13
PIC 00e02f02 17
PIC 00e07676 15
PIC 00e08672 16
PIC 00e094b6 20
PIC 00e0df5a 18
PIC 00e0f056 19
PIC 00e1006a 23
PIC 00e1480e 21
PIC 00e15632 22
PIC 00e163fe 26
PIC 00e1bcfa 24
PIC 00e1d626 25
PIC 00e1f3b2 29
PIC 00e23ece 27
PIC 00e253d2 28
PIC 00e26696 32
PIC 00e2ad52 30
PIC 00e2bf8e 31
PIC 00e2cffa 35
PIC 00e31e6e 33
PIC 00e3305a 34
PIC 00e341a6 38
PIC 00e38aea 36
PIC 00e39bf6 37
SEQ 900900
PIC 00e3ab8f 2
PIC 00e47d5e 0
PIC 00e48f62 1
PIC 00e4a04e 5
PIC 00e4e63a 3
PIC 00e4f40e 4
PIC 00e503fa 8
PIC 00e54716 6
PIC 00e55862 7
PIC 00e567d6 11
PIC 00e5b0d2 9
PIC 00e5c586 10
PIC 00e5d5fa 14
PIC 00e61d96 12
PIC 00e62d02 13
PIC 00e6399e 17
PIC 00e6911a 15
PIC 00e69fe6 16
PIC 00e6b22a 20
PIC 00e71366 18
PIC 00e721ca 19
PIC 00e731c6 23
PIC 00e78482 21
PIC 00e793fe 22
PIC 00e7a1ba 26
PIC 00e7e9c6 24
PIC 00e7f972 25
PIC 00e8092e 29
PIC 00e84b42 27
PIC 00e85aee 28
PIC 00e86a92 32
PIC 00e8ad26 30
PIC 00e8bf02 31
PIC 00e8d066 35
PIC 00e91802 33
PIC 00e925ce 34
SEQ 900900
PIC 00e933d7 2
PIC 00ea0736 0
PIC 00ea15fa 1
PIC 00ea22de 5
PIC 00ea6bba 3
PIC 00ea803e 4
PIC 00ea90da 8
PIC 00ead0fe 6
PIC 00eadfea 7
PIC 00eaebee 11
PIC 00eb3562 9
PIC 00eb4a66 10
PIC 00eb5f52 14
PIC 00eba4c6 12
PIC 00ebb682 13
PIC 00ebc706 17
PIC 00ec0af2 15
PIC 00ec19ae 16
PIC 00ec280a 20
PIC 00ec725e 18
PIC 00ec8532 19
PIC 00ec9536 23
PIC 00ecdc8a 21
PIC 00ecebae 22
PIC 00ecf89a 26
PIC 00ed409e 24
PIC 00ed514a 25
PIC 00ed654e 29
PIC 00edaf3a 27
PIC 00edc096 28
PIC 00edd12a 32
PIC 00ee1c16 30
PIC 00ee2c82 31
SEQ 900900
PIC 00ee3b93 2
PIC 00ef0cf2 0
PIC 00ef1dc6 1
PIC 00ef2e92 5
PIC 00ef765e 3
PIC 00ef8462 4
PIC 00ef92ce 8
PIC 00efda72 6
PIC 00efe9ce 7
PIC 00eff97a 11
PIC 00f040d6 9
PIC 00f05192 10
PIC 00f062ee 14
PIC 00f0a662 12
PIC 00f0b896 13
PIC 00f0c8f2 17
PIC 00f10ede 15
PIC 00f12c3a 16
PIC 00f145de 20
PIC 00f190a2 18
PIC 00f1a146 19
PIC 00f1aeda 23
PIC 00f2005e 21
PIC 00f20f5a 22
PIC 00f2228e 26 PROG
PIC 00f2a34a 24
PIC 00f2d076 25 PROG
PIC 00f2f062 29 PROG
PIC 00f359f6 27 PROG
PIC 00f370ca 28 PROG
PIC 00f38c26 32 PROG
PIC 00f3d972 30 PROG
PIC 00f3f196 31 PROG
PIC 00f406d2 35 PROG
PIC 00f44d1e 33 PROG
PIC 00f47002 34 PROG
PIC 00f495ee 38 PROG
PIC 00f4e6a2 36 PROG
PIC 00f4fc2e 37 PROG
PIC 00f50d62 41 PROG
PIC 00f56006 39 PROG
PIC 00f5780a 40 PROG
SEQ 900900
PIC 00f58f1b 2
PIC 00f62f7a 0 PROG
PIC 00f643fe 1
PIC 00f658da 5
PIC 00f6a52e 3
PIC 00f6b91a 4
PIC 00f6cf5e 8
PIC 00f7187a 6
PIC 00f72ec6 7
PIC 00f742b2 11
PIC 00f784e6 9
PIC 00f79fea 10
PIC 00f7bc76 14 PROG
PIC 00f80cca 12
PIC 00f8282e 13 PROG
SEQ 900900
PIC 00f84267 2
PIC 00f8c546 0 PROG
PIC 00f8de72 1
PIC 00f90e96 5
PIC 00f93ab2 3
PIC 00f968b6 4
PIC 00f97eaa 8
PIC 00f9ac3e 6
PIC 00f9b942 7
PIC 00f9c40e 11
PIC 00f9f0ea 9
PIC 00fa050e 10
PIC 00fa1c1a 14
PIC 00fa51fe 12
PIC 00fa6772 13
PIC 00fa7b0e 17
PIC 00faad9a 15
PIC 00fabdc6 16
PIC 00facc42 20
PIC 00fb0426 18
PIC 00fb1552 19
PIC 00fb25a6 23
PIC 00fb60b2 21
PIC 00fb6c5e 22
PIC 00fb793a 26
PIC 00fbabee 24
PIC 00fbc3fa 25
PIC 00fbdb56 29
PIC 00fc0d3a 27
PIC 00fc22ee 28
SEQ 900900
PIC 00fc3537 2 PROG
PIC 00fce59e 0 PROG
PIC 00fcf812 1 PROG
PIC 00fd0d4e 5 PROG
PIC 00fd4b0a 3 PROG
PIC 00fd5ea6 4 PROG
PIC 00fd7112 8 PROG
PIC 00fdbdce 6 PROG
PIC 00fdd51a 7 PROG
PIC 00fdee7e 11 PROG
PIC 00fe39ba 9 PROG
PIC 00fe5266 10 PROG
PIC 00fe663a 14 PROG
PIC 00feb7ae 12 PROG
PIC 00fec9ea 13 PROG
PIC 00fedd36 17 PROG
PIC 00ff326a 15 PROG
PIC 00ff4676 16 PROG
PIC 00ff59da 20 PROG
PIC 00ffaf56 18 PROG
PIC 00ffc322 19 PROG
PIC 00ffd566 23 PROG
PIC 01002cda 21 PROG
PIC 01003f0e 22 PROG
PIC 0100518a 26 PROG
PIC 0100b2e6 24 PROG
PIC 0100c5ba 25 PROG
PIC 0100d67e 29 PROG
PIC 01012a2a 27 PROG
PIC 01013ebe 28 PROG
PIC 010154ba 32 PROG
PIC 0101af5e 30 PROG
PIC 0101c4c2 31 PROG
PIC 0101dd16 35 PROG
PIC 0102300a 33 PROG
PIC 01024c7e 34 PROG
PIC 010264ca 38 PROG
PIC 0102b1de 36
PIC 0102c922 37
SEQ 900900
PIC 0102de2b 0 PROG
PIC 01036cd2 1 PROG
PIC 0103bbf6 2
PIC 0103de9a 3
PIC 010408d6 4 PROG
PIC 01043d22 5 PROG
PIC 0104630e 6 PROG
PIC 01048fca 7
PIC 0104b9c6 8
PIC 0104e2c2 9
PIC 01051bb6 10
PIC 0105426a 11
PIC 01056d76 14
PIC 0105ac42 12
PIC 0105bcae 13
PIC 0105cbfa 17
PIC 0106214e 15
PIC 0106368a 16
PIC 01064f7e 20
PIC 0106a66a 18
PIC 0106be3e 19
PIC 0106d53a 23
PIC 0107234e 21
PIC 01073b42 22
PIC 01074dfe 26
PIC 0107a4fa 24
PIC 0107bb16 25
PIC 0107d23a 29
PIC 010822a6 27
PIC 01083482 28
PIC 010845ee 32
PIC 0108959a 30
PIC 0108b0b6 31
PIC 0108d0ba 35
PIC 01092816 33
PIC 01094232 34
PIC 01095d8e 38
PIC 0109b342 36
PIC 0109cdf6 37
PIC 0109e3ba 41 PROG
PIC 010a3c0e 39 PROG
PIC 010a559a 40 PROG
PIC 010a6ec6 44 PROG
PIC 010abc9a 42
PIC 010ad85e 43
SEQ 900900
PIC 010af24f 0 PROG
PIC 010b5e46 1 PROG
PIC 010ba76a 2
PIC 010bce8e 3
PIC 010c1e82 4 PROG
PIC 010c8196 5 PROG
PIC 010cbb0a 8 PROG
PIC 010d1b76 6 PROG
PIC 010d2d1a 7 PROG
PIC 010d3ec6 11 PROG
PIC 010d7c82 9 PROG
PIC 010d93b6 10 PROG
PIC 010da992 14 PROG
PIC 010df806 12 PROG
PIC 010e160a 13 PROG
PIC 010e359e 17 PROG
PIC 010e82aa 15 PROG
PIC 010e9866 16 PROG
PIC 010ea8e2 20 PROG
PIC 010ef8be 18 PROG
PIC 010f085a 19 PROG
PIC 010f18be 23 PROG
PIC 010f654a 21 PROG
PIC 010f7606 22 PROG
PIC 010f8ea2 26 PROG
PIC 010fd4d6 24 PROG
PIC 010fea3a 25 PROG
PIC 010ffba6 29 PROG
PIC 01103dd2 27 PROG
PIC 011056b6 28 PROG
PIC 0110747a 32 PROG
PIC 0110bbf6 30 PROG
PIC 0110ce2a 31 PROG
PIC 0110dd7e 35 PROG
PIC 0111258a 33 PROG
PIC 011134be 34 PROG
PIC 01114622 38 PROG
PIC 0111931e 36 PROG
PIC 0111a762 37 PROG
SEQ 900900
PIC 0111c11b 2 PROG
PIC 01123c2a 0 PROG
PIC 01124fce 1 PROG
PIC 0112604a 5 PROG
PIC 0112ab7e 3 PROG
PIC 0112c352 4 PROG
PIC 0112de66 8 PROG
PIC 0113272a 6 PROG
PIC 01133ac6 7 PROG
PIC 011349ca 11 PROG
PIC 0113951e 9 PROG
PIC 0113a772 10 PROG
PIC 0113b9ce 14 PROG
PIC 011408b2 12 PROG
PIC 01141a16 13 PROG
PIC 01142c7a 17 PROG
PIC 01146e1e 15 PROG
PIC 01147f32 16 PROG
PIC 01148f6e 20 PROG
PIC 0114cbe2 18 PROG
PIC 0114e6ae 19 PROG
PIC 0115037a 23 PROG
PIC 011547be 21 PROG
PIC 01155972 22 PROG
PIC 0115676e 26 PROG
PIC 0115b1e2 24 PROG
PIC 0115c13e 25 PROG
PIC 0115d332 29 PROG
PIC 01161fce 27 PROG
PIC 0116337a 28 PROG
PIC 01164cfe 32 PROG
PIC 0116944a 30 PROG
PIC 0116a75e 31 PROG
PIC 0116b792 35 PROG
PIC 0116d836 33 PROG
PIC 0116e6fa 34 PROG
PIC 0116f5be 38 PROG
PIC 01173d3a 36 PROG
PIC 01174e9e 37 PROG
SEQ 900900
PIC 01175f37 2 PROG
PIC 011809de 0 PROG
PIC 01181c5a 1 PROG
PIC 01182d96 5 PROG
PIC 01187e52 3 PROG
PIC 01188fa6 4 PROG
PIC 0118a892 8 PROG
PIC 0118ec86 6 PROG
PIC 011902c2 7 PROG
PIC 0119164e 11 PROG
PIC 01195bb2 9 PROG
PIC 01197a6e 10 PROG
PIC 01199ad2 14 PROG
PIC 0119e156 12 PROG
PIC 0119f602 13 PROG
PIC 011a0546 17 PROG
PIC 011a55da 15 PROG
PIC 011a65de 16 PROG
PIC 011a76fa 20 PROG
PIC 011ac5fe 18 PROG
PIC 011ad95a 19 PROG
PIC 011aede6 23 PROG
PIC 011b35ea 21 PROG
PIC 011b4976 22 PROG
PIC 011b5b7a 26 PROG
PIC 011b9c26 24 PROG
PIC 011bbac2 25 PROG
PIC 011bd90e 29 PROG
PIC 011c1fb2 27 PROG
PIC 011c32fe 28 PROG
PIC 011c424a 32 PROG
PIC 011c8b36 30 PROG
PIC 011c9a4a 31 PROG
PIC 011ca9fe 35 PROG
PIC 011ceff2 33 PROG
PIC 011cffb6 34 PROG
SEQ 900900
PIC 011d11cf 2 PROG
PIC 011daee6 0 PROG
PIC 011dc132 1 PROG
PIC 011dd0f6 5 PROG
PIC 011e04c2 3 PROG
PIC 011e167e 4 PROG
PIC 011e267a 8 PROG
PIC 011e7216 6 PROG
PIC 011e8342 7 PROG
PIC 011e92be 11 PROG
PIC 011ee342 9 PROG
PIC 011ef3be 10 PROG
PIC 011f05ea 14 PROG
PIC 011f584e 12 PROG
PIC 011f6932 13 PROG
PIC 011f7bc6 17 PROG
PIC 011fc7ca 15 PROG
PIC 011fdbde 16 PROG
PIC 011fed62 20 PROG
PIC 0120373e 18 PROG
PIC 01204c3a 19 PROG
PIC 0120611e 23 PROG
PIC 0120ac4a 21 PROG
PIC 0120bd96 22 PROG
PIC 0120cd02 26 PROG
PIC 012118d6 24 PROG
PIC 012129ba 25 PROG
PIC 01213aae 29 PROG
PIC 012186b2 27 PROG
PIC 0121988e 28 PROG
PIC 0121abfa 32 PROG
PIC 0121f2a6 30 PROG
PIC 012205fa 31 PROG
PIC 012215d6 35 PROG
PIC 01224da2 33 PROG
PIC 012261f6 34 PROG
PIC 0122771a 38 PROG
PIC 0122be26 36 PROG
PIC 0122d01a 37 PROG
SEQ 900900
PIC 0122dfdb 2 PROG
PIC 01238752 0 PROG
PIC 01239826 1 PROG
PIC 0123a92a 5 PROG
PIC 0123ff86 3 PROG
PIC 0124111a 4 PROG
PIC 012424ce 8 PROG
PIC 012475ca 6 PROG
PIC 012488ce 7 PROG
PIC 01249a7a 11 PROG
PIC 0124e69e 9 PROG
PIC 012500ca 10 PROG
PIC 01251d56 14 PROG
PIC 0125682a 12 PROG
PIC 01257bde 13 PROG
PIC 01258ba2 17 PROG
PIC 0125dc5e 15 PROG
PIC 0125ec92 16 PROG
PIC 0125fd8e 18 PROG
PIC 01263dca 19
PIC 01265a86 20
PIC 01269732 21 PROG
PIC 0126e696 22 PROG
PIC 012706ca 23 PROG
PIC 01271946 26 PROG
PIC 01273c82 24 PROG
PIC 01277816 25 PROG
PIC 0127aa5a 29 PROG
PIC 0127db96 27 PROG
PIC 0127f14a 28 PROG
PIC 0127fed6 32 PROG
PIC 01283e0a 30 PROG
PIC 012844c6 31 PROG
SEQ 900900
PIC 01284da7 2 PROG
PIC 0128f9b6 0 PROG
PIC 01290a32 1 PROG
PIC 01291b3e 5 PROG
PIC 01294f02 3 PROG
PIC 012965a6 4 PROG
PIC 0129721a 8 PROG
PIC 0129a7be 6 PROG
PIC 0129c13a 7 PROG
PIC 0129cf66 11 PROG
PIC 012a067a 9 PROG
PIC 012a0efe 10 PROG
PIC 012a1cb2 14 PROG
PIC 012a502e 12 PROG
PIC 012a5d2a 13 PROG
PIC 012a6cc6 17 PROG
PIC 012aa262 15 PROG
PIC 012ab216 16 PROG
PIC 012abe22 20 PROG
PIC 012af3ae 18 PROG
PIC 012affea 19 PROG
PIC 012b0e0e 23 PROG
PIC 012b4502 21 PROG
PIC 012b51fe 22 PROG
PIC 012b5eda 26 PROG
PIC 012b95d6 24 PROG
PIC 012ba2ea 25 PROG
PIC 012bafd6 29 PROG
PIC 012be6fa 27 PROG
PIC 012bf48e 28 PROG
PIC 012c01aa 32 PROG
PIC 012c38f6 30 PROG
PIC 012c4882 31 PROG
PIC 012c587e 35 PROG
PIC 012c8e42 33 PROG
PIC 012ca38e 34 PROG
SEQ 900900
PIC 012cb4df 2 PROG
PIC 012d67fe 0 PROG
PIC 012d746a 1 PROG
PIC 012d7e36 5 PROG
PIC 012daf2a 3 PROG
PIC 012dbf1e 4 PROG
PIC 012dd7aa 8 PROG
PIC 012e0aae 6 PROG
PIC 012e1db2 7 PROG
PIC 012e2e76 11 PROG
PIC 012e669a 9 PROG
PIC 012e72fe 10 PROG
PIC 012e7cfa 14 PROG
PIC 012eb6fe 12 PROG
PIC 012ec6b2 13 PROG
PIC 012ed7fe 17 PROG
PIC 012f0f42 15 PROG
PIC 012f2586 16 PROG
PIC 012f345a 20 PROG
PIC 012f6a76 18 PROG
PIC 012f760a 19 PROG
PIC 012f8656 23 PROG
PIC 012fbfaa 21 PROG
PIC 012fcace 22 PROG
PIC 012fdde2 26 PROG
PIC 01301c56 24 PROG
PIC 013031ea 25 PROG
SEQ 900900
PIC 0130449b 2 PROG
PIC 01313c6a 0 PROG
PIC 013154be 1 PROG
PIC 013168fa 5 PROG
PIC 0131b846 3 PROG
PIC 0131cbca 4 PROG
PIC 0131e046 8 PROG
PIC 01322cd2 6 PROG
PIC 0132400e 7 PROG
PIC 01325a1a 11 PROG
PIC 0132a1c6 9 PROG
PIC 0132b9ba 10 PROG
PIC 0132d086 14 PROG
PIC 013317e2 12 PROG
PIC 01332c4e 13 PROG
PIC 01333f42 17 PROG
PIC 013387b6 15 PROG
PIC 01339eca 16 PROG
PIC 0133b0ce 20 PROG
PIC 0133f7a2 18 PROG
PIC 01340c36 19 PROG
PIC 01341fba 23 PROG
PIC 01346dce 21 PROG
PIC 01347f82 22 PROG
PIC 01349326 26 PROG
PIC 0134ddaa 24 PROG
PIC 0134edd6 25 PROG
PIC 0134fc22 29 PROG
PIC 01354446 27 PROG
PIC 0135543a 28 PROG
SEQ 900900
PIC 013563cb 2 PROG
PIC 01361f6a 0 PROG
PIC 01362ffe 1 PROG
PIC 01363eaa 5 PROG
PIC 013687b6 3 PROG
PIC 01369692 4 PROG
PIC 0136a6d6 8 PROG
PIC 0136ebaa 6 PROG
PIC 0136f98e 7 PROG
PIC 01370922 11 PROG
PIC 01374cae 9 PROG
PIC 01375e32 10 PROG
PIC 01377206 14 PROG
PIC 0137be6a 12 PROG
PIC 0137d22e 13 PROG
PIC 0137e44a 17 PROG
PIC 013827ee 15 PROG
PIC 013837ca 16 PROG
PIC 013842fe 20 PROG
PIC 0138898a 18 PROG
PIC 0138976e 19 PROG
PIC 0138a7e2 23 PROG
PIC 0138e86e 21 PROG
PIC 0138f922 22 PROG
PIC 01390a1e 26 PROG
PIC 01394e12 24 PROG
PIC 01395ace 25 PROG
PIC 01396902 29 PROG
PIC 0139acc6 27 PROG
PIC 0139bc02 28 PROG
SEQ 900900
PIC 0139ccbb 2 PROG RFF
PIC 013a867a 0 PROG
PIC 013a9906 1 PROG
PIC 013aa8a2 5 PROG
PIC 013aeac6 3 PROG TFF
PIC 013afc1a 4 PROG RFF TFF
PIC 013b0da6 8 PROG
PIC 013b499a 6 PROG
PIC 013b5b66 7 PROG
PIC 013b6e92 11 PROG RFF
PIC 013bafde 9 PROG
PIC 013bbf92 10 PROG
PIC 013bcd4e 14 PROG
PIC 013c11ba 12 PROG TFF
PIC 013c206e 13 PROG RFF TFF
PIC 013c2df2 17 PROG RFF TFF
PIC 013c7016 15 PROG RFF
PIC 013c7f2a 16 PROG TFF
PIC 013c8ee6 20 PROG TFF
PIC 013ccc3a 18 PROG
PIC 013cdf3e 19 PROG RFF
PIC 013cf6ea 23 PROG RFF
PIC 013d2d96 21 PROG RFF TFF
PIC 013d42d2 22 PROG
PIC 013d5536 26 PROG
PIC 013d8ed2 24 PROG TFF
PIC 013d9fd6 25 PROG RFF TFF
SEQ 900900
PIC 013dcac7 2 PROG RFF TFF
PIC 013ec2ee 0 PROG RFF
PIC 013ed4aa 1 PROG TFF
PIC 013ee906 5 PROG TFF
PIC 013f2902 3 PROG
PIC 013f4016 4 PROG RFF
PIC 013f561a 8 PROG TFF
PIC 013f94be 6 PROG TFF
PIC 013faa0a 7 PROG TFF
PIC 013fbb7e 11 PROG TFF
PIC 014000a2 9 PROG TFF
PIC 0140169e 10 PROG TFF
PIC 0140237a 14 PROG TFF
PIC 01406aae 12 PROG TFF
PIC 01407a3a 13 PROG TFF
PIC 01408dee 17 PROG TFF
PIC 0140d0d2 15 PROG TFF
PIC 0140ddd6 16 PROG TFF
PIC 0140f21a 20 PROG TFF
PIC 0141358e 18 PROG TFF
PIC 0141429a 19 PROG TFF
PIC 01414e76 23 PROG TFF
PIC 0141980a 21 PROG TFF
PIC 0141ab96 22 PROG TFF
PIC 0141bf8a 26 PROG TFF
PIC 0142106e 24 PROG TFF
PIC 0142259a 25 PROG TFF
SEQ 900900
PIC 0142351b 2 PROG TFF
PIC 01431d3a 0 PROG TFF
PIC 0143299e 1 PROG TFF
PIC 014335f2 5 PROG TFF
PIC 0143855e 3 PROG TFF
PIC 0143932a 4 PROG TFF
PIC 0143a406 8 PROG TFF
PIC 0143f25a 6 PROG TFF
PIC 014407c6 7 PROG TFF
PIC 01441d02 11 PROG TFF
PIC 01446f5e 9 PROG TFF
PIC 014483a2 10 PROG TFF
PIC 014497be 14 PROG TFF
PIC 0144eb0a 12 PROG TFF
PIC 0144fff6 13 PROG TFF
PIC 0145132a 17 PROG TFF
PIC 01456916 15 PROG TFF
PIC 01457f8a 16 PROG TFF
PIC 014591c6 20 PROG TFF
PIC 0145eb82 18 PROG TFF
PIC 0145fd66 19 PROG TFF
PIC 01460f4a 23 PROG TFF
PIC 014667ee 21 PROG TFF
PIC 0146797a 22 PROG TFF
PIC 01468c9e 26 PROG TFF
PIC 0146e10a 24 PROG TFF
PIC 0146f646 25 PROG TFF
SEQ 900900
PIC 01470877 2 PROG TFF
PIC 0147eb76 0 PROG TFF
PIC 0147fbe2 1 PROG TFF
PIC 01480a56 5 PROG TFF
PIC 014861c2 3 PROG TFF
PIC 0148704e 4 PROG TFF
PIC 01487db2 8 PROG TFF
PIC 0148d3be 6 PROG TFF
PIC 0148e112 7 PROG TFF
PIC 0148f0e6 11 PROG TFF
PIC 014947aa 9 PROG TFF
PIC 0149585e 10 PROG TFF
PIC 014969b2 14 PROG TFF
PIC 0149c1e6 12 PROG TFF
PIC 0149d3d2 13 PROG TFF
PIC 0149e696 17 PROG TFF
PIC 014a9652 15 PROG TFF
PIC 014aa53e 16 PROG TFF
PIC 014ab432 20 PROG TFF
PIC 014b3276 18 PROG TFF
PIC 014b4b62 19 PROG TFF
PIC 014b6566 23 PROG TFF
PIC 014bcffa 21 PROG TFF
PIC 014bea36 22 PROG TFF
PIC 014c025a 26 PROG TFF
PIC 014c6496 24 PROG TFF
PIC 014c7d8a 25 PROG TFF
PIC 014c95fe 29 PROG TFF
PIC 014d0032 27 PROG TFF
PIC 014d180e 28 PROG TFF
PIC 014d2f6a 32 PROG TFF
PIC 014d9286 30 PROG TFF
PIC 014da872 31 PROG TFF
PIC 014dbe7e 35 PROG TFF
PIC 014e1822 33 PROG TFF
PIC 014e2f46 34 PROG TFF
SEQ 900900
PIC 014e4907 2 PROG TFF
PIC 014f0e76 0 PROG TFF
PIC 014f273a 1 PROG TFF
PIC 014f3c4e 5 PROG TFF
PIC 014f97aa 3 PROG TFF
PIC 014fad4e 4 PROG TFF
PIC 014fc582 8 PROG TFF
PIC 015022ce 6 PROG TFF
PIC 0150383a 7 PROG TFF
PIC 01504e4e 11 PROG TFF
PIC 0150a162 9 PROG TFF
PIC 0150b8a6 10 PROG TFF
PIC 0150ce7a 14 PROG TFF
PIC 015127de 12 PROG TFF
PIC 01513ef2 13 PROG TFF
PIC 0151559e 17 PROG TFF
PIC 0151b0a2 15 PROG TFF
PIC 0151c6ce 16 PROG TFF
PIC 0151d972 20 PROG TFF
PIC 01523196 18 PROG TFF
PIC 0152459a 19 PROG TFF
PIC 01525a06 23 PROG TFF
PIC 0152b332 21 PROG TFF
PIC 0152c6c6 22 PROG TFF
PIC 0152db62 26 PROG TFF
PIC 01532b06 24 PROG TFF
PIC 01534122 25 PROG TFF
PIC 0153541e 29 PROG TFF
PIC 0153a8ca 27 PROG TFF
PIC 0153c16e 28 PROG TFF
PIC 0153da1a 32 PROG TFF
PIC 01543d56 30 PROG TFF
PIC 015454d2 31 PROG TFF
PIC 01546a6e 35 PROG TFF
PIC 0154c272 33 PROG TFF
PIC 0154d766 34 PROG TFF
PIC 0154ebb2 38 PROG TFF
PIC 0155497e 36 PROG TFF
PIC 01555d8a 37 PROG TFF
SEQ 900900
PIC 0155737b 2 PROG TFF
PIC 01561c92 0 PROG TFF
PIC 0156327e 1 PROG TFF
PIC 0156479a 5 PROG TFF
PIC 01569dae 3 PROG TFF
PIC 0156ba92 4 PROG TFF
PIC 0156db0e 8 PROG TFF
PIC 01573322 6 PROG TFF
PIC 01574e06 7 PROG TFF
PIC 015764ba 11 PROG TFF
PIC 0157beb6 9 PROG TFF
PIC 0157d51a 10 PROG TFF
PIC 0157eb8e 14 PROG TFF
PIC 015846f2 12 PROG TFF
PIC 01585c4e 13 PROG TFF
PIC 015871da 17 PROG TFF
PIC 0158bfb6 15 PROG TFF
PIC 0158d742 16 PROG TFF
PIC 0158eca6 20 PROG TFF
PIC 015936ba 18 PROG TFF
PIC 0159515e 19 PROG TFF
PIC 01596e12 23 PROG TFF
PIC 0159c11e 21 PROG TFF
PIC 0159db1a 22 PROG TFF
PIC 0159ef9e 26 PROG TFF
PIC 015a4172 24 PROG TFF
PIC 015a563e 25 PROG TFF
PIC 015a699a 29 PROG TFF
PIC 015ab84e 27 PROG TFF
PIC 015ace32 28 PROG TFF
PIC 015ae4e6 32 PROG TFF
PIC 015b3992 30 PROG TFF
PIC 015b4f3e 31 PROG TFF
PIC 015b62aa 35 PROG TFF
PIC 015bb3d6 33 PROG TFF
PIC 015bcd7a 34 PROG TFF
PIC 015be69e 38 PROG TFF
PIC 015c3212 36 PROG TFF
PIC 015c4aa6 37 PROG TFF
PIC 015c5f7a 41 PROG TFF
PIC 015cb54e 39 PROG TFF
PIC 015ccd1a 40 PROG TFF
SEQ 900900
PIC 015ce393 2 TFF
PIC 015dcfc2 0 PROG TFF
PIC 015de4ce 1 TFF
PIC 015e2622 5 TFF
PIC 015e8d56 3 TFF
PIC 015eb43a 4 TFF
PIC 015ed396 8 TFF
PIC 015f3cc2 6 TFF
PIC 015f54ee 7 TFF
PIC 015f68aa 11 TFF
PIC 015fccc6 9 TFF
PIC 015fe772 10 TFF
PIC 0160019e 14 TFF
PIC 01607262 12 TFF
PIC 01608bbe 13 TFF
PIC 0160a4fa 17 TFF
PIC 01610fce 15 TFF
PIC 01612c5a 16 TFF
PIC 016148c6 20 TFF
PIC 0161c31a 18 TFF
PIC 0161dcae 19 TFF
PIC 0161f542 23 TFF
PIC 01625356 21 TFF
PIC 01626b4a 22 TFF
PIC 01628456 26 TFF
PIC 0162f84a 24 TFF
PIC 01631256 25 TFF
PIC 01632a8a 29 TFF
PIC 01639076 27 TFF
PIC 0163adba 28 TFF
PIC 0163ca3e 32 TFF
PIC 01643882 30 TFF
PIC 0164537e 31 TFF
PIC 01646c52 35 TFF
PIC 0164cf76 33 TFF
PIC 0164ea82 34 TFF
PIC 0165068e 38 TFF
PIC 01656bd2 36 TFF
PIC 0165820e 37 TFF
SEQ 900900
PIC 0165955f 2 TFF
PIC 0166655e 0 TFF
PIC 0166819a 1 TFF
PIC 0166a106 5 TFF
PIC 0167168a 3 TFF
PIC 01673266 4 TFF
PIC 01674bb2 8 TFF
PIC 0167a44e 6 TFF
PIC 0167bf82 7 TFF
PIC 0167dc06 11 TFF
PIC 01684932 9 TFF
PIC 0168603e 10 TFF
PIC 016878e2 14 TFF
PIC 0168e406 12 TFF
PIC 0168fdea 13 TFF
PIC 016915fe 17 TFF
PIC 016975aa 15 TFF
PIC 0169926e 16 TFF
PIC 0169ace2 20 TFF
PIC 016a1746 18 TFF
PIC 016a3332 19 TFF
PIC 016a4cc6 23 TFF
PIC 016ab442 21 TFF
PIC 016ad16e 22 TFF
PIC 016aea92 26 TFF
PIC 016b5656 24 TFF
PIC 016b7062 25 TFF
PIC 016b8cfe 29 TFF
PIC 016bef3a 27 TFF
PIC 016c085e 28 TFF
SEQ 900900
PIC 016c1e7f 2 PROG TFF
PIC 016cc5be 0 PROG TFF
PIC 016ce482 1 PROG TFF
PIC 016d0506 5 PROG TFF
PIC 016d4f3a 3 PROG TFF
PIC 016d5b7e 4 PROG TFF
PIC 016d6802 8 PROG TFF
PIC 016da756 6 PROG TFF
PIC 016db3ba 7 PROG TFF
PIC 016dc026 11 PROG TFF
PIC 016dfb62 9 PROG TFF
PIC 016e07ce 10 PROG TFF
PIC 016e1542 14 PROG TFF
PIC 016e4c26 12 PROG TFF
PIC 016e57e2 13 PROG TFF
PIC 016e634e 17 PROG TFF
PIC 016e9f92 15 PROG TFF
PIC 016eac26 16 PROG TFF
PIC 016eb83a 20 PROG TFF
PIC 016ef52e 18 PROG TFF
PIC 016f024a 19 PROG TFF
PIC 016f0f2e 23 PROG TFF
PIC 016f4ce2 21 PROG TFF
PIC 016f5916 22 PROG TFF
PIC 016f64da 26 PROG TFF
PIC 016f9bde 24 PROG TFF
PIC 016fa6c2 25 PROG TFF
PIC 016fb3de 29 PROG TFF
PIC 016fe962 27 PROG TFF
PIC 016ff42e 28 PROG TFF
PIC 016ffea2 32 PROG TFF
PIC 01703636 30 PROG TFF
PIC 017041fa 31 PROG TFF
PIC 01704c26 35 PROG TFF
PIC 017082fa 33 PROG TFF
PIC 01708f36 34 PROG TFF
PIC 01709b82 38 PROG TFF
PIC 0170d3be 36 PROG TFF
PIC 0170dff2 37 PROG TFF
SEQ 900900
PIC 0170ed1b 2 PROG TFF
PIC 0171ea7a 0 PROG TFF
PIC 0171fb9e 1 PROG TFF
PIC 01720a3a 5 PROG TFF
PIC 017253b6 3 PROG TFF
PIC 01726082 4 PROG TFF
PIC 01726ca6 8 PROG TFF
PIC 0172b68a 6 PROG TFF
PIC 0172c55e 7 PROG TFF
PIC 0172d54a 11 PROG TFF
PIC 01731e46 9 PROG TFF
PIC 01732cfa 10 PROG TFF
PIC 01733c36 14 PROG TFF
PIC 01738382 12 PROG TFF
PIC 017392ae 13 PROG TFF
PIC 0173a06a 17 PROG TFF
PIC 0173e4f6 15 PROG TFF
PIC 0173f32a 16 PROG TFF
PIC 017401ae 20 PROG TFF
PIC 017444c2 18 PROG TFF
PIC 017452c6 19 PROG TFF
PIC 01746252 23 PROG TFF
PIC 0174a68e 21 PROG TFF
PIC 0174b4da 22 PROG TFF
PIC 0174c286 26 PROG TFF
PIC 017505a2 24 PROG TFF
PIC 0175144e 25 PROG TFF
SEQ 900900
PIC 017524f7 2 TFF
PIC 0176051e 0 PROG TFF
PIC 017619a2 1 TFF
PIC 0176318e 5 TFF
PIC 01767362 3 TFF
PIC 017687ae 4 TFF
PIC 01769daa 8 TFF
PIC 0176e4a6 6 TFF
PIC 0176f75a 7 TFF
PIC 0177071e 11 TFF
PIC 01774d62 9 TFF
PIC 01776406 10 TFF
PIC 01777dda 14 TFF
PIC 0177c656 12 TFF
PIC 0177dcb2 13 TFF
PIC 0177f266 17 TFF
PIC 017837da 15 TFF
PIC 01784dde 16 TFF
PIC 01786282 20 TFF
PIC 0178aaae 18 TFF
PIC 0178be52 19 TFF
PIC 0178d096 23 TFF
PIC 0179172a 21 TFF
PIC 01792796 22 TFF
PIC 01793822 26 TFF
PIC 017978a6 24 TFF
PIC 01798c52 25 TFF
PIC 0179a196 29 TFF
PIC 0179e7f2 27 TFF
PIC 0179fe06 28 TFF
SEQ 900900
PIC 017a1487 2 TFF
PIC 017acbb6 0 TFF
PIC 017adff2 1 TFF
PIC 017af436 5 TFF
PIC 017b4222 3 TFF
PIC 017b56f6 4 TFF
PIC 017b6d12 8 TFF
PIC 017bab8e 6 TFF
PIC 017bbd72 7 TFF
PIC 017bccfe 11 TFF
PIC 017c0872 9 TFF
PIC 017c1cee 10 TFF
PIC 017c2caa 14 TFF
PIC 017c83ee 12 TFF
PIC 017c94aa 13 TFF
PIC 017ca876 17 TFF
PIC 017cdc62 15 TFF
PIC 017cf176 16 TFF
PIC 017d05b2 20 TFF
PIC 017d4e56 18 TFF
PIC 017d63ea 19 TFF
PIC 017d79ee 23 TFF
PIC 017dba7a 21 TFF
PIC 017dc766 22 TFF
PIC 017dd58a 26 TFF
PIC 017e129e 24 TFF
PIC 017e267a 25 TFF
PIC 017e392e 29 TFF
PIC 017e8612 27 TFF
PIC 017e996e 28 TFF
PIC 017eadca 32 TFF
PIC 017ef0ae 30 TFF
PIC 017f073a 31 TFF
PIC 017f1c0e 35 TFF
PIC 017f5cda 33 TFF
PIC 017f6f86 34 TFF
PIC 017f8252 38 TFF
PIC 017fbfb6 36 TFF
PIC 017fcf2a 37 TFF
SEQ 900900
PIC 017fddb3 2 TFF
PIC 0180ab52 0 PROG TFF
PIC 0180bd86 1 PROG TFF
PIC 0180d26a 5 TFF
PIC 01811a2e 3 TFF
PIC 01812ca2 4 TFF
PIC 01813e3e 8 TFF
PIC 01818cc2 6 TFF
PIC 01819e0e 7 TFF
PIC 0181af92 11 TFF
PIC 0181febe 9 TFF
PIC 018210da 10 TFF
PIC 018220c6 14 TFF
PIC 01826492 12 TFF
PIC 01827246 13 TFF
PIC 01828362 17 TFF
PIC 0182cc96 15 TFF
PIC 0182dd8a 16 TFF
PIC 0182ec3e 20 TFF
PIC 01833ada 18 TFF
PIC 01834cc6 19 TFF
PIC 01835c3a 23 TFF
PIC 0183a80e 21 TFF
PIC 0183b752 22 TFF
PIC 0183c64e 26 TFF
PIC 01840ffa 24 TFF
PIC 018425be 25 TFF
PIC 0184373a 29 TFF
PIC 0184757e 27 TFF
PIC 0184873a 28 TFF
PIC 01849706 32 TFF
PIC 0184d712 30 TFF
PIC 0184e40e 31 TFF
SEQ 900900
PIC 0184f29f 2 TFF
PIC 01859a76 0 TFF
PIC 0185aa32 1 TFF
PIC 0185bd2e 5 TFF
PIC 018609d2 3 TFF
PIC 01861ca6 4 TFF
PIC 01862ef2 8 PROG TFF
PIC 01867eae 6 PROG TFF
PIC 0186917a 7 PROG TFF
PIC 0186a376 11 PROG TFF
PIC 0186e76a 9 PROG TFF
PIC 0186f9a6 10 PROG TFF
PIC 01870b9a 14 PROG TFF
PIC 01875766 12 PROG TFF
PIC 018765da 13 PROG TFF
PIC 01877606 17 PROG TFF
PIC 0187c2b2 15 PROG TFF
PIC 0187d216 16 PROG TFF
PIC 0187e40a 20 PROG TFF
PIC 01883b8e 18 PROG TFF
PIC 01884d6a 19 PROG TFF
PIC 01885f0e 23 PROG TFF
PIC 0188b20a 21 PROG TFF
PIC 0188c5ee 22 PROG TFF
PIC 0188d9ea 26 PROG TFF
PIC 0189204e 24 PROG TFF
PIC 0189341a 25 PROG TFF
PIC 018945f6 29 PROG TFF
PIC 01899332 27 PROG TFF
PIC 0189a2fe 28 PROG TFF
PIC 0189b0ea 32 PROG TFF
PIC 0189fe4e 30 PROG TFF
PIC 018a0c72 31 PROG TFF
SEQ 900900
PIC 018a1d0b 2 PROG TFF
PIC 018ab482 0 PROG TFF
PIC 018ac62e 1 PROG TFF
PIC 018ad5fa 5 PROG TFF
PIC 018b1c76 3 PROG TFF
PIC 018b2f52 4 PROG TFF
PIC 018b4396 8 PROG TFF
PIC 018b89ea 6 PROG TFF
PIC 018ba00e 7 PROG TFF
PIC 018bb8b2 11 PROG TFF
PIC 018c0146 9 PROG TFF
PIC 018c1842 10 PROG TFF
PIC 018c289e 14 PROG TFF
PIC 018c79a2 12 PROG TFF
PIC 018c8b56 13 PROG TFF
PIC 018c9d0a 17 TFF
PIC 018ce636 15 PROG TFF
PIC 018cf71a 16 TFF
PIC 018d08d6 20 TFF
PIC 018d5bb2 18 TFF
PIC 018d6e66 19 TFF
PIC 018d815a 23 TFF
PIC 018dd17e 21 TFF
PIC 018de13a 22 TFF
PIC 018dee4e 26 TFF
PIC 018e409a 24 TFF
PIC 018e5b6e 25 TFF
PIC 018e78aa 29 TFF
PIC 018ec66e 27 TFF
PIC 018edb42 28 TFF
PIC 018eed66 32 TFF
PIC 018f3cd2 30 TFF
PIC 018f4dae 31 TFF
PIC 018f5dc2 35 PROG TFF
PIC 018fb0c6 33 PROG TFF
PIC 018fc4ea 34 PROG TFF
SEQ 900900
PIC 018fda4b 2 PROG TFF
PIC 01906c62 0 TFF
PIC 0190830e 1 TFF
PIC 01909612 5 PROG TFF
PIC 0190e6ce 3 PROG TFF
PIC 0190f822 4 PROG TFF
PIC 019109f6 8 PROG TFF
PIC 0191542a 6 PROG TFF
PIC 0191693e 7 PROG TFF
PIC 01917e4a 11 TFF
PIC 0191cba6 9 PROG TFF
PIC 0191e042 10 TFF
PIC 0191f3d6 14 PROG TFF
PIC 019242ea 12 PROG TFF
PIC 019255ee 13 PROG TFF
PIC 01926bfa 17 PROG TFF
PIC 0192b3d6 15 TFF
PIC 0192ca5a 16 TFF
PIC 0192ddb6 20 PROG TFF
PIC 0193301a 18 PROG TFF
PIC 019342e6 19 PROG TFF
PIC 01935572 23 PROG TFF
PIC 0193a6ce 21 TFF
PIC 0193bbaa 22 PROG TFF
PIC 0193ce1e 26 PROG TFF
PIC 01941e52 24 PROG TFF
PIC 01943036 25 PROG TFF
PIC 019444da 29 PROG TFF
PIC 0194940e 27 PROG TFF
PIC 0194a882 28 PROG TFF
PIC 0194b8fe 32 PROG TFF
PIC 019502ca 30 PROG TFF
PIC 0195193e 31 PROG TFF
PIC 01953a62 35 TFF
PIC 01957c8e 33 PROG TFF
PIC 0195932a 34 PROG TFF
SEQ 900900
PIC 0195a42b 2 TFF
PIC 019644da 0 TFF
PIC 019653e6 1 TFF
PIC 019661a2 5 TFF
PIC 0196aa9e 3 TFF
PIC 0196bd12 4 TFF
PIC 0196d156 8 TFF
PIC 0197195a 6 TFF
PIC 019732d6 7 TFF
PIC 0197453a 11 TFF
PIC 01978a5e 9 TFF
PIC 019796e2 10 TFF
PIC 0197a226 14 TFF
PIC 0197eaca 12 TFF
PIC 01980116 13 TFF
PIC 01981bea 17 TFF
PIC 01985dfe 15 TFF
PIC 019871ea 16 TFF
PIC 0198826e 20 TFF
PIC 0198c872 18 TFF
PIC 0198d6c6 19 TFF
PIC 0198e462 23 TFF
PIC 01993396 21 TFF
PIC 0199493a 22 TFF
PIC 01995ce6 26 TFF
PIC 0199a472 24 TFF
PIC 0199b346 25 TFF
PIC 0199c152 29 TFF
PIC 019a0a1e 27 TFF
PIC 019a215a 28 TFF
PIC 019a4366 32 TFF
PIC 019a8532 30 TFF
PIC 019a9a36 31 TFF
PIC 019aa8ea 35 TFF
PIC 019aeec6 33 TFF
PIC 019afa22 34 TFF
PIC 019b0646 38 TFF
PIC 019b4d0a 36 TFF
PIC 019b6386 37 TFF
SEQ 900900
PIC 019b76af 2 TFF
PIC 019c1e7e 0 TFF
PIC 019c2fa2 1 TFF
PIC 019c3d16 5 TFF
PIC 019c8fb2 3 TFF
PIC 019ca466 4 TFF
PIC 019cbb1a 8 TFF
PIC 019d0b06 6 TFF
PIC 019d205a 7 TFF
PIC 019d353e 11 TFF
PIC 019d8222 9 TFF
PIC 019d94a6 10 TFF
PIC 019da64a 14 TFF
PIC 019df786 12 TFF
PIC 019e0a42 13 TFF
PIC 019e1bb6 17 TFF
PIC 019e7442 15 TFF
PIC 019e8256 16 TFF
PIC 019e8dca 20 TFF
PIC 019edd9e 18 TFF
PIC 019ef71a 19 TFF
PIC 019f125e 23 TFF
PIC 019f6052 21 TFF
PIC 019f7426 22 TFF
PIC 019f85e2 26 TFF
PIC 019fd33e 24 TFF
PIC 019fe39a 25 TFF
PIC 019ff3de 29 TFF
PIC 01a0423a 27 TFF
PIC 01a05636 28 TFF
PIC 01a069ca 32 TFF
PIC 01a0b366 30 TFF
PIC 01a0c072 31 TFF
SEQ 900900
PIC 01a0cc43 2 TFF
PIC 01a195d2 0 TFF
PIC 01a1bde6 1 TFF
PIC 01a1dcb2 5 TFF
PIC 01a22b7e 3 TFF
PIC 01a243fa 4 TFF
PIC 01a258fe 8 TFF
PIC 01a2ab12 6 TFF
PIC 01a2bb26 7 TFF
PIC 01a2caca 11 TFF
PIC 01a31816 9 TFF
PIC 01a3291a 10 TFF
PIC 01a33a16 14 TFF
PIC 01a383fa 12 TFF
PIC 01a392c6 13 TFF
PIC 01a3a0f2 17 TFF
PIC 01a3f076 15 TFF
PIC 01a405aa 16 TFF
PIC 01a41d16 20 TFF
PIC 01a46bd2 18 TFF
PIC 01a48066 19 TFF
PIC 01a4929a 23 TFF
PIC 01a4e8fe 21 TFF
PIC 01a4f7b2 22 TFF
PIC 01a505e6 26 TFF
PIC 01a558ba 24 TFF
PIC 01a569ce 25 TFF
PIC 01a57ad2 29 TFF
PIC 01a5c49e 27 TFF
PIC 01a5d37a 28 TFF
PIC 01a5e2ee 32 TFF
PIC 01a63ef2 30 TFF
PIC 01a64ca6 31 TFF
PIC 01a65992 35 TFF
PIC 01a6b18e 33 TFF
PIC 01a6c26a 34 TFF
PIC 01a6d4e6 38 TFF
PIC 01a7289a 36 TFF
PIC 01a739c6 37 TFF
SEQ 900900
PIC 01a74c2f 2 TFF
PIC 01a80fae 0 TFF
PIC 01a824c2 1 TFF
PIC 01a8370e 5 TFF
PIC 01a884c2 3 TFF
PIC 01a8921e 4 TFF
PIC 01a89dea 8 TFF
PIC 01a8f376 6 TFF
PIC 01a908a2 7 TFF
PIC 01a91f2e 11 TFF
PIC 01a97022 9 TFF
PIC 01a984f6 10 TFF
PIC 01a9978a 14 TFF
PIC 01a9e78e 12 TFF
PIC 01a9fa3a 13 TFF
PIC 01aa0b2e 17 TFF
PIC 01aa605a 15 TFF
PIC 01aa7376 16 TFF
PIC 01aa85ca 20 TFF
PIC 01aaf3de 18 TFF
PIC 01ab042a 19 TFF
PIC 01ab10d6 23 TFF
PIC 01ab702a 21 TFF
PIC 01ab82be 22 TFF
PIC 01ab96d2 26 TFF
PIC 01abe8be 24 TFF
PIC 01abfe42 25 TFF
PIC 01ac113e 29 TFF
PIC 01ac5eaa 27 TFF
PIC 01ac703e 28 TFF
PIC 01ac7fe2 32 TFF
PIC 01accb66 30 TFF
PIC 01acdb52 31 TFF
PIC 01ace9ae 35 TFF
PIC 01ad2f8a 33 TFF
PIC 01ad3e3e 34 TFF
PIC 01ad4912 38 TFF
PIC 01ad9e1e 36 TFF
PIC 01adab7a 37 TFF
PIC 01adbb6e 41 TFF
PIC 01ae085a 39 TFF
PIC 01ae1806 40 TFF
SEQ 900900
PIC 01ae283f 2 TFF
PIC 01af0126 0 TFF
PIC 01af1182 1 TFF
PIC 01af1f96 5 TFF
PIC 01af6b62 3 TFF
PIC 01af7c56 4 TFF
PIC 01af8dfa 8 TFF
PIC 01afd1e6 6 TFF
PIC 01afdeaa 7 TFF
PIC 01afece6 11 TFF
PIC 01b032ea 9 TFF
PIC 01b048ae 10 TFF
PIC 01b05e9a 14 TFF
PIC 01b0a426 12 TFF
PIC 01b0b662 13 TFF
PIC 01b0c676 17 TFF
PIC 01b11172 15 TFF
PIC 01b11f76 16 TFF
PIC 01b12ce2 18 PROG TFF
SEQ 900900
PIC 01b162cb 0 PROG TFF
PIC 01b262ea 1 PROG TFF
PIC 01b2917e 2 TFF
PIC 01b2c152 3 TFF
PIC 01b2f2fe 4 PROG TFF
PIC 01b326b2 5 PROG TFF
PIC 01b35416 6 PROG TFF
PIC 01b38dc2 7 TFF
PIC 01b3c03e 8 TFF
PIC 01b3f06a 9 PROG TFF
PIC 01b43146 10 PROG TFF
PIC 01b46292 11 PROG TFF
PIC 01b49c6e 12 PROG TFF
PIC 01b4df9a 13 PROG TFF
PIC 01b5190e 14 PROG TFF
PIC 01b5507a 15 PROG TFF
PIC 01b58286 16 PROG TFF
PIC 01b5ba6a 19 PROG TFF
PIC 01b60cf6 17 PROG TFF
PIC 01b6267a 18 PROG TFF
PIC 01b649b6 22 PROG TFF
PIC 01b6960a 20 PROG TFF
PIC 01b6afa6 21 PROG TFF
PIC 01b6c57a 25 PROG TFF
PIC 01b7225e 23 PROG TFF
PIC 01b7398a 24 PROG TFF
PIC 01b74ede 28 PROG TFF
PIC 01b7a602 26 PROG TFF
PIC 01b7bbae 27 PROG TFF
PIC 01b7d6d2 31 PROG TFF
PIC 01b82386 29 PROG TFF
PIC 01b83d72 30 PROG TFF
PIC 01b85486 34 PROG TFF
PIC 01b8a392 32 PROG TFF
PIC 01b8bd96 33 PROG TFF
SEQ 900900
PIC 01b8d757 2 PROG TFF
PIC 01b9706e 0 PROG TFF
PIC 01b9853a 1 PROG TFF
PIC 01b9956e 5 PROG TFF
PIC 01b9eaaa 3 PROG TFF
PIC 01b9fe7e 4 PROG TFF
PIC 01ba121a 8 PROG TFF
PIC 01ba70a6 6 PROG TFF
PIC 01ba8522 7 PROG TFF
PIC 01ba9d3e 11 PROG TFF
PIC 01baed22 9 PROG TFF
PIC 01bb03fe 10 PROG TFF
PIC 01bb18ca 14 PROG TFF
PIC 01bb644e 12 PROG TFF
PIC 01bb7eca 13 PROG TFF
PIC 01bb984e 17 PROG TFF
PIC 01bbe92a 15 PROG TFF
PIC 01bbfec6 16 PROG TFF
PIC 01bc1192 20 PROG TFF
PIC 01bc63d6 18 PROG TFF
PIC 01bc7baa 19 PROG TFF
PIC 01bc9336 23 PROG TFF
PIC 01bcebaa 21 PROG TFF
PIC 01bd0156 22 PROG TFF
PIC 01bd1a62 26 PROG TFF
PIC 01bd6ade 24 PROG TFF
PIC 01bd80c2 25 PROG TFF
PIC 01bd93d6 29 PROG TFF
PIC 01be043a 27 PROG TFF
PIC 01be191e 28 PROG TFF
PIC 01be2f7a 32 PROG TFF
PIC 01be8b5e 30 PROG TFF
PIC 01be9ff2 31 PROG TFF
PIC 01beb29e 35 PROG TFF
PIC 01bf10b2 33 PROG TFF
PIC 01bf26de 34 PROG TFF
PIC 01bf3bf2 38 PROG TFF
PIC 01bf9b7e 36 PROG TFF
PIC 01bfb02a 37 PROG TFF
PIC 01bfc7fe 41 PROG TFF
PIC 01c01de2 39 PROG TFF
PIC 01c03356 40 PROG TFF
SEQ 900900
PIC 01c0487f 2 PROG TFF
PIC 01c123be 0 PROG TFF
PIC 01c13e62 1 PROG TFF
PIC 01c15886 5 PROG TFF
PIC 01c1bd4a 3 PROG TFF
PIC 01c1d516 4 PROG TFF
PIC 01c1ec1a 8 PROG TFF
PIC 01c2484e 6 PROG TFF
PIC 01c2670a 7 PROG TFF
PIC 01c28146 11 PROG TFF
PIC 01c2e08a 9 PROG TFF
PIC 01c2f906 10 PROG TFF
PIC 01c3187a 14 PROG TFF
PIC 01c3700e 12 PROG TFF
PIC 01c388c2 13 PROG TFF
PIC 01c39efe 17 PROG TFF
PIC 01c3f82a 15 PROG TFF
PIC 01c41886 16 PROG TFF
PIC 01c43c32 20 PROG TFF
PIC 01c497e6 18 PROG TFF
PIC 01c4b06a 19 PROG TFF
PIC 01c4c48e 23 PROG TFF
PIC 01c5222a 21 PROG TFF
PIC 01c53efe 22 PROG TFF
PIC 01c556a2 26 PROG TFF
PIC 01c5b58e 24 PROG TFF
PIC 01c5cb6a 25 PROG TFF
SEQ 900900
PIC 01c5e4fb 2 PROG TFF
PIC 01c69d0a 0 PROG TFF
PIC 01c6b426 1 PROG TFF
PIC 01c6cea2 5 PROG TFF
PIC 01c710be 3 PROG TFF
PIC 01c7299a 4 PROG TFF
PIC 01c73a9e 8 PROG TFF
PIC 01c779e2 6 PROG TFF
PIC 01c789de 7 PROG TFF
PIC 01c798d2 11 PROG TFF
PIC 01c7dd8e 9 PROG TFF
PIC 01c7ec72 10 PROG TFF
PIC 01c7fb76 14 PROG TFF
PIC 01c8450a 12 PROG TFF
PIC 01c8549e 13 PROG TFF
PIC 01c86532 17 PROG TFF
PIC 01c8b3e6 15 PROG TFF
PIC 01c8c852 16 PROG TFF
PIC 01c8dbe6 20 PROG TFF
PIC 01c92702 18 PROG TFF
PIC 01c93a66 19 PROG TFF
PIC 01c94d32 23 PROG TFF
PIC 01c9964e 21 PROG TFF
PIC 01c9aaca 22 PROG TFF
PIC 01c9baee 26 PROG TFF
PIC 01ca0752 24 PROG TFF
PIC 01ca1756 25 PROG TFF
PIC 01ca287a 29 PROG TFF
PIC 01ca773e 27 PROG TFF
PIC 01ca8762 28 PROG TFF
PIC 01ca96be 32 PROG TFF
PIC 01cae3fa 30 PROG TFF
PIC 01caf59e 31 PROG TFF
PIC 01cb055a 35 PROG TFF
PIC 01cb50ce 33 PROG TFF
PIC 01cb6072 34 PROG TFF
PIC 01cb702e 38 PROG TFF
PIC 01cbbc1a 36 PROG TFF
PIC 01cbcbde 37 PROG TFF
PIC 01cbdcca 41 PROG TFF
PIC 01cc29b6 39 PROG TFF
PIC 01cc3b1a 40 PROG TFF
SEQ 900900
PIC 01cc4e3b 2 TFF
PIC 01cd010a 0 PROG TFF
PIC 01cd168e 1 TFF
PIC 01cd2b6a 5 PROG TFF
PIC 01cd8056 3 PROG TFF
PIC 01cd959a 4 PROG TFF
PIC 01cdacbe 8 PROG TFF
PIC 01ce061a 6 PROG TFF
PIC 01ce1ef6 7 PROG TFF
PIC 01ce394a 11 PROG TFF
PIC 01ce9b3e 9 PROG TFF
PIC 01ceb22a 10 PROG TFF
PIC 01cec62e 14 PROG TFF
PIC 01cf3462 12 PROG TFF
PIC 01cf4b5e 13 PROG TFF
PIC 01cf614a 17 PROG TFF
PIC 01cfce5e 15 PROG TFF
PIC 01cfe28a 16 PROG TFF
PIC 01cff9e6 20 PROG TFF
PIC 01d05bb2 18 PROG TFF
PIC 01d074ce 19 PROG TFF
PIC 01d08a22 23 PROG TFF
PIC 01d0dea6 21 PROG TFF
PIC 01d0f2a2 22 PROG TFF
PIC 01d1075e 26 PROG TFF
PIC 01d15bd2 24 PROG TFF
PIC 01d16f0e 25 PROG TFF
PIC 01d17e9a 29 PROG TFF
PIC 01d1d6c6 27 TFF
PIC 01d1eb4a 28 PROG TFF
PIC 01d1feee 32 PROG TFF
PIC 01d25c42 30 PROG TFF
PIC 01d26eb6 31 PROG TFF
PIC 01d2848a 35 PROG TFF
PIC 01d2d12e 33 PROG TFF
PIC 01d2e9ea 34 PROG TFF
SEQ 900900
PIC 01d2fe63 2 PROG TFF
PIC 01d3b24a 0 PROG TFF
PIC 01d3c9ae 1 PROG TFF
PIC 01d3e162 5 PROG TFF
PIC 01d42e96 3 PROG TFF
PIC 01d4442a 4 PROG TFF
PIC 01d45516 8 PROG TFF
PIC 01d4a512 6 PROG TFF
PIC 01d4b636 7 PROG TFF
PIC 01d4c6f2 11 PROG TFF
PIC 01d511ae 9 PROG TFF
PIC 01d5229a 10 PROG TFF
PIC 01d5345e 14 PROG TFF
PIC 01d57ae2 12 PROG TFF
PIC 01d58d66 13 PROG TFF
PIC 01d59d02 17 PROG TFF
PIC 01d5e066 15 PROG TFF
PIC 01d5f0a2 16 PROG TFF
PIC 01d6052e 20 PROG TFF
PIC 01d64e72 18 PROG TFF
PIC 01d662e6 19 PROG TFF
PIC 01d6750a 23 PROG TFF
PIC 01d6c24e 21 PROG TFF
PIC 01d6d78a 22 PROG TFF
PIC 01d6ec76 26 PROG TFF
PIC 01d73e9a 24 PROG TFF
PIC 01d750de 25 PROG TFF
PIC 01d7645a 29 PROG TFF
PIC 01d7aee6 27 PROG TFF
PIC 01d7c712 28 PROG TFF
PIC 01d7db16 32 PROG TFF
PIC 01d821d2 30 PROG TFF
PIC 01d8358e 31 PROG TFF
SEQ 900900
PIC 01d84887 2 TFF
PIC 01d9011e 0 PROG TFF
PIC 01d91662 1 PROG TFF
PIC 01d92fd6 5 PROG TFF
PIC 01d99642 3 TFF
PIC 01d9ab0e 4 PROG TFF
PIC 01d9bcc2 8 PROG TFF
PIC 01da0056 6 PROG TFF
PIC 01da1112 7 PROG TFF
PIC 01da1eee 11 PROG TFF
PIC 01da6002 9 PROG TFF
PIC 01da7536 10 PROG TFF
PIC 01da830a 14 PROG TFF
PIC 01dac3fe 12 PROG TFF
PIC 01dad392 13 PROG TFF
PIC 01dae4c6 17 PROG TFF
PIC 01db2242 15 PROG TFF
PIC 01db3346 16 PROG TFF
PIC 01db408a 20 PROG TFF
PIC 01db856e 18 TFF
PIC 01db972a 19 PROG TFF
PIC 01dba78e 23 PROG TFF
PIC 01dbf3e2 21 PROG TFF
PIC 01dc0ed6 22 PROG TFF
PIC 01dc3842 24 PROG TFF
PIC 01dc7cf6 25 PROG TFF
PIC 01dca452 26 PROG TFF
PIC 01dccade 27 PROG TFF
PIC 01dcf98a 28 PROG TFF
PIC 01dd2646 29 PROG TFF
PIC 01dd501a 32 PROG TFF
PIC 01dd8346 30 PROG TFF
PIC 01ddb2d2 31 PROG TFF
PIC 01ddc2e6 33 TFF
PIC 01de102a 34 PROG TFF
PIC 01de3e46 35 PROG TFF
PIC 01de68f2 36 PROG TFF
PIC 01de963e 37 PROG TFF
PIC 01dec522 38 PROG TFF
PIC 01def136 39 PROG TFF
SEQ 900900
PIC 01df22a7 0 PROG TFF
PIC 01dfd4fe 1 PROG TFF
PIC 01dffb22 4 PROG TFF
PIC 01e037a6 2 PROG TFF
PIC 01e04afa 3 PROG TFF
PIC 01e05a86 7 PROG TFF
PIC 01e09f1a 5 PROG TFF
PIC 01e0b0c6 6 PROG TFF
PIC 01e0c86a 10 PROG TFF
PIC 01e109f6 8 PROG TFF
PIC 01e11f92 9 PROG TFF
PIC 01e135be 13 PROG TFF
PIC 01e18172 11 PROG TFF
PIC 01e1a16e 12 PROG TFF
PIC 01e1ccd2 14 PROG TFF
PIC 01e2142e 15 PROG TFF
PIC 01e23f2a 16 PROG TFF
PIC 01e2681e 17 PROG TFF
PIC 01e29492 18 PROG TFF
PIC 01e2bdd6 19 PROG TFF
PIC 01e2f042 22 PROG TFF
PIC 01e319fe 20 PROG TFF
PIC 01e354da 21 PROG TFF
PIC 01e3633e 25 PROG TFF
PIC 01e39b22 23 PROG TFF
PIC 01e3a956 24 PROG TFF
PIC 01e3b762 28 PROG TFF
PIC 01e3f69e 26 PROG TFF
PIC 01e4024a 27 PROG TFF
PIC 01e41316 31 PROG TFF
PIC 01e450da 29 PROG TFF
PIC 01e46b36 30 PROG TFF
PIC 01e47e72 34 PROG TFF
PIC 01e4bd9e 32 PROG TFF
PIC 01e4d15a 33 PROG TFF
SEQ 900900
PIC 01e4e3bb 2 PROG TFF
PIC 01e56eba 0 PROG TFF
PIC 01e57b4e 1 PROG TFF
PIC 01e58512 5 PROG TFF
PIC 01e5cca6 3 PROG TFF
PIC 01e5dc6a 4 PROG TFF
PIC 01e5ef9e 8 PROG TFF
PIC 01e6260a 6 PROG TFF
PIC 01e63786 7 PROG TFF
PIC 01e64a12 11 PROG TFF
PIC 01e6795e 9 PROG TFF
PIC 01e6847a 10 PROG TFF
PIC 01e68ffe 14 PROG TFF
PIC 01e6d19a 12 PROG TFF
PIC 01e6e566 13 PROG TFF
PIC 01e6f552 17 PROG
PIC 01e7228e 15 PROG TFF
PIC 01e73522 16 PROG RFF TFF
PIC 01e745ee 20 PROG RFF TFF
PIC 01e7734a 18 PROG RFF
PIC 01e77e8e 19 PROG TFF
PIC 01e789ca 23 PROG TFF
PIC 01e7ca8e 21 PROG
PIC 01e7dd8a 22 PROG RFF
PIC 01e7fc1e 24 PROG RFF TFF
PIC 01e842aa 25 PROG
PIC 01e866de 26 PROG RFF
PIC 01e88c4a 29 PROG
PIC 01e8bd4e 27 PROG TFF
PIC 01e8e412 28 PROG RFF TFF
PIC 01e9060e 32 PROG RFF TFF
PIC 01e9386a 30 PROG RFF
PIC 01e94b96 31 PROG TFF
PIC 01e95aba 35 PROG TFF
PIC 01e99fb6 33 PROG
PIC 01e9afc2 34 PROG RFF
SEQ 900900
PIC 01e9bfa3 2 PROG RFF
PIC 01ea9662 0 PROG RFF TFF
PIC 01eab146 1 PROG
PIC 01eac7d2 5 PROG
PIC 01eb17fe 3 PROG TFF
PIC 01eb2e5a 4 PROG RFF TFF
PIC 01eb45b6 8 PROG RFF TFF
PIC 01eb948a 6 PROG RFF
PIC 01ebad1e 7 PROG TFF
PIC 01ebc6ca 11 PROG TFF
PIC 01ec175e 9 PROG
PIC 01ec31ca 10 PROG RFF
PIC 01ec4c7e 14 PROG RFF
PIC 01ec96a2 12 PROG RFF TFF
PIC 01ecb3b6 13 PROG
PIC 01eccb32 15 PROG TFF
PIC 01ed228e 16 PROG RFF TFF
PIC 01ed6a8a 17 PROG
PIC 01eda7de 18 PROG RFF
PIC 01edebba 19 PROG TFF
PIC 01ee2a56 20 PROG RFF TFF
SEQ 900900
PIC 01ee6737 2 PROG TFF
PIC 01ef1066 0 PROG
PIC 01ef313a 1 PROG RFF
PIC 01ef5da6 3 PROG RFF TFF
PIC 01ef8e7a 4 PROG
PIC 01efc146 5 PROG RFF
PIC 01eff36a 8 PROG
PIC 01f03726 6 PROG TFF
PIC 01f06502 7 PROG RFF TFF
PIC 01f091f6 11 PROG RFF TFF
PIC 01f0d6d2 9 PROG RFF
PIC 01f0f106 10 PROG TFF
PIC 01f10552 14 PROG TFF
PIC 01f150ae 12 PROG
PIC 01f16552 13 PROG RFF
PIC 01f1780e 17 PROG RFF
PIC 01f1ca9a 15 PROG RFF TFF
PIC 01f1deae 16 PROG
PIC 01f1f57a 20 PROG
PIC 01f23c6e 18 PROG TFF
PIC 01f25292 19 PROG RFF TFF
PIC 01f266ae 23 PROG RFF TFF
PIC 01f2ab9a 21 PROG RFF
PIC 01f2c106 22 PROG TFF
SEQ 900900
PIC 01f2d567 2 PROG TFF
PIC 01f37a96 0 PROG
PIC 01f390fa 1 PROG RFF
PIC 01f3a706 5 PROG RFF
PIC 01f3f2da 3 PROG RFF TFF
PIC 01f407fe 4 PROG
PIC 01f4221a 8 PROG
PIC 01f46d4e 6 PROG TFF
PIC 01f48702 7 PROG RFF TFF
PIC 01f4a08e 11 PROG RFF TFF
PIC 01f50952 9 PROG RFF
PIC 01f51e8e 10 PROG TFF
PIC 01f5311a 14 PROG TFF
PIC 01f58dbe 12 PROG
PIC 01f5a79a 13 PROG RFF
PIC 01f5c2ce 17 PROG RFF
PIC 01f60e82 15 PROG RFF TFF
PIC 01f627e6 16 PROG
PIC 01f63fda 20 PROG
PIC 01f68b7e 18 PROG TFF
PIC 01f6a262 19 PROG RFF TFF
PIC 01f6b9de 23 PROG RFF TFF
PIC 01f705aa 21 PROG RFF
PIC 01f71bc6 22 PROG TFF
PIC 01f72f6a 26 PROG TFF
PIC 01f77e86 24 PROG
PIC 01f7923a 25 PROG RFF
SEQ 900900
PIC 01f7a8d3 2 PROG RFF
PIC 01f87fc2 0 PROG RFF TFF
PIC 01f8951e 1 PROG
PIC 01f8a90a 5 PROG
PIC 01f8f8f6 3 PROG TFF
PIC 01f90c62 4 PROG RFF TFF
PIC 01f920ee 8 PROG RFF TFF
PIC 01f9709a 6 PROG RFF
PIC 01f9875e 7 PROG TFF
PIC 01f99d12 11 PROG TFF
PIC 01f9e8c6 9 PROG
PIC 01f9fe42 10 PROG RFF
PIC 01fa129e 14 PROG RFF
PIC 01fa627a 12 PROG RFF TFF
PIC 01fa7956 13 PROG
PIC 01fa90fa 17 PROG
PIC 01fae0ce 15 PROG TFF
PIC 01faf602 16 PROG RFF TFF
PIC 01fb09ee 20 PROG RFF TFF
PIC 01fb5962 18 PROG RFF
PIC 01fb6f9e 19 PROG TFF
SEQ 900900
PIC 01fb85e7 2 PROG TFF
PIC 01fc37ae 0 PROG
PIC 01fc4ea2 1 PROG RFF
PIC 01fc64ce 5 PROG RFF
PIC 01fcb2fa 3 PROG RFF TFF
PIC 01fcc966 4 PROG
PIC 01fcdf7a 8 PROG
PIC 01fd2b06 6 PROG TFF
PIC 01fd3e02 7 PROG RFF TFF
PIC 01fd5066 11 PROG RFF TFF
PIC 01fd9e5a 9 PROG RFF
PIC 01fdb316 10 PROG TFF
PIC 01fdc742 14 PROG TFF
PIC 01fe133e 12 PROG
PIC 01fe24c2 13 PROG RFF
PIC 01fe37f6 17 PROG RFF
PIC 01fe7f4a 15 PROG RFF TFF
PIC 01fe936e 16 PROG
PIC 01fea682 20 PROG
PIC 01feed0e 18 PROG TFF
PIC 01ff019a 19 PROG RFF TFF
PIC 01ff1946 23 PROG RFF TFF
PIC 01ff5cca 21 PROG RFF
PIC 01ff75f6 22 PROG TFF
SEQ 900900
PIC 01ff8adf 2 PROG TFF
PIC 02006836 0 PROG
PIC 02007fba 1 PROG RFF
PIC 02009936 5 PROG RFF
PIC 0200db52 3 PROG RFF TFF
PIC 0200f50e 4 PROG
PIC 0201095a 8 PROG
PIC 02014d8e 6 PROG TFF
PIC 0201665a 7 PROG RFF TFF
PIC 02017f0e 11 PROG RFF TFF
PIC 0201c50a 9 PROG RFF
PIC 0201db06 10 PROG TFF
PIC 0201f28a 14 PROG TFF
PIC 02023e46 12 PROG
PIC 0202580a 13 PROG RFF
PIC 0202711e 17 PROG RFF
PIC 0202bfd2 15 PROG RFF TFF
PIC 0202dc7e 16 PROG
PIC 0202f82a 20 PROG
PIC 02035906 18 PROG TFF
PIC 02037caa 19 PROG RFF TFF
PIC 0203977e 23 PROG RFF TFF
PIC 0203f172 21 PROG RFF
PIC 020411c6 22 PROG TFF
PIC 0204304a 26 PROG TFF
PIC 020482fe 24 PROG
PIC 02049dd2 25 PROG RFF
SEQ 900900
PIC 0204b9db 2 PROG
PIC 0205af12 0 PROG RFF TFF
PIC 0205cb8e 1 PROG
PIC 0205edaa 5 PROG
PIC 020657ce 3 PROG
PIC 020671fa 4 PROG
PIC 02068b8e 8 PROG TFF
PIC 0206e75a 6 PROG
PIC 020704ce 7 PROG RFF
PIC 02071f7a 11 PROG RFF
PIC 02077686 9 PROG RFF TFF
PIC 0207900a 10 PROG
PIC 0207a996 14 PROG
PIC 0207fcc2 12 PROG TFF
PIC 0208153e 13 PROG RFF TFF
PIC 02082dba 17 PROG RFF TFF
PIC 02088186 15 PROG RFF
PIC 02089dba 16 PROG TFF
PIC 0208b986 20 PROG TFF
PIC 020906fa 18 PROG
PIC 020920a6 19 PROG RFF
SEQ 900900
PIC 02093b5f 2 PROG RFF
PIC 0209ff56 0 PROG RFF TFF
PIC 020a1b9a 1 PROG
PIC 020a3446 5 PROG
PIC 020a7a32 3 PROG TFF
PIC 020a8e86 4 PROG RFF TFF
PIC 020aa732 8 PROG RFF TFF
PIC 020ae9e6 6 PROG RFF
PIC 020b02da 7 PROG TFF
PIC 020b1a36 11 PROG TFF
PIC 020b5f32 9 PROG
PIC 020b7a46 10 PROG RFF
PIC 020b954a 14 PROG RFF
PIC 020be03e 12 PROG RFF TFF
PIC 020bf4a2 13 PROG
PIC 020c0b36 17 PROG
PIC 020c4ef2 15 PROG TFF
PIC 020c6886 16 PROG RFF TFF
PIC 020c7eaa 20 PROG RFF TFF
PIC 020cca06 18 PROG RFF
PIC 020ce4e2 19 PROG TFF
PIC 020cffa6 23 PROG TFF
PIC 020d4c72 21 PROG
PIC 020d64de 22 PROG RFF
PIC 020d7c12 26 PROG RFF
PIC 020dc826 24 PROG RFF TFF
PIC 020de112 25 PROG
PIC 020dfa0e 29 PROG
PIC 020e4162 27 PROG TFF
PIC 020e5dee 28 PROG RFF TFF
SEQ 900900
PIC 020e795f 2 PROG RFF TFF
PIC 020f374e 0 PROG RFF
PIC 020f503a 1 PROG TFF
PIC 020f69c6 5 PROG TFF
PIC 020fb06a 3 PROG
PIC 020fc986 4 PROG RFF
PIC 020fe03a 8 PROG RFF
PIC 021025a6 6 PROG RFF TFF
PIC 02103f62 7 PROG
PIC 02105986 11 PROG
PIC 02109ce2 9 PROG TFF
PIC 0210b3ae 10 PROG RFF TFF
PIC 0210cad2 14 PROG RFF TFF
PIC 021106be 12 PROG RFF
PIC 02111fe2 13 PROG TFF
PIC 0211377e 17 PROG TFF
PIC 02116ff2 15 PROG
PIC 021189a6 16 PROG RFF
PIC 0211a382 20 PROG RFF
PIC 0211e166 18 PROG RFF TFF
PIC 0211f77a 19 PROG
PIC 02120f3e 23 PROG
PIC 02124f82 21 PROG TFF
PIC 021266e6 22 PROG RFF TFF
SEQ 900900
PIC 0212800f 2 PROG RFF TFF
PIC 021347a6 0 PROG RFF
PIC 021361e2 1 PROG TFF
PIC 0213799e 5 PROG TFF
PIC 0213b8ca 3 PROG
PIC 0213d35e 4 PROG RFF
PIC 0213eefa 8 PROG RFF
PIC 02143516 6 PROG RFF TFF
PIC 02144eaa 7 PROG
PIC 02146766 11 PROG
PIC 0214b0ea 9 PROG TFF
PIC 0214caae 10 PROG RFF TFF
PIC 0214e39a 14 PROG RFF TFF
PIC 021526c6 12 PROG RFF
PIC 021542ba 13 PROG TFF
PIC 02155eee 17 PROG TFF
PIC 0215a12a 15 PROG
PIC 0215b9de 16 PROG RFF
PIC 0215d45a 20 PROG RFF
PIC 02161336 18 PROG RFF TFF
PIC 02162e42 19 PROG
SEQ 900900
PIC 0216490b 2 PROG
PIC 0217162a 0 PROG TFF
PIC 02173286 1 PROG RFF TFF
PIC 02174a4a 5 PROG RFF TFF
PIC 02178b76 3 PROG RFF
PIC 0217a452 4 PROG TFF
PIC 0217c31e 8 PROG TFF
PIC 0218099a 6 PROG
PIC 02182596 7 PROG RFF
PIC 0218417a 11 PROG RFF
PIC 021886f6 9 PROG RFF TFF
PIC 0218a322 10 PROG
PIC 0218bede 14 PROG
PIC 02190802 12 PROG TFF
PIC 0219244e 13 PROG RFF TFF
PIC 0219411a 17 PROG RFF TFF
PIC 02198986 15 PROG RFF
PIC 0219a7ea 16 PROG TFF
PIC 0219c33e 20 PROG TFF
PIC 021a077a 18 PROG
PIC 021a229e 19 PROG RFF
PIC 021a406a 23 PROG RFF
PIC 021a7d3e 21 PROG RFF TFF
PIC 021a9922 22 PROG
PIC 021ab4d6 26 PROG
PIC 021af33a 24 PROG TFF
PIC 021b0ef6 25 PROG RFF TFF
SEQ 900900
PIC 021b2b1f 2 PROG RFF TFF
PIC 021c0f66 0 PROG RFF
PIC 021c29da 1 PROG TFF
PIC 021c4006 5 PROG TFF
PIC 021c7ab2 3 PROG
PIC 021c9596 4 PROG RFF
PIC 021cb05a 8 PROG RFF
PIC 021cea36 6 PROG RFF TFF
PIC 021d02ca 7 PROG
PIC 021d1d56 11 PROG
PIC 021d56ea 9 PROG TFF
PIC 021d6fe6 10 PROG RFF TFF
PIC 021d88a2 14 PROG RFF TFF
PIC 021dca8e 12 PROG RFF
PIC 021de53a 13 PROG TFF
PIC 021dffc6 17 PROG TFF
PIC 021e3a0a 15 PROG
PIC 021e548e 16 PROG RFF
PIC 021e71f2 20 PROG RFF
PIC 021eaf7e 18 PROG RFF TFF
PIC 021ed082 19 PROG
PIC 021ef656 23 PROG
PIC 021f388a 21 PROG TFF
PIC 021f554e 22 PROG RFF TFF
SEQ 900900
PIC 021f8db7 2 PROG RFF TFF
PIC 02209a6e 0 PROG RFF
PIC 0220b6fa 1 PROG TFF
PIC 0220d34e 5 PROG TFF
PIC 0221118a 3 PROG
PIC 02212bb6 4 PROG RFF
PIC 022147ea 8 PROG RFF
PIC 0221d316 6 PROG RFF TFF
PIC 0221eaa2 7 PROG
PIC 02220176 11 PROG
PIC 0222696a 9 PROG TFF
PIC 022281e6 10 PROG RFF TFF
PIC 0222977a 14 PROG RFF TFF
PIC 0222e4be 12 PROG RFF
PIC 0222f4b2 13 PROG TFF
PIC 02230126 17 PROG TFF
PIC 022347f2 15 PROG
PIC 02235376 16 PROG RFF
PIC 02236072 20 PROG RFF
PIC 0223a1c6 18 PROG RFF TFF
PIC 0223b52a 19 PROG
PIC 0223c8d6 23 PROG
PIC 022401e2 21 PROG TFF
PIC 022414ce 22 PROG RFF TFF
SEQ 900900
PIC 022426df 2 PROG RFF TFF
PIC 02250b9e 0 PROG RFF
PIC 02251a5a 1 PROG TFF
PIC 022525c6 5 PROG TFF
PIC 022569ca 3 PROG
PIC 02257516 4 PROG RFF
PIC 022583fa 8 PROG RFF
PIC 0225c9ae 6 PROG RFF TFF
PIC 0225d9fa 7 PROG
PIC 0225e90e 11 PROG
PIC 02262eb2 9 PROG TFF
PIC 02263dde 10 PROG RFF TFF
PIC 02264eca 14 PROG RFF TFF
PIC 0226913e 12 PROG RFF
PIC 0226a2fa 13 PROG TFF
PIC 0226ba26 17 PROG TFF
PIC 0226fc02 15 PROG
PIC 02271946 16 PROG RFF
PIC 022751b2 20 PROG RFF
PIC 02278f1e 18 PROG RFF TFF
PIC 0227af4a 19 PROG
PIC 0227d5d6 23 PROG
PIC 022815d2 21 PROG TFF
PIC 0228339e 22 PROG RFF TFF
SEQ 900900
PIC 02286c67 2 PROG RFF TFF
PIC 02294f06 0 PROG RFF
PIC 02296132 1 PROG TFF
PIC 02296dde 5 PROG TFF
PIC 0229ab32 3 PROG
PIC 0229b6ee 4 PROG RFF
PIC 0229c2e2 8 PROG RFF
PIC 0229fc66 6 PROG RFF TFF
PIC 022a0d4a 7 PROG
PIC 022a1e5e 11 PROG
PIC 022a5822 9 PROG TFF
PIC 022a6e6e 10 PROG RFF TFF
PIC 022aa6da 14 PROG RFF TFF
PIC 022ae33e 12 PROG RFF
PIC 022b0552 13 PROG TFF
PIC 022b2b1e 17 PROG TFF
PIC 022b6f9a 15 PROG
PIC 022b89de 16 PROG RFF
PIC 022bc24a 20 PROG RFF
PIC 022c12ee 18 PROG RFF TFF
PIC 022c2992 19 PROG
PIC 022c46b6 23 PROG
PIC 022c9fd2 21 PROG TFF
PIC 022cb386 22 PROG RFF TFF
SEQ 900900
PIC 022cde0f 2 PROG RFF TFF
PIC 022de646 0 PROG RFF
PIC 022dfd3a 1 PROG TFF
PIC 022e1446 5 PROG TFF
PIC 022e6ed2 3 PROG
PIC 022e8526 4 PROG RFF
PIC 022e9b72 8 PROG RFF
PIC 022ef34e 6 PROG RFF TFF
PIC 022f09c2 7 PROG
PIC 022f1f5e 11 PROG
PIC 022f7852 9 PROG TFF
PIC 022f8d46 10 PROG RFF TFF
PIC 022fa012 14 PROG RFF TFF
PIC 022ff1a6 12 PROG RFF
PIC 0230033a 13 PROG TFF
PIC 023015b6 17 PROG TFF
PIC 0230671a 15 PROG
PIC 0230793e 16 PROG RFF
PIC 02308d3a 20 PROG RFF
PIC 0230d9d6 18 PROG RFF TFF
PIC 0230ef72 19 PROG
SEQ 900900
PIC 023105d3 2 PROG
PIC 02321342 0 PROG TFF
PIC 02322876 1 PROG RFF TFF
PIC 02323b9a 5 PROG RFF TFF
PIC 02328a1e 3 PROG RFF
PIC 02329c3a 4 PROG TFF
PIC 0232af8e 8 PROG TFF
PIC 0233048a 6 PROG
PIC 0233187e 7 PROG RFF
PIC 02332c6a 11 PROG RFF
PIC 0233796e 9 PROG RFF TFF
PIC 02338e6a 10 PROG
PIC 0233a1a6 14 PROG
PIC 0233f3d2 12 PROG TFF
PIC 0234070e 13 PROG RFF TFF
PIC 023419ea 17 PROG RFF TFF
PIC 023467fe 15 PROG RFF
PIC 02347c72 16 PROG TFF
PIC 0234938e 20 PROG TFF
PIC 0234dd92 18 PROG
PIC 0234f34e 19 PROG RFF
PIC 0235092a 23 PROG RFF
PIC 02355436 21 PROG RFF TFF
PIC 02356942 22 PROG
PIC 02357d4e 26 PROG
PIC 0235ca2a 24 PROG TFF
PIC 0235de76 25 PROG RFF TFF
PIC 0235f372 29 PROG RFF TFF
PIC 02363fde 27 PROG RFF
PIC 0236534a 28 PROG TFF
SEQ 900900
PIC 0236680b 2 PROG TFF
PIC 02377cba 0 PROG
PIC 023796ee 1 PROG RFF
PIC 0237ac82 5 PROG RFF
PIC 0237fbbe 3 PROG RFF TFF
PIC 023810ea 4 PROG
PIC 0238278e 8 PROG
PIC 02387c62 6 PROG TFF
PIC 023893b6 7 PROG RFF TFF
PIC 0238ac22 11 PROG RFF TFF
PIC 0238fd06 9 PROG RFF
PIC 023915ca 10 PROG TFF
PIC 02392eee 14 PROG TFF
PIC 023978ba 12 PROG
PIC 02399276 13 PROG RFF
PIC 0239ac22 17 PROG RFF
PIC 0239f71e 15 PROG RFF TFF
PIC 023a0faa 16 PROG
PIC 023a279e 20 PROG
PIC 023a7a8a 18 PROG TFF
PIC 023a8e16 19 PROG RFF TFF
SEQ 900900
PIC 023aa317 2 PROG RFF TFF
PIC 023ba78e 0 PROG RFF
PIC 023bbc1a 1 PROG TFF
PIC 023bd1c6 5 PROG TFF
PIC 023c2362 3 PROG
PIC 023c355e 4 PROG RFF
PIC 023c49a2 8 PROG RFF
PIC 023c9bd6 6 PROG RFF TFF
PIC 023cb2e2 7 PROG
SEQ 900900
PIC 023cc6c3 2 PROG
PIC 023da332 0 PROG TFF
PIC 023db736 1 PROG RFF TFF
PIC 023dd9ba 5 PROG RFF TFF
PIC 023e3006 3 PROG RFF
PIC 023e4f1a 4 PROG TFF
PIC 023e6cde 8 PROG TFF
PIC 023ebd92 6 PROG
PIC 023ee026 7 PROG RFF
PIC 023f02d2 11 PROG RFF
PIC 023f5096 9 PROG RFF TFF
PIC 023f6d12 10 PROG
PIC 023f8a46 14 PROG
PIC 023fdde2 12 PROG TFF
PIC 023ffbfe 13 PROG RFF TFF
PIC 02401862 17 PROG RFF TFF
PIC 02406e7e 15 PROG RFF
PIC 02408e2a 16 PROG TFF
PIC 0240ace6 20 PROG TFF
PIC 0240fc6a 18 PROG
PIC 02411376 19 PROG RFF
PIC 02412cc2 23 PROG RFF
PIC 02417e2e 21 PROG RFF TFF
PIC 02419aaa 22 PROG
PIC 0241b31e 26 PROG
PIC 0241ff9a 24 PROG TFF
PIC 02421b46 25 PROG RFF TFF
SEQ 900900
PIC 024238df 2 PROG RFF TFF
PIC 0242fee6 0 PROG RFF
PIC 02431972 1 PROG TFF
PIC 024338f6 5 PROG TFF
PIC 02437ed2 3 PROG
PIC 02439d86 4 PROG RFF
PIC 0243b832 8 PROG RFF
PIC 02440516 6 PROG RFF TFF
PIC 024423ea 7 PROG
PIC 0244403e 11 PROG
PIC 02448b32 9 PROG TFF
PIC 0244a526 10 PROG RFF TFF
PIC 0244bf4a 14 PROG RFF TFF
PIC 02451036 12 PROG RFF
PIC 02452e72 13 PROG TFF
PIC 02454ace 17 PROG TFF
PIC 024597e2 15 PROG
PIC 0245b476 16 PROG RFF
PIC 0245cfea 20 PROG RFF
PIC 02461e0e 18 PROG RFF TFF
PIC 02463862 19 PROG
PIC 024653be 23 PROG
PIC 0246aa1a 21 PROG TFF
PIC 0246c366 22 PROG RFF TFF
PIC 0246db32 26 PROG RFF TFF
PIC 0247268e 24 PROG RFF
PIC 024745e2 25 PROG TFF
SEQ 900900
PIC 024762f3 2 PROG TFF
PIC 024828fa 0 PROG
PIC 0248412e 1 PROG RFF
PIC 02485aaa 5 PROG RFF
PIC 0248b116 3 PROG RFF TFF
PIC 0248cb8a 4 PROG
PIC 0248e38e 8 PROG
PIC 02493802 6 PROG TFF
PIC 0249514e 7 PROG RFF TFF
PIC 02496ee2 11 PROG RFF TFF
PIC 0249b526 9 PROG RFF
PIC 0249d20a 10 PROG TFF
PIC 0249eb3e 14 PROG TFF
PIC 024a34ca 12 PROG
PIC 024a5056 13 PROG RFF
PIC 024a6bf2 17 PROG RFF
PIC 024aba26 15 PROG RFF TFF
PIC 024ad24a 16 PROG
PIC 024aea86 20 PROG
PIC 024b36aa 18 PROG TFF
PIC 024b4e66 19 PROG RFF TFF
PIC 024b631a 23 PROG RFF TFF
PIC 024bb006 21 PROG RFF
PIC 024bc972 22 PROG TFF
PIC 024be29e 26 PROG TFF
PIC 024c2782 24 PROG
PIC 024c3dc6 25 PROG RFF
PIC 024c5532 29 PROG RFF
PIC 024c9a5e 27 PROG RFF TFF
PIC 024cb46a 28 PROG
SEQ 900900
PIC 024ccca3 2 PROG
PIC 024d87ba 0 PROG TFF
PIC 024d9eae 1 PROG RFF TFF
PIC 024db57a 5 PROG RFF TFF
PIC 024dff9e 3 PROG RFF
PIC 024e19b2 4 PROG TFF
PIC 024e326e 8 PROG TFF
PIC 024e791a 6 PROG
PIC 024e9436 7 PROG RFF
PIC 024eaefa 11 PROG RFF
PIC 024ef416 9 PROG RFF TFF
PIC 024f07ea 10 PROG
PIC 024f1bee 14 PROG
PIC 024f6322 12 PROG TFF
PIC 024f7b8e 13 PROG RFF TFF
PIC 024f9462 17 PROG RFF TFF
PIC 024fdd26 15 PROG RFF
PIC 024ff3ea 16 PROG TFF
PIC 02500966 20 PROG
PIC 02507132 18 PROG
PIC 025083b6 19 PROG
PIC 0250a492 23 PROG
PIC 0250fa36 21 PROG
PIC 025119c2 22 PROG
PIC 0251327e 26 PROG RFF TFF
PIC 02518392 24 PROG RFF
PIC 02519a8e 25 PROG TFF
SEQ 900900
PIC 0251af67 2 PROG TFF
PIC 02525fae 0 PROG
PIC 02527342 1 PROG RFF
PIC 025287de 5 PROG RFF
PIC 0252d31a 3 PROG RFF TFF
PIC 0252ea5e 4 PROG
PIC 0252fcf2 8 PROG
PIC 0253470e 6 PROG TFF
PIC 025361a2 7 PROG RFF TFF
PIC 02537c6e 11 PROG RFF TFF
PIC 0253bef2 9 PROG RFF
PIC 0253d746 10 PROG TFF
PIC 0253eb0a 14 PROG TFF
PIC 02543146 12 PROG
PIC 0254484a 13 PROG RFF
PIC 025460b6 17 PROG RFF
PIC 0254a68a 15 PROG RFF TFF
PIC 0254bd66 16 PROG
PIC 0254d512 20 PROG
PIC 02551b86 18 PROG TFF
PIC 0255349a 19 PROG RFF TFF
PIC 02554d76 23 PROG RFF TFF
PIC 0255956a 21 PROG RFF
PIC 0255aae6 22 PROG TFF
SEQ 900900
PIC 0255c0b7 2 PROG TFF
PIC 02568876 0 PROG
PIC 0256a0f2 1 PROG RFF
PIC 0256be3e 5 PROG RFF
PIC 0256f6b2 3 PROG RFF TFF
PIC 025704ce 4 PROG
PIC 0257108a 8 PROG
PIC 0257442e 6 PROG TFF
PIC 0257508a 7 PROG RFF TFF
PIC 02575e8e 11 PROG RFF TFF
PIC 0257a492 9 PROG RFF
PIC 0257b44e 10 PROG TFF
PIC 0257c3a2 14 PROG TFF
PIC 025806ae 12 PROG
PIC 02581962 13 PROG RFF
PIC 025829e6 17 PROG RFF
PIC 02586112 15 PROG RFF TFF
PIC 02586f2e 16 PROG
PIC 02587d0a 20 PROG
PIC 0258aaee 18 PROG TFF
PIC 0258b88a 19 PROG RFF TFF
PIC 0258e466 23 PROG RFF TFF
PIC 025931d2 21 PROG RFF
PIC 025943e6 22 PROG TFF
PIC 0259681a 26 PROG TFF
PIC 0259a07e 24 PROG
PIC 0259c65a 25 PROG RFF
SEQ 900900
PIC 0259ff23 2 PROG RFF
PIC 025aef6a 0 PROG RFF TFF
PIC 025b039e 1 PROG
PIC 025b186a 5 PROG
PIC 025b5a66 3 PROG TFF
PIC 025b6fca 4 PROG RFF TFF
PIC 025b83fe 8 PROG RFF TFF
PIC 025bc67a 6 PROG RFF
PIC 025bd45e 7 PROG TFF
PIC 025be1f2 11 PROG TFF
PIC 025c26fe 9 PROG
PIC 025c36a2 10 PROG RFF
SEQ 900900
PIC 025c4943 2 PROG RFF
PIC 025d23ca 0 PROG RFF TFF
PIC 025d36f6 1 PROG
PIC 025d4c8a 5 PROG
PIC 025d8cce 3 PROG TFF
PIC 025da3a2 4 PROG RFF TFF
PIC 025db6de 8 PROG RFF TFF
PIC 025dfbd2 6 PROG RFF
PIC 025e13ee 7 PROG TFF
PIC 025e2dfa 11 PROG TFF
PIC 025e72fe 9 PROG
PIC 025e8bd2 10 PROG RFF
PIC 025ea45e 14 PROG RFF
PIC 025ef0ba 12 PROG RFF TFF
PIC 025f083e 13 PROG
PIC 025f22b2 17 PROG
PIC 025f677e 15 PROG TFF
PIC 025f8032 16 PROG RFF TFF
PIC 025f9776 20 PROG RFF TFF
PIC 025fe272 18 PROG RFF
PIC 025ff71e 19 PROG TFF
PIC 02601002 23 PROG TFF
PIC 02605c0e 21 PROG
PIC 02606efa 22 PROG RFF
SEQ 900900
PIC 0260a7c3 2 PROG RFF
PIC 026181ba 0 PROG RFF TFF
PIC 02619586 1 PROG
PIC 0261a5c2 5 PROG
PIC 0261ed8e 3 PROG TFF
PIC 0261fe9a 4 PROG RFF TFF
PIC 0262124e 8 PROG RFF TFF
PIC 026254fa 6 PROG RFF
PIC 026269c6 7 PROG TFF
SEQ 900900
PIC 02628197 2 PROG TFF
PIC 02636076 0 PROG
PIC 0263789a 1 PROG RFF
PIC 02639306 5 PROG RFF
PIC 0263caea 3 PROG RFF TFF
PIC 0263e616 4 PROG
PIC 0263fba2 8 PROG
PIC 02643f4e 6 PROG TFF
PIC 026452c2 7 PROG RFF TFF
PIC 02646316 11 PROG RFF TFF
PIC 0264a912 9 PROG RFF
PIC 0264b816 10 PROG TFF
PIC 0264c89a 14 PROG TFF
PIC 02650cd6 12 PROG
PIC 02651c5a 13 PROG RFF
PIC 02652b86 17 PROG RFF
PIC 02656d5a 15 PROG RFF TFF
PIC 02657db6 16 PROG
PIC 0265a012 20 PROG
PIC 0265e9e6 18 PROG TFF
PIC 0265fe4a 19 PROG RFF TFF
PIC 026636ae 21 PROG RFF
PIC 02667632 22 PROG TFF
PIC 026699c6 23 PROG RFF TFF
PIC 0266bbe2 24 PROG
PIC 0266f26e 25 PROG RFF
PIC 0267198a 26 PROG TFF
PIC 026751f6 27 PROG RFF TFF
PIC 0267787a 28 PROG
PIC 0267b0e6 29 PROG RFF
SEQ 900900
PIC 0267d7c7 0 PROG TFF
PIC 02688e26 1 PROG RFF TFF
PIC 0268a4fa 2 PROG
PIC 0268b1ae 5 PROG RFF TFF
PIC 0268ca82 3 PROG RFF
PIC 0268ed76 4 PROG TFF
PIC 02690522 8 PROG TFF
PIC 0269455e 6 PROG
PIC 0269572a 7 PROG RFF
PIC 02698b16 11 PROG RFF
PIC 0269d05a 9 PROG RFF TFF
PIC 0269ead6 10 PROG
PIC 026a10fa 14 PROG
PIC 026a5556 12 PROG TFF
PIC 026a6fda 13 PROG RFF TFF
PIC 026aa846 17 PROG RFF TFF
PIC 026aed42 15 PROG RFF
PIC 026b085e 16 PROG TFF
SEQ 900900
PIC 026b2d9f 2 PROG TFF
PIC 026bd7ae 0 PROG
PIC 026becd2 1 PROG RFF
PIC 026bff06 5 PROG RFF
PIC 026c4382 3 PROG RFF TFF
PIC 026c57ae 4 PROG
PIC 026c6bc2 8 PROG
PIC 026cb39e 6 PROG TFF
PIC 026cc87a 7 PROG RFF TFF
PIC 026cdfde 11 PROG RFF TFF
PIC 026d22aa 9 PROG RFF
PIC 026d3f3e 10 PROG TFF
PIC 026d6592 14 PROG TFF
PIC 026daa7e 12 PROG
PIC 026dc3ba 13 PROG RFF
PIC 026dfc26 17 PROG RFF
PIC 026e4132 15 PROG RFF TFF
PIC 026e59fe 16 PROG
PIC 026e7fba 20 PROG
PIC 026ec5de 18 PROG TFF
PIC 026edf0a 19 PROG RFF TFF
PIC 026f176e 23 PROG TFF
PIC 026f612a 21 PROG RFF
PIC 026f8b36 22 PROG TFF
SEQ 900900
PIC 026fce67 2 TFF
PIC 02709996 0 TFF
PIC 0270da42 1 TFF
PIC 02710f26 3 TFF
PIC 0271449a 4 TFF
PIC 027173e6 5 TFF
PIC 0271a362 6 TFF
PIC 0271da2e 7 TFF
PIC 02721502 8 TFF
PIC 02724e26 9 TFF
PIC 027292e2 10 TFF
PIC 0272d45e 11 TFF
PIC 027313fa 12 TFF
PIC 02735d2e 13 TFF
PIC 0273a41a 14 TFF
PIC 0273fd96 15 TFF
PIC 027466ea 16 TFF
PIC 0274b9c6 17 TFF
PIC 0275008a 18 TFF
PIC 02754fae 19 TFF
PIC 02757cfa 20 TFF
PIC 0275c33e 21 TFF
PIC 0275ec8a 22 TFF
PIC 02762996 23 TFF
PIC 02765452 24 TFF
PIC 0276945e 25 TFF
PIC 0276b9da 26 TFF
PIC 027707de 27 TFF
PIC 02772582 28 TFF
PIC 02774a9e 29 PROG TFF
SEQ 900900
PIC 02776217 2 PROG TFF
PIC 0277e44e 0 PROG TFF
PIC 02782512 1 PROG TFF
PIC 02786a66 5 PROG TFF
PIC 02789a92 3 PROG TFF
PIC 0278a756 4 PROG TFF
PIC 0278b2ea 8 PROG TFF
PIC 0278ffbe 6 PROG TFF
PIC 02791012 7 PROG TFF
PIC 02791a56 11 PROG TFF
PIC 027953ca 9 PROG TFF
PIC 027961de 10 PROG TFF
PIC 02796f22 14 PROG TFF
PIC 02799cfe 12 PROG TFF
PIC 0279a6d2 13 PROG TFF
PIC 0279af26 17 PROG TFF
PIC 0279e47a 15 PROG TFF
PIC 0279edfe 16 PROG TFF
PIC 0279f682 20 PROG TFF
PIC 027a2b56 18 PROG TFF
PIC 027a3812 19 PROG TFF
PIC 027a441e 23 PROG TFF
PIC 027a705a 21 PROG TFF
PIC 027a7916 22 PROG TFF
PIC 027a80c2 26 PROG TFF
PIC 027ab4c6 24 PROG TFF
PIC 027abd62 25 PROG TFF
PIC 027ac536 29 PROG TFF
PIC 027afb1a 27 PROG TFF
PIC 027b03f6 28 PROG TFF
PIC 027b0c32 32 PROG TFF
PIC 027b4076 30 PROG TFF
PIC 027b499a 31 PROG TFF
PIC 027b52de 35 PROG TFF
PIC 027b87b2 33 PROG TFF
PIC 027b90fe 34 PROG TFF
PIC 027b98e2 38 PROG TFF
PIC 027bd21e 36 PROG TFF
PIC 027bda4a 37 PROG TFF
PIC 027be41e 41 PROG TFF
PIC 027c15ea 39 PROG TFF
PIC 027c22c6 40 PROG TFF
PIC 027c482a 44 PROG TFF
PIC 027cc306 42 PROG TFF
PIC 027cd84a 43 PROG TFF
PIC 027cec96 47 TFF
PIC 027d7432 45 PROG TFF
PIC 027d83f6 46 TFF
PIC 027db4d2 48 TFF
PIC 027e1c56 49 TFF
SEQ 900900
PIC 027e670f 0 PROG TFF
PIC 027ef32e 1 PROG TFF
PIC 027f2742 2 PROG TFF
PIC 027f5476 3 PROG TFF
PIC 027f823a 4 PROG TFF
PIC 027fb69e 5 PROG TFF
PIC 027ff242 6 PROG TFF
PIC 02802336 7 PROG TFF
PIC 02805dea 8 PROG TFF
PIC 028092ce 9 PROG TFF
PIC 0280c982 10 PROG TFF
PIC 0280f5ee 11 PROG TFF
PIC 02812542 12 PROG TFF
PIC 02815506 13 PROG TFF
PIC 028197b2 14 PROG TFF
PIC 0281d2e6 15 PROG TFF
PIC 028209a2 16 PROG TFF
PIC 0282487e 17 PROG TFF
PIC 028283f2 18 PROG TFF
PIC 0282c2a6 19 PROG TFF
PIC 0283081a 20 PROG TFF
PIC 02834fde 21 PROG TFF
PIC 028398a2 22 PROG TFF
PIC 0283e19e 23 PROG TFF
PIC 02842632 24 PROG TFF
PIC 02845d16 25 PROG TFF
PIC 02849c12 26 PROG TFF
PIC 0284dbe6 27 PROG TFF
PIC 02851962 28 PROG TFF
PIC 02855676 29 PROG TFF
PIC 0285917a 30 PROG TFF
PIC 0285cd9e 31 PROG TFF
SEQ 900900
PIC 02860a5f 0 PROG TFF
PIC 028672c6 1 PROG TFF
PIC 0286ac0a 2 PROG TFF
PIC 0286f41e 3 PROG TFF
PIC 02873bba 4 PROG TFF
PIC 02877e86 5 PROG TFF
PIC 0287b9e2 6 PROG TFF
PIC 0287f5b6 7 PROG TFF
PIC 02883232 8 PROG TFF
PIC 02886936 9 PROG TFF
PIC 0288a3e2 10 PROG TFF
PIC 0288dffe 11 PROG TFF
PIC 0289212a 12 PROG TFF
PIC 028943d6 13 PROG TFF
PIC 028974f2 14 PROG TFF
PIC 0289a24e 15 PROG TFF
PIC 0289d14a 16 PROG TFF
PIC 028a00f6 17 PROG TFF
PIC 028a2322 18 PROG TFF
PIC 028a425e 19 PROG TFF
PIC 028a89f2 22 PROG TFF
PIC 028a9c26 20 PROG TFF
PIC 028aa432 21 PROG TFF
PIC 028aa97e 25 PROG TFF
PIC 028ab5ba 23 PROG TFF
PIC 028aba36 24 PROG TFF
PIC 028abe1a 28 PROG TFF
PIC 028acc1e 26 PROG TFF
PIC 028ad042 27 PROG TFF
PIC 028ad3ae 31 PROG TFF
PIC 028ae2c2 29 PROG TFF
PIC 028ae6c6 30 PROG TFF
PIC 028aea1a 34 PROG TFF
PIC 028af9ee 32 PROG TFF
PIC 028afd82 33 PROG TFF
PIC 028b009e 37 PROG TFF
PIC 028b17a2 35 PROG TFF
PIC 028b1b6e 36 PROG TFF
PIC 028b1e6a 40 PROG TFF
PIC 028b79a6 38 PROG TFF
PIC 028be2ca 39 PROG TFF
PIC 028bf6f6 43 PROG TFF
PIC 028c0102 41 PROG TFF
PIC 028c044e 42 PROG TFF
SEQ 900900
PIC 028c0757 2 PROG TFF
PIC 028d5746 0 PROG TFF
PIC 028d5bea 1 PROG TFF
PIC 028d68a6 5 PROG TFF
PIC 028d91ea 3 PROG TFF
PIC 028d9ad6 4 PROG TFF
PIC 028da30a 8 PROG TFF
PIC 028df69e 6 PROG TFF
PIC 028dfe7a 7 PROG TFF
PIC 028e06f6 11 PROG TFF
PIC 028e3a02 9 PROG TFF
PIC 028e4246 10 PROG TFF
PIC 028e4a22 14 PROG TFF
PIC 028e76ae 12 PROG TFF
PIC 028e7f62 13 PROG TFF
PIC 028e8776 17 PROG TFF
PIC 028ebbba 15 PROG TFF
PIC 028ec3be 16 PROG TFF
PIC 028ecc6a 20 PROG TFF
PIC 028f0be6 18 PROG TFF
PIC 028f0ed2 19 PROG TFF
PIC 028f10ae 23 PROG TFF
PIC 028f2eba 21 PROG TFF
PIC 028f3126 22 PROG TFF
SEQ 900900
PIC 028f331f 2 PROG TFF
PIC 0290bec6 0 PROG TFF
PIC 0290d692 1 PROG TFF
PIC 0290fb4e 5 PROG TFF
PIC 02913072 3 PROG TFF
PIC 02914cbe 4 PROG TFF
PIC 029166aa 8 PROG TFF
PIC 0291ac06 6 PROG TFF
PIC 0291c3f2 7 PROG TFF
PIC 0291d6f6 11 PROG TFF
PIC 029221e2 9 PROG TFF
PIC 029234c6 10 PROG TFF
PIC 029246fa 14 PROG TFF
PIC 029299ee 12 PROG TFF
PIC 0292b232 13 PROG TFF
PIC 0292cd8e 17 PROG TFF
PIC 0293194a 15 PROG TFF
PIC 029332fe 16 PROG TFF
PIC 02934a0a 20 PROG TFF
PIC 02938ffe 18 PROG TFF
PIC 0293a5f2 19 PROG TFF
PIC 0293ba26 23 PROG TFF
PIC 0294008a 21 PROG TFF
PIC 0294174e 22 PROG TFF
PIC 02942ef2 26 PROG TFF
PIC 02947666 24 PROG TFF
PIC 02948d6a 25 PROG TFF
SEQ 900900
PIC 0294a41b 2 PROG TFF
PIC 029557fa 0 PROG TFF
PIC 02956b56 1 PROG TFF
PIC 02957c7a 5 PROG TFF
PIC 0295c3e6 3 PROG TFF
PIC 0295d64a 4 PROG TFF
PIC 0295ead6 8 PROG TFF
PIC 02962f62 6 PROG TFF
PIC 029644e6 7 PROG TFF
PIC 0296595a 11 PROG TFF
PIC 0296a046 9 PROG TFF
PIC 0296b502 10 PROG TFF
PIC 0296c9de 12 PROG TFF
PIC 02973152 13 PROG TFF
PIC 02976c46 14 PROG TFF
PIC 0297990a 15 PROG TFF
PIC 0297c7e6 16 PROG TFF
PIC 0297f852 17 PROG TFF
PIC 02982e1e 18 PROG TFF
PIC 029864b2 19 PROG TFF
PIC 02989a26 20 PROG TFF
PIC 0298ce7a 21 TFF
PIC 02990156 22 TFF
PIC 02993af2 23 PROG TFF
PIC 029970a6 24 PROG TFF
PIC 0299a332 25 PROG TFF
PIC 0299d8be 26 PROG TFF
PIC 029a099a 27 PROG TFF
PIC 029a37ae 28 PROG TFF
PIC 029a660a 29 PROG TFF
PIC 029a9186 30 PROG TFF
PIC 029abcaa 31 PROG TFF
PIC 029aebb6 32 PROG TFF
PIC 029b16ba 35 PROG TFF
PIC 029b5396 33 PROG TFF
PIC 029b6572 34 PROG TFF
SEQ 900900
PIC 029b7c6b 2 PROG TFF
PIC 029c42d2 0 PROG TFF
PIC 029c5d6e 1 PROG TFF
PIC 029c760a 5 PROG TFF
PIC 029cb88e 3 PROG TFF
PIC 029cd092 4 PROG TFF
PIC 029ceb26 8 PROG TFF
PIC 029d3c72 6 PROG TFF
PIC 029d571e 7 PROG TFF
PIC 029d706a 11 PROG TFF
PIC 029dc906 9 PROG TFF
PIC 029de14a 10 PROG TFF
PIC 029df64e 14 PROG TFF
PIC 029e4482 12 PROG TFF
PIC 029e5b66 13 PROG TFF
PIC 029e7482 17 PROG TFF
PIC 029ec61e 15 PROG TFF
PIC 029ee0ba 16 PROG TFF
PIC 029efb46 20 PROG TFF
PIC 029f544a 18 PROG TFF
PIC 029f6b5e 19 PROG TFF
PIC 029f813a 23 PROG TFF
PIC 029fd12e 21 PROG TFF
PIC 029fe972 22 PROG TFF
PIC 02a00036 26 PROG TFF
PIC 02a04cfa 24 PROG TFF
PIC 02a0657e 25 PROG TFF
PIC 02a07bc2 29 PROG TFF
PIC 02a0f666 27 TFF
PIC 02a10c82 28 PROG TFF
PIC 02a1222e 32 PROG TFF
PIC 02a1754a 30 PROG TFF
PIC 02a19226 31 PROG TFF
PIC 02a1a81a 35 PROG TFF
PIC 02a1ed66 33 PROG TFF
PIC 02a202f2 34 PROG TFF
PIC 02a2161e 38 PROG TFF
PIC 02a25c02 36 PROG TFF
PIC 02a26f0e 37 PROG TFF
SEQ 900900
PIC 02a28517 2 PROG TFF
PIC 02a35366 0 PROG TFF
PIC 02a36e22 1 PROG TFF
PIC 02a3877e 5 PROG TFF
PIC 02a3cd6a 3 PROG TFF
PIC 02a3e74e 4 PROG TFF
PIC 02a3ff8a 8 PROG TFF
PIC 02a44786 6 PROG TFF
PIC 02a46162 7 PROG TFF
PIC 02a47b56 11 PROG TFF
PIC 02a4c5b2 9 PROG TFF
PIC 02a4e0ee 10 PROG TFF
PIC 02a4fc92 14 PROG TFF
PIC 02a54a36 12 PROG TFF
PIC 02a5662a 13 PROG TFF
PIC 02a582fe 17 PROG TFF
PIC 02a5d1d2 15 PROG TFF
PIC 02a5ef7e 16 PROG TFF
PIC 02a60d02 20 PROG TFF
PIC 02a65b1e 18 PROG TFF
PIC 02a67952 19 PROG TFF
PIC 02a695a6 21 TFF
PIC 02a6f3a2 22 TFF
PIC 02a72dc6 23 TFF
PIC 02a75eba 24 TFF
PIC 02a78fa6 25 TFF
PIC 02a7c72a 26 TFF
PIC 02a7ff36 27 TFF
PIC 02a830d2 28 TFF
PIC 02a862ae 29 TFF
PIC 02a89232 30 TFF
PIC 02a8c12e 31 TFF
PIC 02a8ed1a 32 TFF
PIC 02a9190e 33 TFF
PIC 02a944ba 34 TFF
PIC 02a96fbe 35 TFF
PIC 02a99afa 36 TFF
PIC 02a9c866 37 TFF
PIC 02a9f512 38 TFF
PIC 02aa1e96 39 TFF
SEQ 900900
PIC 02aa4e5f 0 TFF
PIC 02ab063e 1 TFF
PIC 02ab31e2 2 TFF
PIC 02ab633e 3 TFF
PIC 02ab9042 4 TFF
PIC 02abbfee 5 TFF
PIC 02abf34a 6 TFF
PIC 02ac24de 7 TFF
PIC 02ac561a 8 TFF
PIC 02ac8866 9 TFF
PIC 02acb942 10 TFF
PIC 02ace966 11 TFF
PIC 02ad2082 12 TFF
PIC 02ad56fe 13 TFF
PIC 02ad8ab2 14 TFF
PIC 02adbe7e 15 TFF
PIC 02adf10a 16 TFF
PIC 02ae2136 17 PROG TFF
PIC 02ae5342 18 PROG TFF
PIC 02ae84de 19 TFF
PIC 02aeb3aa 20 TFF
PIC 02aee3ae 21 TFF
PIC 02af1172 22 TFF
PIC 02af3ede 23 TFF
PIC 02af6e02 24 TFF
PIC 02af9ff6 25 TFF
PIC 02afce52 26 TFF
PIC 02affdc6 27 TFF
PIC 02b03132 28 TFF
PIC 02b062ee 29 TFF
PIC 02b09842 30 TFF
PIC 02b0cf16 31 TFF
PIC 02b10232 32 TFF
PIC 02b13646 33 TFF
PIC 02b16862 34 TFF
PIC 02b19bce 35 TFF
PIC 02b1ce92 36 TFF
SEQ 900900
PIC 02b204a3 0 TFF
PIC 02b280fa 1 TFF
PIC 02b2bad6 2 TFF
PIC 02b2f64a 3 TFF
PIC 02b32dfe 4 TFF
PIC 02b368ba 5 TFF
PIC 02b3a066 6 TFF
PIC 02b3d652 7 TFF
PIC 02b40cb6 8 TFF
PIC 02b44532 9 TFF
PIC 02b47b6e 10 TFF
PIC 02b4b552 11 TFF
PIC 02b4eade 12 TFF
PIC 02b522d2 13 TFF
PIC 02b55d86 14 TFF
PIC 02b594f2 15 PROG TFF
PIC 02b5cf0e 16 PROG TFF
PIC 02b603c2 17 PROG TFF
PIC 02b634fe 18 TFF
SEQ 900900
PIC 02b6689f 2 TFF
PIC 02b6f7fe 0 TFF
PIC 02b72142 1 TFF
PIC 02b74ac6 5 TFF
PIC 02b77caa 3 TFF
PIC 02b7a36e 4 TFF
PIC 02b7bd42 8 TFF
PIC 02b7e5e6 6 TFF
PIC 02b7f9a2 7 TFF
PIC 02b80826 11 TFF
PIC 02b84062 9 TFF
PIC 02b8523e 10 TFF
PIC 02b85eaa 14 TFF
PIC 02b89d2e 12 TFF
PIC 02b8ac32 13 TFF
PIC 02b8beee 17 TFF
PIC 02b901d2 15 TFF
PIC 02b9127e 16 TFF
PIC 02b924ca 20 TFF
PIC 02b96abe 18 TFF
PIC 02b97ffa 19 TFF
PIC 02b9925e 23 TFF
PIC 02b9e042 21 TFF
PIC 02b9f336 22 TFF
PIC 02ba0782 26 TFF
PIC 02ba4e76 24 TFF
PIC 02ba65a2 25 TFF
PIC 02ba7856 29 TFF
PIC 02babbda 27 TFF
PIC 02bacb16 28 TFF
PIC 02bad9aa 32 TFF
PIC 02bb1ebe 30 TFF
PIC 02bb2fba 31 TFF
PIC 02bb4276 35 TFF
PIC 02bb89c2 33 TFF
PIC 02bb9e36 34 TFF
PIC 02bbb2ea 38 TFF
PIC 02bbface 36 TFF
PIC 02bc0f6a 37 TFF
PIC 02bc250e 41 TFF
PIC 02bc6b82 39 TFF
PIC 02bc804e 40 TFF
PIC 02bc9492 44 TFF
PIC 02bcdd4e 42 TFF
PIC 02bcf252 43 TFF
PIC 02bd0806 47 TFF
PIC 02bd50da 45 TFF
PIC 02bd6786 46 TFF
PIC 02bd7e02 50 TFF
PIC 02bdc8c6 48 TFF
PIC 02bdddba 49 TFF
SEQ 900900
PIC 02bdf043 2 TFF
PIC 02bec5f2 0 TFF
PIC 02beda56 1 TFF
PIC 02beec72 5 TFF
PIC 02bf397e 3 TFF
PIC 02bf4c42 4 TFF
PIC 02bf623e 8 TFF
PIC 02bfaf7a 6 TFF
PIC 02bfc606 7 TFF
PIC 02bfd95a 11 TFF
PIC 02c023c6 9 TFF
PIC 02c03952 10 TFF
PIC 02c04b6e 14 TFF
PIC 02c08b4a 12 TFF
PIC 02c09d36 13 TFF
PIC 02c0ae9a 17 TFF
PIC 02c0f05e 15 TFF
PIC 02c104a2 16 TFF
PIC 02c119de 20 TFF
PIC 02c15c4a 18 TFF
PIC 02c17056 19 TFF
PIC 02c18482 23 TFF
PIC 02c1cdb6 21 TFF
PIC 02c1e48a 22 TFF
PIC 02c1fb96 26 TFF
PIC 02c2495a 24 TFF
PIC 02c260ae 25 TFF
PIC 02c27822 29 TFF
PIC 02c2bbfe 27 TFF
PIC 02c2d18a 28 TFF
PIC 02c2e5ae 32 TFF
PIC 02c327ba 30 TFF
PIC 02c33aa6 31 TFF
SEQ 900900
PIC 02c34d17 2 TFF
