      bd0
    1dfe2
    4a901
    4bce5
   10df93
   16a4e4
   2129f8
   32c776
   41f087
   541c311
   59d489
   5f59210
   650e814
   6bde112
   7174713
   76ec00
   92ada2
   9d2461
   a34875
   ac67f3
   b23384
   b80a88
   c0d9a6
   c67fc7
   cc38411
   d4f529
   daef410
   e108814
   e9d4a12
   efcc613
   f5f0c0
  10f0892
  113a1b1
  119e395
  1225623
  128b164
  12f5018
  1386a56
  13eadb7
  144ff611
  14e0d29
  1543f210
  15a82414
  1638c112
  169cb413
  1702ac0
  1891be2
  18dab21
  1939c45
  19bb3d3
  1a1d744
  1a826e8
  1b0fb56
  1b748a7
  1bdb7211
  1c6d2b9
  1cd21610
  1d3ace14
  1dd11f12
  1e3a9613
  1ea6340
  202f622
  2082d21
  20ddab5
  215fe83
  21c61e4
  222da58
  22b92c6
  23213e7
  23858911
  2412819
  24786d10
  24dfba14
  2571ea12
  25db6813
  2648c20
  27d5902
  282d7d1
  2892615
  29148b3
  297b944
  29e2b78
  2a6dbf6
  2ad5097
  2b3b8311
  2bc8109
  2c2ba210
  2c92d814
  2d1d6012
  2d849c13
  2deb6b0
  2fcbe72
  30daab1
  31111a5
  3155253
  3187794
  31ba488
  31f9e16
  322db47
  32618d11
  32a4019
  32d7d610
  330b9f14
  334f2612
  33856413
  33bc160
  34cfbe2
  351d271
  35535b5
  359cb03
  35d6194
  3610608
  36579a6
  36909e7
  36ca2911
  3713f09
  374df910
  37865414
  37cdd412
  38050513
  383d240
  3952bc2
  39a2011
  39d8455
  3a20a83
  3a59374
  3a92758
  3ad5146
  3b0a187
  3b3f2311
  3b7b8f9
  3bae6010
  3be0b214
  3c22c512
  3c503e13
  3c7f920
  3d879b2
  3dbd751
  3de8505
  3e22333
  3e503a4
  3e80b08
  3ebf846
  3ef3187
  3f271b11
  3f6b789
  3fa15410
  3fd6eb14
  401ed312
  40551f13
  408c220
  41b0742
  4202851
  423b285
  42887e3
  42c37f4
  42fe608
  43483f6
  4381aa7
  43bcb611
  44040b9
  443ce810
  44765714
  44bfba12
  44f7ae13
  452f4f0
  4653882
  46a2a71
  46daf95
  4723173
  475bde4
  4795778
  47d9226
  480f2f7
  48442011
  4883929
  48b72710
  48ea3514
  4923a912
  49536d13
  49835c0
  4a91872
  4acf261
  4afa2e5
  4b36183
  4b67474
  4b98e08
  4bd7ff6
  4c0b817
  4c3f0111
  4c81479
  4cb56010
  4ce99f14
  4d2da512
  4d63f113
  4d9aa90
  4ebe362
  4f0da01
  4f45865
  4f90223
  4fcac24
  50063a8
  504e9d6
  5088b77
  50c35911
  510e379
  51495210
  5182bf14
  51cb5712
  52039a13
  523ccb0
  5362052
  53b3941
  53eb7e5
  5434d13
  546e854
  54a8e38
  54eca26
  5522b57
  5558cf11
  55964c9
  55ca3310
  55fd9b14
  56301912
  565eac13
  568d4b0
  5795542
  57cbc61
  57f7095
  5830ea3
  585eee4
  588f6a8
  58ce396
  5901c47
  5935cf11
  597a2c9
  59b00010
  59e58d14
  5a2d6d12
  5a63b513
  5a9ab70
  5bbf092
  5c116b1
  5c4a555
  5c97a73
  5cd2ac4
  5d0d8d8
  5d576c6
  5d90df7
  5dcbf111
  5e13499
  5e4c2910
  5e859b14
  5ecf0512
  5f070013
  5f3ea80
  6062e12
  60b2441
  60ea865
  6132943
  616b544
  61a4ea8
  61e8926
  621ea67
  62539e11
  6293159
  62c6ad10
  62f9be14
  63333012
  6362f513
  6392e40
  64a10f2
  64deae1
  6509b65
  6545a03
  6576cf4
  65a8688
  65e7876
  661b097
  664e8911
  6690cf9
  66c4e810
  66f92714
  673d2d12
  67737913
  67aa310
  68cdbe2
  691d281
  69550e5
  699faa3
  69da4a4
  6a15c28
  6a5e256
  6a983f7
  6ad2e111
  6b1dbf9
  6b58da10
  6b924714
  6bdadf12
  6c132213
  6c4c530
  6d718d2
  6dc31c1
  6dfb065
  6e44593
  6e7e0d4
  6eb86b8
  6efc2a6
  6f323d7
  6f685711
  6fa5d49
  6fd9bb10
  700d2314
  703fa112
  706e3413
  709cd30
  71a4dc2
  71db4e1
  7206915
  7240723
  726e764
  729ef28
  72ddc16
  73114c7
  73455711
  7389b49
  73bf8810
  73f51514
  743cf512
  74733d13
  74aa3f0
  75ce912
  7620f31
  7659dd5
  76a72f3
  76e2344
  771d158
  7766f46
  77a0677
  77db7911
  7822d19
  785bb110
  78952314
  78de8d12
  79168813
  794e300
  7a72692
  7ac1cc1
  7afa0e5
  7b421c3
  7b7adc4
  7bb4728
  7bf81a6
  7c2e2e7
  7c632611
  7ca29d9
  7cd63510
  7d094614
  7d42b812
  7d727d13
  7da26c0
  7eb0972
  7eee361
  7f193e5
  7f55283
  7f86574
  7fb7f08
  7ff70f6
  802a917
  805e1111
  80a0579
  80d47010
  8108af14
  814cb512
  81830113
  81b9b90
  82dd462
  832cb01
  8364965
  83af323
  83e9d24
  84254a8
  846dad6
  84a7c77
  84e26911
  852d479
  85686210
  85a1cf14
  85ea6712
  8622aa13
  865bdb0
  8781152
  87d2a41
  880a8e5
  8853e13
  888d954
  88c7f38
  890bb26
  8941c57
  8977df11
  89b55c9
  89e94310
  8a1cab14
  8a4f2912
  8a7dbc13
  8aac5b0
  8bb4642
  8bead61
  8c16195
  8c4ffa3
  8c7dfe4
  8cae7a8
  8ced496
  8d20d47
  8d54df11
  8d98a09
  8dce8210
  8e041d14
  8f137012
  8f4ae013
  8f86660
  90f2a42
  914ca01
  918bcb5
  91db9b3
  921b284
  925ab48
  92a89d6
  92e7d37
  93287c11
  9375329
  93b4be10
  93f59414
  94456812
  94848213
  94c4a10
  9638772
  969b3c1
  96e2135
  9738103
  977e184
  97c4618
  9814806
  9856eb7
  98983b11
  98e3b59
  99231d10
  9961ff14
  99a60712
  99e08a13
  9a1b470
  9b7bf72
  9bcc1d1
  9c053a5
  9c4e5f3
  9c8bf54
  9cc9f28
  9d154d6
  9d54f87
  9d94a111
  9de2e19
  9e22b410
  9e62a614
  9eb12312
  9ef27013
  9f34b60
  a0a9fd2
  a109791
  a14ebf5
  a1a08a3
  a1e4d94
  a229a58
  a275f96
  a2b79a7
  a2f9e211
  a345ac9
  a3866e10
  a3c59114
  a40d2f12
  a449c913
  a486eb0
  a5f3fe2
  a64b9e1
  a689ee5
  a6d3c13
  a711274
  a74e498
  a791926
  a7cb057
  a8046811
  a8430e9
  a879fc10
  a8b1f614
  a8e75912
  a9199e13
  a94b660
  aaa2a92
  aae6271
  ab19d65
  ab58883
  ab8dcf4
  abc29c8
  ac04016
  ac3b167
  ac731711
  acb7649
  acef6710
  ad286b14
  ad6df212
  ada62213
  addf3b0
  af4b792
  afa5751
  afe4a05
  b034703
  b073fd4
  b0b3898
  b101726
  b140a87
  b1815111
  b1ce079
  b20d9310
  b24e6914
  b29e3d12
  b2dd5713
  b31d760
  b4914c2
  b4f4111
  b53ae85
  b590e53
  b5d6ed4
  b61d368
  b66d556
  b6afc07
  b6f11011
  b73c8a9
  b77bf210
  b7bad414
  b7fedc12
  b8395f13
  b8741c0
  b9d4cc2
  ba24f21
  ba5e0f5
  baa7343
  bae4ca4
  bb22c78
  bb6e226
  bbadcd7
  bbed7611
  bc3bb69
  bc7b8910
  bcbb7b14
  bd09f812
  bd4b4513
  bd8d8b0
  bf02d22
  bf624e1
  bfa7945
  bff95f3
  c03dae4
  c0827a8
  c0cece6
  c1106f7
  c152b711
  c19e819
  c1df4310
  c21e6614
  c2660412
  c2a29e13
  c2dfc00
  c44cd32
  c4a4731
  c4e2c35
  c52c963
  c569fc4
  c5a71e8
  c5ea676
  c623da7
  c65d3d11
  c69be39
  c6d2d110
  c70acb14
  c7402e12
  c7727313
  c7a43b0
  c8fb7e2
  c93efc1
  c972ab5
  c9b15d3
  c9e6a44
  ca1b718
  ca5cd66
  ca93eb7
  cacbec11
  cb10399
  cb483c10
  cb814014
  cbc6c712
  cbfef713
  cc38100
  cda44e2
  cdfe4a1
  ce3d755
  ce8d453
  ceccd24
  cf0c5e8
  cf5a476
  cf997d7
  cfda2611
  d026dc9
  d0666810
  d0a73e14
  d0f71212
  d1362c13
  d1764b0
  d2ea212
  d34ce61
  d393bd5
  d3e9ba3
  d42fc24
  d4760b8
  d4c62a6
  d508957
  d549e511
  d5955f9
  d5d4c710
  d613a914
  d657b112
  d6923413
  d6ccf10
  d82da12
  d87dc71
  d8b6e45
  d900093
  d93d9f4
  d97b9c8
  d9c6f76
  da06a27
  da464b11
  da948b9
  dad45e10
  db145014
  db62cd12
  dba41a13
  dbe6600
  dd5ba72
  ddbb231
  de00695
  de52343
  de96834
  dedb4f8
  df27a36
  df69447
  dfab8c11
  e095619
  e0e0fe10
  e12b2614
  e17d9012
  e1c0dd13
  e204b20
  e3886d2
  e3e1201
  e420895
  e46b7a3
  e4aa3f4
  e4e8c18
  e52d376
  e5676e7
  e5a19511
  e5e1229
  e618f710
  e651d614
  e6888d12
  e6bc1e13
  e6ef350
  e85d222
  e8a1b31
  e8d67b5
  e916483
  e94cf14
  e983208
  e9c5b26
  e9fd877
  ea364b11
  ea7b7e9
  eab46610
  eaee5114
  eb352b12
  eb6ea513
  eba9050
  ed2bee2
  ed86fb1
  edc73c5
  ee18263
  ee59194
  ee9a078
  eee9216
  ef291b7
  ef6a8811
  efb8279
  eff89710
  f03a5114
  f08b7a12
  f0cbe013
  f10d4a0
  f297a32
  f2fb8b1
  f3437e5
  f39a973
  f3e1fc4
  f4299c8
  f47ae56
  f4be097
  f5001a11
  f54c7b9
  f58cc510
  f5cc8714
  f611dd12
  f64db413
  f689c70
  f8011f2
  f8525d1
  f88c925
  f8d6d13
  f915c54
  f955278
  f9a1b26
  f9e21f7
  fa228e11
  fa71b59
  fab26d10
  faf34414
  fb431712
  fb85aa13
  fbc9350
  fd55052
  fdb5a61
  fdfc055
  fe4eef3
  fe94a74
  fedadd8
  ff28676
  ff6ad97
  ffadf011
  fffab19
 1003c6810
 1007c8214
 100c58012
 101036213
 10141cc0
 102c5872
 1031e3a1
 1035da35
 103a8943
 103e7594
 10425db8
 1046a516
 104a4887
 104deaf11
 1051e3c9
 105561110
 1058ef014
 105c5a712
 105f93813
 1062c4f0
 1079a3c2
 107decd1
 10813955
 10853623
 1088a0b4
 108c03a8
 10902cc6
 1093aa17
 109736511
 109b8989
 109f18010
 10a2b6b14
 10a724512
 10aabbf13
 10ae61f0
 10c69082
 10cc4151
 10d04565
 10d55403
 10d96334
 10dd7218
 10e263b6
 10e66357
 10ea7a211
 10ef5419
 10f35b110
 10f776b14
 10fc89412
 11008fa13
 1104a640
 111d4bd2
 11238a51
 11280985
 112d7b13
 1131f164
 11366b68
 113b7ff6
 113fb237
 1143d3411
 11489959
 114c9df10
 11509a114
 1154ef712
 1158ace13
 115c6e10
 1173e392
 1178f771
 117c9ac5
 11813eb3
 11852df4
 11892418
 118decc6
 1191f397
 1195fa811
 119aecf9
 119ef8710
 11a305e14
 11a803112
 11ac2c413
 11b064f0
 11c921f2
 11cf2c01
 11d391f5
 11d8c093
 11dd1c14
 11e17f78
 11e65816
 11ea7f37
 11eeb0a11
 11f37cb9
 11f798210
 11fb99c14
 120029a12
 120407c13
 1207ee60
 12202a12
 122b7781
 122f6de5
 123441a3
 1237e364
 123b8f28
 123fca26
 12432fd7
 124694211
 124a6f89
 124dad410
 1250e1d14
 125402612
 1256ec913
 1259d5b0
 12695c62
 126ca731
 126f4715
 1272d173
 12759f54
 127894b8
 127c6f96
 127f9737
 1282c6d11
 1286fb79
 128a47c10
 128d8fa14
 1291fc312
 12954fa13
 1298aeb0
 12a9f9d2
 12af03a1
 12b27df5
 12b73f63
 12badd54
 12be7908
 12c304e6
 12c68b07
 12ca2b111
 12ce8f59
 12d20c610
 12d592914
 12da17c12
 12dd86613
 12e0efd0
 12f23972
 12f71361
 12fa8325
 12fef053
 130269f4
 1305f0e8
 130a1956
 130d6997
 1310a8111
 13148e49
 1317b6e10
 131ad7014
 131e5cb12
 132148013
 132435d0
 13341ed2
 1337dc71
 133a7895
 133e23a3
 13412424
 13442b48
 13480b16
 134b3227
 134e59011
 13526c29
 13559ce10
 1358cff14
 135cfef12
 136052b13
 1363ad20
 1374ebe2
 1379c641
 137d3045
 1381c653
 13855de4
 138902f8
 138d7716
 13910797
 1394a0811
 13993d39
 139cddf10
 13a063d14
 13a4dbe12
 13a84f113
 13abd120
 13bd2aa2
 13c22741
 13c59195
 13ca1313
 13cd9bf4
 13d12f78
 13d55956
 13d8a977
 13dbfa011
 13dfc0a9
 13e2ee210
 13e613b14
 13e92a212
 13ec02413
 13eedb20
 13fe61d2
 1401aca1
 14044c85
 1407d6e3
 140aa4c4
 140d9a28
 14117506
 14149ca7
 1417cc411
 141c00e9
 141f4d310
 142295114
 142701a12
 142a55113
 142db420
 143eff42
 14440911
 14478365
 144c44d3
 144fe2c4
 14537e78
 14580a56
 145b9077
 145f30811
 146394c9
 146711d10
 146a98014
 146f1d312
 14728bd13
 1475f540
 14873ee2
 148c18d1
 148f8895
 1493f5c3
 14976f64
 149af658
 149f1ec6
 14a26f07
 14a5ad811
 14a993b9
 14acbc510
 14afdc714
 14b362212
 14b64d713
 14b93b40
 14c92442
 14cce1e1
 14cf7e05
 14d32913
 14d62994
 14d930b8
 14dd1086
 14e03797
 14e35e711
 14e77199
 14eaa2510
 14edd5614
 14f204612
 14f558213
 14f8b290
 1509f152
 150ecbb1
 151235b5
 1516cbc3
 151a6354
 151e0868
 15227c86
 15260d07
 1529a5f11
 152e42a9
 1531e3610
 153569414
 1539e1512
 153d54813
 1540d690
 15523012
 15572cb1
 155a9705
 155f1883
 1562a164
 156634e8
 156a5ec6
 156daee7
 1570ff711
 1574c619
 1577f3910
 157b19214
 157e2f912
 158107b13
 1583e090
 15936742
 1596b211
 159951f5
 159cdc53
 159faa34
 15a29f98
 15a67a76
 15a9a217
 15acd1b11
 15b10659
 15b452a10
 15b79a814
 15bc07112
 15bf5a813
 15c2b990
 15d404b2
 15d90e81
 15dc88d5
 15e14a43
 15e4e834
 15e883e8
 15ed0fc6
 15f095e7
 15f435f11
 15f89a39
 15fc17410
 15ff9d714
 160422a12
 160791413
 160afab0
 161c4452
 16211e41
 16248e05
 1628fb33
 162c74d4
 162ffbc8
 16342436
 16377477
 163ab2f11
 163e9929
 1641c1c10
 1644e1e14
 164867912
 164b52e13
 164e40b0
 165e29b2
 1661e751
 16648375
 16682e83
 166b2f04
 166e3628
 167215f6
 16753d07
 167863e11
 167c7709
 167fa7c10
 1682dad14
 168709d12
 168a5d913
 168db800
 169ef6c2
 16a3d121
 16a73b25
 16abd133
 16af68c4
 16b30dd8
 16b781f6
 16bb1277
 16beab611
 16c34819
 16c6e8d10
 16ca6eb14
 16cee6c12
 16d259f13
 16d5dc00
 16e73582
 16ec3221
 16ef9c75
 16f41df3
 16f7a6d4
 16fb3a58
 16ff6436
 1702b457
 170604e11
 1709cb89
 170cf9010
 17101e914
 171335012
 17160d213
 1718e600
 17286cb2
 172bb781
 172e5765
 1731e1c3
 1734afa4
 1737a508
 173b7fe6
 173ea787
 1741d7211
 17460bc9
 174958110
 174c9ff14
 17510c812
 17545ff13
 1757bf00
 17690a22
 176e13f1
 17718e45
 17764fb3
 1779eda4
 177d8958
 17821536
 17859b57
 17893b611
 178d9fa9
 17911cb10
 1794a2e14
 179928112
 179c96b13
 17a00020
 17b149c2
 17b623b1
 17b99375
 17be00a3
 17c17a44
 17c50138
 17c929a6
 17cc79e7
 17cfb8611
 17d39e99
 17d6c7310
 17d9e7514
 17dd6d012
 17e058513
 17e34620
 17f32f22
 17f6ecc1
 17f988e5
 180175b3
 18048124
 1807b498
 180bc016
 180f0a37
 18124fc11
 18169389
 1819ef110
 181d45a14
 1821a4a12
 18251c813
 182891f0
 183cb8a2
 1841d7a1
 18456ce5
 184a3713
 184df3a4
 1851b8d8
 185651b6
 1859fb77
 185db2811
 186271c9
 186638e10
 1869e8014
 186e7f412
 18720b513
 1875aad0
 1889ebc2
 188f1071
 18929245
 189734f3
 189ae2d4
 189ea798
 18a2f816
 18a684b7
 18a9fa111
 18ade179
 18b13c710
 18b487f14
 18b7bf312
 18babc313
 18bdb8d0
 18d02812
 18d3a031
 18d66955
 18da1163
 18dcff84
 18e01528
 18e40e76
 18e758b7
 18eab1011
 18ef1929
 18f287710
 18f609014
 18faaea12
 18fe3aa13
 1901bde0
 1915ec02
 191b1f31
 191eb9e5
 19239973
 19274ac4
 192b0148
 192fb1e6
 19335ec7
 193720a11
 193bad39
 193f4a310
 1942f4614
 1947a4412
 194b3c613
 194ecbf0
 19630272
 19681b91
 196bc1a5
 19705af3
 1973eee4
 19779428
 197beb46
 197f5a37
 1982c8511
 1986d119
 198a1ae10
 198d63614
 199116112
 199421a13
 199732c0
 19aa1442
 19ae0a21
 19b0d4a5
 19b4a2c3
 19b7c984
 19baf0e8
 19bef956
 19c248c7
 19c592811
 19c9d749
 19cd36e10
 19d090714
 19d4f1612
 19d86e513
 19dbea00
 19f010b2
 19f52fb1
 19f8c4f5
 19fd8f23
 1a014bb4
 1a0510e8
 1a09a9c6
 1a0d5387
 1a110a911
 1a15c9d9
 1a1990f10
 1a1d40114
 1a21d7512
 1a2563613
 1a2902e0
 1a3d43d2
 1a426881
 1a45ea55
 1a4a8d03
 1a4e3ae4
 1a51ffa8
 1a565026
 1a59dcc7
 1a5d52211
 1a613989
 1a6494810
 1a67e0014
 1a6b17412
 1a6e14413
 1a7110e0
 1a838022
 1a86f841
 1a89c165
 1a8d6973
 1a905794
 1a936d38
 1a976686
 1a9ab0c7
 1a9e09111
 1aa27139
 1aa5df810
 1aa961114
 1aae06b12
 1ab192b13
 1ab515f0
 1ac94412
 1ace7741
 1ad211f5
 1ad6f183
 1adaa2d4
 1ade5958
 1ae309f6
 1ae6b6d7
 1aea78b11
 1aef0549
 1af2a2410
 1af64c714
 1afafc512
 1afe94713
 1b022400
 1b165a82
 1b1b73a1
 1b1f19b5
 1b23b303
 1b2746f4
 1b2aec38
 1b2f4356
 1b32b247
 1b3620611
 1b3a2929
 1b3d72f10
 1b40bb714
 1b446e212
 1b4779b13
 1b4a8ad0
 1b5d6c52
 1b616231
 1b642cb5
 1b67fad3
 1b6b2194
 1b6e48f8
 1b725166
 1b75a0d7
 1b78ea911
 1b7d2f59
 1b808ef10
 1b83e8814
 1b8849712
 1b8bc6613
 1b8f4210
 1ba368c2
 1ba887c1
 1bac1d05
 1bb0e733
 1bb4a3c4
 1bb868f8
 1bbd01d6
 1bc0ab97
 1bc462a11
 1bc921e9
 1bcce9010
 1bd098214
 1bd52f612
 1bd8bb713
 1bdc5af0
 1bf09be2
 1bf5c091
 1bf94265
 1bfde513
 1c0192f4
 1c0557b8
 1c09a836
 1c0d34d7
 1c10aa311
 1c149199
 1c17ec910
 1c1b38114
 1c1e6f512
 1c216c513
 1c2468f0
 1c36d832
 1c3a5051
 1c3d1975
 1c40c183
 1c43afa4
 1c46c548
 1c4abe96
 1c4e08d7
 1c5161211
 1c55c949
 1c5937910
 1c5cb9214
 1c615ec12
 1c64eac13
 1c686e00
 1c7c9c22
 1c81cf51
 1c856a05
 1c8a4993
 1c8dfae4
 1c91b168
 1c966206
 1c9a0ee7
 1c9dd0c11
 1ca25d59
 1ca5fa510
 1ca9a4814
 1cae54612
 1cb1ec813
 1cb57c10
 1cc9b292
 1ccecbb1
 1cd271c5
 1cd70b13
 1cda9f04
 1cde4448
 1ce29b66
 1ce60a57
 1ce978711
 1ced8139
 1cf0cb010
 1cf413814
 1cf7c6312
 1cfad1c13
 1cfde2e0
 1d10c462
 1d14ba41
 1d1784c5
 1d2164a3
 1d249c94
 1d27ecf8
 1d2e2136
 1d31ae77
 1d354ce11
 1d39c3c9
 1d3d6d510
 1d411c314
 1d45c1a12
 1d4974113
 1d4d44b0
 1d61f5e2
 1d676831
 1d6b50f5
 1d703653
 1d742614
 1d781f08
 1d7ce4c6
 1d80c5d7
 1d84a3a11
 1d898079
 1d8d5c110
 1d912ce14
 1d95e2412
 1d999c313
 1d9d5ae0
 1db208e2
 1db772c1
 1dbb4175
 1dc01123
 1dc3ec54
 1dc7bb38
 1dcc1f96
 1dcfcce7
 1dd382f11
 1dd7a769
 1ddb28b10
 1ddebdb14
 1de25e912
 1de5af513
 1de8da20
 1dfbdf92
 1dff9eb1
 1e02a335
 1e067d63
 1e099de4
 1e0d00e8
 1e115286
 1e14f0b7
 1e1883b11
 1e1d1f69
 1e20cde10
 1e245c914
 1e2922612
 1e2cc2013
 1e307170
 1e451692
 1e4a8fe1
 1e4e6cd5
 1e536253
 1e573db4
 1e5b22d8
 1e5fff16
 1e63d117
 1e67b2211
 1e6c67c9
 1e7028a10
 1e73ffa14
 1e78e1512
 1e7cb2013
 1e808f40
 1e955172
 1e9abed1
 1e9eb3d5
 1ea38103
 1ea74af4
 1eab1328
 1eafac56
 1eb353b7
 1eb6e4511
 1ebb23b9
 1ebe95d10
 1ec1f5514
 1ec5e7a12
 1ec90b513
 1ecc39d0
 1edfc9b2
 1ee408e1
 1ee70605
 1eeaf363
 1eee30a4
 1ef17618
 1ef5b096
 1ef91da7
 1efc8e711
 1f00d919
 1f0457510
 1f07d9514
 1f0c5e812
 1f0ff2713
 1f139f50
 1f285082
 1f2dc2d1
 1f31ab95
 1f3690f3
 1f3a80b4
 1f3e79a8
 1f433f66
 1f472077
 1f4afe411
 1f4fdb19
 1f53b6b10
 1f5787814
 1f5c3ce12
 1f5ff6d13
 1f63b580
 1f786382
 1f7dcd61
 1f819c15
 1f866bc3
 1f8a46f4
 1f8e15d8
 1f927a36
 1f962787
 1f99dd911
 1f9e0209
 1fa183510
 1fa518514
 1fa8b9312
 1fac09f13
 1faf34c0
 1fc23a32
 1fc5f951
 1fc8fdd5
 1fccd803
 1fcff884
 1fd35b88
 1fd7ad26
 1fdb4b57
 1fdede511
 1fe37a09
 1fe728810
 1feab7314
 1fef7d012
 1ff31ca13
 1ff6cc10
 200b7132
 2010ea81
 2014c775
 2019bcf3
 201d9854
 20217d78
 202659b6
 202a2bb7
 202e0cc11
 2032c269
 203683410
 203a5a414
 203f3bf12
 20430ca13
 2046e9e0
 205bac12
 20611971
 20650e75
 2069dba3
 206da594
 20716dc8
 207606f6
 2079ae57
 207d3ef11
 20817e59
 2084f0710
 20884ff14
 208c42412
 208f65f13
 20929470
 20a62452
 20aa6381
 20ad60a5
 20b14e03
 20b48b44
 20b7d0b8
 20bc0b36
 20bf7847
 20c2e9111
 20c733b9
 20cab1f10
 20ce33f14
 20d2b9212
 20d64d113
 20d9f9f0
 20eeab22
 20f41d71
 20f80635
 20fceb93
 2100db54
 2104d448
 21099a06
 210d7b17
 211158e11
 211635b9
 211a11510
 211de2214
 212297812
 212651713
 212a1020
 213ebe22
 21442801
 2147f6b5
 214cc663
 2150a194
 21547078
 2158d4d6
 215c8227
 216038311
 21645ca9
 2167ddf10
 216b72f14
 216f13d12
 217264913
 21758f60
 218894d2
 218c53f1
 218f5875
 219332a3
 21965324
 2199b628
 219e07c6
 21a1a5f7
 21a538f11
 21a9d4a9
 21ad83210
 21b111d14
 21b5d7a12
 21b977413
 21bd26b0
 21d1cbd2
 21d74521
 21db2215
 21e01793
 21e3f2f4
 21e7d818
 21ecb456
 21f08657
 21f467611
 21f91d09
 21fcdde10
 2200b4e14
 220596912
 220967413
 220d4480
 222206b2
 22277411
 222b6915
 22303643
 22340034
 2237c868
 223c6196
 224008f7
 224399911
 2247d8f9
 224b4b110
 224eaa914
 22529ce12
 2255c0913
 2258ef10
 226c7ef2
 22737821
 2276b685
 227a9ec3
 227dbe54
 2280de88
 2284e346
 22882367
 228b67211
 228fa5c9
 2292f6b10
 22964d914
 229aa7f12
 229e2a513
 22a1b3f0
 22b4a2b2
 22b9adb1
 22bd2325
 22c1d893
 22c57e54
 22c925c8
 22cda7c6
 22d14267
 22d4e3d11
 22d99929
 22dd43b10
 22e0d1514
 22e550f12
 22e8cae13
 22ec5440
 22ff5512
 23047001
 2307e425
 230c6443
 230ff024
 231380b8
 2317b786
 231b1ab7
 231e90c11
 23228bd9
 2325e1e10
 232926d14
 232c4c812
 232f38713
 23322830
 234363a2
 2346cf91
 23497705
 234d0333
 234fdd44
 2352e518
 2356e6a6
 235a2587
 235d7ce11
 2361dff9
 23655be10
 2368c7e14
 236d39a12
 23708e313
 2373eeb0
 2386db52
 238bfbd1
 238f7005
 23943043
 2397d144
 239b7208
 23a00876
 23a393e7
 23a73f411
 23abb869
 23af3b010
 23b2c9f14
 23b75fd12
 23bad4413
 23be4bf0
 23d14492
 23d65141
 23d9da25
 23de66d3
 23e1f7f4
 23e59ab8
 23e9e276
 23ed4197
 23f08bf11
 23f47ba9
 23f7b2210
 23fadaa14
 23fe79812
 24016bd13
 24046340
 24160c02
 2419ef41
 241c9125
 242054c3
 24235ec4
 24266898
 242a5906
 242d86f7
 2430ba411
 2434e6e9
 243824210
 243b6a214
 243fb2712
 244322513
 24469610
 245984d2
 245e8fd1
 24620545
 2466bab3
 246a6074
 246e07e8
 247289e6
 24762487
 2479c5f11
 247e7b49
 248225d10
 2485b3714
 248a33112
 248dad013
 24913660
 24a43732
 24a95221
 24acc645
 24b14663
 24b4d244
 24b862d8
 24bc99a6
 24bffcd7
 24c372e11
 24c76df9
 24cac4010
 24ce08f14
 24d12ea12
 24d41a913
 24d70a50
 24e845c2
 24ebb1b1
 24ee5925
 24f1e553
 24f4bf64
 24f7c738
 24fbc8c6
 24ff07a7
 25025f011
 2506c219
 250a3e010
 250daa014
 25121bc12
 251570513
 2518d0d0
 252bbd72
 2530ddf1
 25345225
 25391263
 253cb364
 25405428
 2544ea96
 25487607
 254c21611
 25509a89
 25541d210
 2557ac114
 255c41f12
 255fb6613
 25632e10
 257626b2
 257b3361
 257ebc45
 258348f3
 2586da14
 258a7cd8
 258ec496
 259223b7
 25956e111
 25995dc9
 259c94410
 259fbcc14
 25a35ba12
 25a64df13
 25a94560
 25baee22
 25bed161
 25c17345
 25c536e3
 25c840e4
 25cb4ab8
 25cf3b26
 25d26917
 25d59c611
 25d9c909
 25dd06410
 25e04c414
 25e494912
 25e804713
 25eb7830
 25fe66f2
 260371f1
 2606e765
 260b9cd3
 260f4294
 2612ea08
 26176c06
 261b06a7
 261ea8111
 26235d69
 262707f10
 262a95914
 262f15312
 26328f213
 26361880
 26491952
 264e3441
 2651a865
 26562883
 2659b464
 265d44f8
 26617bc6
 2664def7
 266855011
 266c5019
 266fa6210
 2672eb114
 267610c12
 2678fcb13
 267bec70
 268d27e2
 269093d1
 26933b45
 2696c773
 2699a184
 269ca958
 26a0aae6
 26a3e9c7
 26a741211
 26aba439
 26af20210
 26b28c214
 26b6fde12
 26ba52713
 26bdb2f0
 26d09f92
 26d5c011
 26d93445
 26ddf483
 26e19584
 26e53648
 26e9ccb6
 26ed5827
 26f103811
 26f57ca9
 26f8ff410
 26fc8e314
 270124112
 270498813
